#
# There is insufficient memory for the Java Runtime Environment to continue.
# Native memory allocation (malloc) failed to allocate 997936 bytes for Chunk::new
# Possible reasons:
#   The system is out of physical RAM or swap space
#   The process is running with CompressedOops enabled, and the Java Heap may be blocking the growth of the native heap
# Possible solutions:
#   Reduce memory load on the system
#   Increase physical memory or swap space
#   Check if swap backing store is full
#   Decrease Java heap size (-Xmx/-Xms)
#   Decrease number of Java threads
#   Decrease Java thread stack sizes (-Xss)
#   Set larger code cache with -XX:ReservedCodeCacheSize=
#   JVM is running with Unscaled Compressed Oops mode in which the Java heap is
#     placed in the first 4GB address space. The Java Heap base address is the
#     maximum limit for the native heap growth. Please use -XX:HeapBaseMinAddress
#     to set the Java Heap base and to place the Java Heap above 4GB virtual address.
# This output file may be truncated or incomplete.
#
#  Out of Memory Error (./src/hotspot/share/memory/arena.cpp:197), pid=13944, tid=10924
#
# JRE version: OpenJDK Runtime Environment (11.0.12+7) (build 11.0.12+7-b1504.28-7817840)
# Java VM: OpenJDK 64-Bit Server VM (11.0.12+7-b1504.28-7817840, mixed mode, tiered, compressed oops, g1 gc, windows-amd64)
# No core dump will be written. Minidumps are not enabled by default on client versions of Windows
#

---------------  S U M M A R Y ------------

Command Line: --add-opens=java.base/java.util=ALL-UNNAMED --add-opens=java.base/java.lang=ALL-UNNAMED --add-opens=java.base/java.lang.invoke=ALL-UNNAMED --add-opens=java.base/java.util=ALL-UNNAMED --add-opens=java.prefs/java.util.prefs=ALL-UNNAMED --add-opens=java.prefs/java.util.prefs=ALL-UNNAMED --add-opens=java.base/java.nio.charset=ALL-UNNAMED --add-opens=java.base/java.net=ALL-UNNAMED --add-opens=java.base/java.util.concurrent.atomic=ALL-UNNAMED -Xmx2048m -Dfile.encoding=UTF-8 -Duser.country=IN -Duser.language=en -Duser.variant org.gradle.launcher.daemon.bootstrap.GradleDaemon 7.1

Host: Intel(R) Core(TM) i5-10300H CPU @ 2.50GHz, 8 cores, 7G,  Windows 10 , 64 bit Build 22000 (10.0.22000.708)
Time: Tue Jul 26 12:14:20 2022 India Standard Time elapsed time: 2.907062 seconds (0d 0h 0m 2s)

---------------  T H R E A D  ---------------

Current thread (0x000001ac70441800):  JavaThread "C2 CompilerThread0" daemon [_thread_in_native, id=10924, stack(0x00000029d1200000,0x00000029d1300000)]


Current CompileTask:
C2:   2907 2551  s!   4       jdk.internal.loader.URLClassPath::getLoader (194 bytes)

Stack: [0x00000029d1200000,0x00000029d1300000]
Native frames: (J=compiled Java code, j=interpreted, Vv=VM code, C=native code)
V  [jvm.dll+0x5fbcea]
V  [jvm.dll+0x731905]
V  [jvm.dll+0x732f1d]
V  [jvm.dll+0x7335d3]
V  [jvm.dll+0x247bf8]
V  [jvm.dll+0xc018c]
V  [jvm.dll+0xc06cc]
V  [jvm.dll+0x35b31d]
V  [jvm.dll+0x19d0bc]
V  [jvm.dll+0x20070e]
V  [jvm.dll+0x1ff794]
V  [jvm.dll+0x18868c]
V  [jvm.dll+0x20e0d7]
V  [jvm.dll+0x20c901]
V  [jvm.dll+0x6f9b7f]
V  [jvm.dll+0x6f26a5]
V  [jvm.dll+0x5fabf6]
C  [ucrtbase.dll+0x26c0c]
C  [KERNEL32.DLL+0x154e0]
C  [ntdll.dll+0x485b]


---------------  P R O C E S S  ---------------

Threads class SMR info:
_java_thread_list=0x000001ac74be04b0, length=32, elements={
0x000001ac55f9c800, 0x000001ac7041e800, 0x000001ac7042c800, 0x000001ac70da2800,
0x000001ac7043d800, 0x000001ac7043e800, 0x000001ac70441800, 0x000001ac70443800,
0x000001ac7044b000, 0x000001ac70ee5800, 0x000001ac72d78800, 0x000001ac72d78000,
0x000001ac70fca800, 0x000001ac72d79800, 0x000001ac72d7d000, 0x000001ac72d7a800,
0x000001ac72d77000, 0x000001ac72d7b000, 0x000001ac72d7d800, 0x000001ac72d7c000,
0x000001ac747c5800, 0x000001ac747c6000, 0x000001ac747c7800, 0x000001ac747c7000,
0x000001ac747c3800, 0x000001ac747c8800, 0x000001ac747c9800, 0x000001ac747c4800,
0x000001ac747cb000, 0x000001ac740d5800, 0x000001ac747d0000, 0x000001ac747cc800
}

Java Threads: ( => current thread )
  0x000001ac55f9c800 JavaThread "main" [_thread_blocked, id=11636, stack(0x00000029d0600000,0x00000029d0700000)]
  0x000001ac7041e800 JavaThread "Reference Handler" daemon [_thread_blocked, id=1908, stack(0x00000029d0d00000,0x00000029d0e00000)]
  0x000001ac7042c800 JavaThread "Finalizer" daemon [_thread_blocked, id=17092, stack(0x00000029d0e00000,0x00000029d0f00000)]
  0x000001ac70da2800 JavaThread "Signal Dispatcher" daemon [_thread_blocked, id=2456, stack(0x00000029d0f00000,0x00000029d1000000)]
  0x000001ac7043d800 JavaThread "Attach Listener" daemon [_thread_blocked, id=7872, stack(0x00000029d1000000,0x00000029d1100000)]
  0x000001ac7043e800 JavaThread "Service Thread" daemon [_thread_blocked, id=8844, stack(0x00000029d1100000,0x00000029d1200000)]
=>0x000001ac70441800 JavaThread "C2 CompilerThread0" daemon [_thread_in_native, id=10924, stack(0x00000029d1200000,0x00000029d1300000)]
  0x000001ac70443800 JavaThread "C1 CompilerThread0" daemon [_thread_blocked, id=5600, stack(0x00000029d1300000,0x00000029d1400000)]
  0x000001ac7044b000 JavaThread "Sweeper thread" daemon [_thread_blocked, id=4496, stack(0x00000029d1400000,0x00000029d1500000)]
  0x000001ac70ee5800 JavaThread "Common-Cleaner" daemon [_thread_blocked, id=10636, stack(0x00000029d1500000,0x00000029d1600000)]
  0x000001ac72d78800 JavaThread "Daemon health stats" [_thread_blocked, id=16036, stack(0x00000029d1b00000,0x00000029d1c00000)]
  0x000001ac72d78000 JavaThread "Incoming local TCP Connector on port 60575" [_thread_in_native, id=15564, stack(0x00000029d1700000,0x00000029d1800000)]
  0x000001ac70fca800 JavaThread "C2 CompilerThread1" daemon [_thread_in_native, id=9444, stack(0x00000029d1800000,0x00000029d1900000)]
  0x000001ac72d79800 JavaThread "Daemon periodic checks" [_thread_blocked, id=6960, stack(0x00000029d1c00000,0x00000029d1d00000)]
  0x000001ac72d7d000 JavaThread "Daemon" [_thread_blocked, id=2316, stack(0x00000029d1d00000,0x00000029d1e00000)]
  0x000001ac72d7a800 JavaThread "Handler for socket connection from /127.0.0.1:60575 to /127.0.0.1:60576" [_thread_in_native, id=13036, stack(0x00000029d1e00000,0x00000029d1f00000)]
  0x000001ac72d77000 JavaThread "Cancel handler" [_thread_blocked, id=11696, stack(0x00000029d1f00000,0x00000029d2000000)]
  0x000001ac72d7b000 JavaThread "Daemon worker" [_thread_in_vm, id=10824, stack(0x00000029d2000000,0x00000029d2100000)]
  0x000001ac72d7d800 JavaThread "Asynchronous log dispatcher for DefaultDaemonConnection: socket connection from /127.0.0.1:60575 to /127.0.0.1:60576" [_thread_blocked, id=8904, stack(0x00000029d2100000,0x00000029d2200000)]
  0x000001ac72d7c000 JavaThread "Stdin handler" [_thread_blocked, id=16004, stack(0x00000029d2200000,0x00000029d2300000)]
  0x000001ac747c5800 JavaThread "Daemon client event forwarder" [_thread_blocked, id=16760, stack(0x00000029d2300000,0x00000029d2400000)]
  0x000001ac747c6000 JavaThread "Cache worker for journal cache (C:\Users\Santosh Sharma\.gradle\caches\journal-1)" [_thread_blocked, id=8676, stack(0x00000029d2900000,0x00000029d2a00000)]
  0x000001ac747c7800 JavaThread "File lock request listener" [_thread_in_native, id=15104, stack(0x00000029d2a00000,0x00000029d2b00000)]
  0x000001ac747c7000 JavaThread "Cache worker for file hash cache (C:\Users\Santosh Sharma\.gradle\caches\7.1\fileHashes)" [_thread_blocked, id=13748, stack(0x00000029d2b00000,0x00000029d2c00000)]
  0x000001ac747c3800 JavaThread "Cache worker for file hash cache (D:\MyProjects\smoxstyler-android\.gradle\7.1\fileHashes)" [_thread_blocked, id=15416, stack(0x00000029d2d00000,0x00000029d2e00000)]
  0x000001ac747c8800 JavaThread "File watcher server" daemon [_thread_in_native, id=14184, stack(0x00000029d2e00000,0x00000029d2f00000)]
  0x000001ac747c9800 JavaThread "File watcher consumer" daemon [_thread_blocked, id=9420, stack(0x00000029d2f00000,0x00000029d3000000)]
  0x000001ac747c4800 JavaThread "Cache worker for checksums cache (D:\MyProjects\smoxstyler-android\.gradle\checksums)" [_thread_blocked, id=6308, stack(0x00000029d3000000,0x00000029d3100000)]
  0x000001ac747cb000 JavaThread "Cache worker for cache directory md-supplier (C:\Users\Santosh Sharma\.gradle\caches\7.1\md-supplier)" [_thread_blocked, id=14128, stack(0x00000029d3100000,0x00000029d3200000)]
  0x000001ac740d5800 JavaThread "C2 CompilerThread2" daemon [_thread_in_native, id=9572, stack(0x00000029d3200000,0x00000029d3300000)]
  0x000001ac747d0000 JavaThread "Cache worker for cache directory md-rule (C:\Users\Santosh Sharma\.gradle\caches\7.1\md-rule)" [_thread_blocked, id=16380, stack(0x00000029d3300000,0x00000029d3400000)]
  0x000001ac747cc800 JavaThread "Cache worker for execution history cache (C:\Users\Santosh Sharma\.gradle\caches\7.1\executionHistory)" [_thread_blocked, id=10980, stack(0x00000029d3400000,0x00000029d3500000)]

Other Threads:
  0x000001ac7041c800 VMThread "VM Thread" [stack: 0x00000029d0c00000,0x00000029d0d00000] [id=14012]
  0x000001ac70f0d800 WatcherThread [stack: 0x00000029d1600000,0x00000029d1700000] [id=7232]
  0x000001ac55fb5800 GCTaskThread "GC Thread#0" [stack: 0x00000029d0700000,0x00000029d0800000] [id=5256]
  0x000001ac71b45000 GCTaskThread "GC Thread#1" [stack: 0x00000029d1900000,0x00000029d1a00000] [id=14392]
  0x000001ac71b45800 GCTaskThread "GC Thread#2" [stack: 0x00000029d1a00000,0x00000029d1b00000] [id=10056]
  0x000001ac73fa1800 GCTaskThread "GC Thread#3" [stack: 0x00000029d2400000,0x00000029d2500000] [id=14692]
  0x000001ac73813000 GCTaskThread "GC Thread#4" [stack: 0x00000029d2500000,0x00000029d2600000] [id=1144]
  0x000001ac72847000 GCTaskThread "GC Thread#5" [stack: 0x00000029d2600000,0x00000029d2700000] [id=4272]
  0x000001ac73e11000 GCTaskThread "GC Thread#6" [stack: 0x00000029d2700000,0x00000029d2800000] [id=3028]
  0x000001ac72d9f000 GCTaskThread "GC Thread#7" [stack: 0x00000029d2800000,0x00000029d2900000] [id=15804]
  0x000001ac55fea000 ConcurrentGCThread "G1 Main Marker" [stack: 0x00000029d0800000,0x00000029d0900000] [id=3352]
  0x000001ac55feb000 ConcurrentGCThread "G1 Conc#0" [stack: 0x00000029d0900000,0x00000029d0a00000] [id=5912]
  0x000001ac73672000 ConcurrentGCThread "G1 Conc#1" [stack: 0x00000029d2c00000,0x00000029d2d00000] [id=15228]
  0x000001ac70270800 ConcurrentGCThread "G1 Refine#0" [stack: 0x00000029d0a00000,0x00000029d0b00000] [id=11184]
  0x000001ac70271800 ConcurrentGCThread "G1 Young RemSet Sampling" [stack: 0x00000029d0b00000,0x00000029d0c00000] [id=9596]

Threads with active compile tasks:
C2 CompilerThread0   2920 2551  s!   4       jdk.internal.loader.URLClassPath::getLoader (194 bytes)
C2 CompilerThread1   2920 2740   !   4       sun.net.www.ParseUtil::decode (317 bytes)
C2 CompilerThread2   2920 2532       4       jdk.internal.loader.URLClassPath::getResource (74 bytes)

VM state:not at safepoint (normal execution)

VM Mutex/Monitor currently owned by a thread: None

Heap address: 0x0000000080000000, size: 2048 MB, Compressed Oops mode: 32-bit
Narrow klass base: 0x0000000000000000, Narrow klass shift: 3
Compressed class space size: 1073741824 Address: 0x0000000100000000

Heap:
 garbage-first heap   total 129024K, used 65749K [0x0000000080000000, 0x0000000100000000)
  region size 1024K, 51 young (52224K), 4 survivors (4096K)
 Metaspace       used 33781K, capacity 34454K, committed 34688K, reserved 1079296K
  class space    used 4395K, capacity 4652K, committed 4736K, reserved 1048576K
Heap Regions: E=young(eden), S=young(survivor), O=old, HS=humongous(starts), HC=humongous(continues), CS=collection set, F=free, A=archive, TAMS=top-at-mark-start (previous, next)
|   0|0x0000000080000000, 0x0000000080100000, 0x0000000080100000|100%| O|  |TAMS 0x0000000080100000, 0x0000000080000000| Untracked 
|   1|0x0000000080100000, 0x0000000080200000, 0x0000000080200000|100%| O|  |TAMS 0x0000000080200000, 0x0000000080100000| Untracked 
|   2|0x0000000080200000, 0x0000000080300000, 0x0000000080300000|100%| O|  |TAMS 0x0000000080300000, 0x0000000080200000| Untracked 
|   3|0x0000000080300000, 0x0000000080400000, 0x0000000080400000|100%|HS|  |TAMS 0x0000000080400000, 0x0000000080300000| Complete 
|   4|0x0000000080400000, 0x0000000080500000, 0x0000000080500000|100%|HC|  |TAMS 0x0000000080500000, 0x0000000080400000| Complete 
|   5|0x0000000080500000, 0x0000000080600000, 0x0000000080600000|100%|HC|  |TAMS 0x0000000080600000, 0x0000000080500000| Complete 
|   6|0x0000000080600000, 0x0000000080700000, 0x0000000080700000|100%| O|  |TAMS 0x0000000080700000, 0x0000000080600000| Untracked 
|   7|0x0000000080700000, 0x0000000080800000, 0x0000000080800000|100%| O|  |TAMS 0x0000000080800000, 0x0000000080700000| Untracked 
|   8|0x0000000080800000, 0x0000000080900000, 0x0000000080900000|100%| O|  |TAMS 0x0000000080900000, 0x0000000080800000| Untracked 
|   9|0x0000000080900000, 0x0000000080a00000, 0x0000000080a00000|100%| O|  |TAMS 0x0000000080a00000, 0x0000000080900000| Untracked 
|  10|0x0000000080a00000, 0x0000000080b00000, 0x0000000080b00000|100%| O|  |TAMS 0x0000000080b00000, 0x0000000080a00000| Untracked 
|  11|0x0000000080b00000, 0x0000000080c00000, 0x0000000080c00000|100%| O|  |TAMS 0x0000000080c00000, 0x0000000080b00000| Untracked 
|  12|0x0000000080c00000, 0x0000000080d00000, 0x0000000080d00000|100%| O|  |TAMS 0x0000000080d00000, 0x0000000080c00000| Untracked 
|  13|0x0000000080d00000, 0x0000000080e00000, 0x0000000080e00000|100%| O|  |TAMS 0x0000000080e00000, 0x0000000080d00000| Untracked 
|  14|0x0000000080e00000, 0x0000000080f00000, 0x0000000080f00000|100%| O|  |TAMS 0x0000000080f00000, 0x0000000080e00000| Untracked 
|  15|0x0000000080f00000, 0x0000000080f27800, 0x0000000081000000| 15%| O|  |TAMS 0x0000000080f27800, 0x0000000080f00000| Untracked 
|  16|0x0000000081000000, 0x0000000081000000, 0x0000000081100000|  0%| F|  |TAMS 0x0000000081000000, 0x0000000081000000| Untracked 
|  17|0x0000000081100000, 0x0000000081100000, 0x0000000081200000|  0%| F|  |TAMS 0x0000000081100000, 0x0000000081100000| Untracked 
|  18|0x0000000081200000, 0x0000000081200000, 0x0000000081300000|  0%| F|  |TAMS 0x0000000081200000, 0x0000000081200000| Untracked 
|  19|0x0000000081300000, 0x0000000081300000, 0x0000000081400000|  0%| F|  |TAMS 0x0000000081300000, 0x0000000081300000| Untracked 
|  20|0x0000000081400000, 0x0000000081400000, 0x0000000081500000|  0%| F|  |TAMS 0x0000000081400000, 0x0000000081400000| Untracked 
|  21|0x0000000081500000, 0x0000000081500000, 0x0000000081600000|  0%| F|  |TAMS 0x0000000081500000, 0x0000000081500000| Untracked 
|  22|0x0000000081600000, 0x0000000081600000, 0x0000000081700000|  0%| F|  |TAMS 0x0000000081600000, 0x0000000081600000| Untracked 
|  23|0x0000000081700000, 0x0000000081700000, 0x0000000081800000|  0%| F|  |TAMS 0x0000000081700000, 0x0000000081700000| Untracked 
|  24|0x0000000081800000, 0x0000000081800000, 0x0000000081900000|  0%| F|  |TAMS 0x0000000081800000, 0x0000000081800000| Untracked 
|  25|0x0000000081900000, 0x0000000081900000, 0x0000000081a00000|  0%| F|  |TAMS 0x0000000081900000, 0x0000000081900000| Untracked 
|  26|0x0000000081a00000, 0x0000000081a00000, 0x0000000081b00000|  0%| F|  |TAMS 0x0000000081a00000, 0x0000000081a00000| Untracked 
|  27|0x0000000081b00000, 0x0000000081b00000, 0x0000000081c00000|  0%| F|  |TAMS 0x0000000081b00000, 0x0000000081b00000| Untracked 
|  28|0x0000000081c00000, 0x0000000081c00000, 0x0000000081d00000|  0%| F|  |TAMS 0x0000000081c00000, 0x0000000081c00000| Untracked 
|  29|0x0000000081d00000, 0x0000000081d00000, 0x0000000081e00000|  0%| F|  |TAMS 0x0000000081d00000, 0x0000000081d00000| Untracked 
|  30|0x0000000081e00000, 0x0000000081e00000, 0x0000000081f00000|  0%| F|  |TAMS 0x0000000081e00000, 0x0000000081e00000| Untracked 
|  31|0x0000000081f00000, 0x0000000081f00000, 0x0000000082000000|  0%| F|  |TAMS 0x0000000081f00000, 0x0000000081f00000| Untracked 
|  32|0x0000000082000000, 0x0000000082000000, 0x0000000082100000|  0%| F|  |TAMS 0x0000000082000000, 0x0000000082000000| Untracked 
|  33|0x0000000082100000, 0x0000000082100000, 0x0000000082200000|  0%| F|  |TAMS 0x0000000082100000, 0x0000000082100000| Untracked 
|  34|0x0000000082200000, 0x0000000082200000, 0x0000000082300000|  0%| F|  |TAMS 0x0000000082200000, 0x0000000082200000| Untracked 
|  35|0x0000000082300000, 0x0000000082300000, 0x0000000082400000|  0%| F|  |TAMS 0x0000000082300000, 0x0000000082300000| Untracked 
|  36|0x0000000082400000, 0x0000000082400000, 0x0000000082500000|  0%| F|  |TAMS 0x0000000082400000, 0x0000000082400000| Untracked 
|  37|0x0000000082500000, 0x0000000082500000, 0x0000000082600000|  0%| F|  |TAMS 0x0000000082500000, 0x0000000082500000| Untracked 
|  38|0x0000000082600000, 0x0000000082600000, 0x0000000082700000|  0%| F|  |TAMS 0x0000000082600000, 0x0000000082600000| Untracked 
|  39|0x0000000082700000, 0x0000000082700000, 0x0000000082800000|  0%| F|  |TAMS 0x0000000082700000, 0x0000000082700000| Untracked 
|  40|0x0000000082800000, 0x0000000082800000, 0x0000000082900000|  0%| F|  |TAMS 0x0000000082800000, 0x0000000082800000| Untracked 
|  41|0x0000000082900000, 0x0000000082900000, 0x0000000082a00000|  0%| F|  |TAMS 0x0000000082900000, 0x0000000082900000| Untracked 
|  42|0x0000000082a00000, 0x0000000082a00000, 0x0000000082b00000|  0%| F|  |TAMS 0x0000000082a00000, 0x0000000082a00000| Untracked 
|  43|0x0000000082b00000, 0x0000000082b00000, 0x0000000082c00000|  0%| F|  |TAMS 0x0000000082b00000, 0x0000000082b00000| Untracked 
|  44|0x0000000082c00000, 0x0000000082c00000, 0x0000000082d00000|  0%| F|  |TAMS 0x0000000082c00000, 0x0000000082c00000| Untracked 
|  45|0x0000000082d00000, 0x0000000082d00000, 0x0000000082e00000|  0%| F|  |TAMS 0x0000000082d00000, 0x0000000082d00000| Untracked 
|  46|0x0000000082e00000, 0x0000000082e00000, 0x0000000082f00000|  0%| F|  |TAMS 0x0000000082e00000, 0x0000000082e00000| Untracked 
|  47|0x0000000082f00000, 0x0000000082f00000, 0x0000000083000000|  0%| F|  |TAMS 0x0000000082f00000, 0x0000000082f00000| Untracked 
|  48|0x0000000083000000, 0x0000000083000000, 0x0000000083100000|  0%| F|  |TAMS 0x0000000083000000, 0x0000000083000000| Untracked 
|  49|0x0000000083100000, 0x0000000083100000, 0x0000000083200000|  0%| F|  |TAMS 0x0000000083100000, 0x0000000083100000| Untracked 
|  50|0x0000000083200000, 0x0000000083200000, 0x0000000083300000|  0%| F|  |TAMS 0x0000000083200000, 0x0000000083200000| Untracked 
|  51|0x0000000083300000, 0x0000000083300000, 0x0000000083400000|  0%| F|  |TAMS 0x0000000083300000, 0x0000000083300000| Untracked 
|  52|0x0000000083400000, 0x0000000083400000, 0x0000000083500000|  0%| F|  |TAMS 0x0000000083400000, 0x0000000083400000| Untracked 
|  53|0x0000000083500000, 0x0000000083500000, 0x0000000083600000|  0%| F|  |TAMS 0x0000000083500000, 0x0000000083500000| Untracked 
|  54|0x0000000083600000, 0x0000000083600000, 0x0000000083700000|  0%| F|  |TAMS 0x0000000083600000, 0x0000000083600000| Untracked 
|  55|0x0000000083700000, 0x0000000083700000, 0x0000000083800000|  0%| F|  |TAMS 0x0000000083700000, 0x0000000083700000| Untracked 
|  56|0x0000000083800000, 0x0000000083800000, 0x0000000083900000|  0%| F|  |TAMS 0x0000000083800000, 0x0000000083800000| Untracked 
|  57|0x0000000083900000, 0x0000000083900000, 0x0000000083a00000|  0%| F|  |TAMS 0x0000000083900000, 0x0000000083900000| Untracked 
|  58|0x0000000083a00000, 0x0000000083a00000, 0x0000000083b00000|  0%| F|  |TAMS 0x0000000083a00000, 0x0000000083a00000| Untracked 
|  59|0x0000000083b00000, 0x0000000083b00000, 0x0000000083c00000|  0%| F|  |TAMS 0x0000000083b00000, 0x0000000083b00000| Untracked 
|  60|0x0000000083c00000, 0x0000000083c00000, 0x0000000083d00000|  0%| F|  |TAMS 0x0000000083c00000, 0x0000000083c00000| Untracked 
|  61|0x0000000083d00000, 0x0000000083d00000, 0x0000000083e00000|  0%| F|  |TAMS 0x0000000083d00000, 0x0000000083d00000| Untracked 
|  62|0x0000000083e00000, 0x0000000083e00000, 0x0000000083f00000|  0%| F|  |TAMS 0x0000000083e00000, 0x0000000083e00000| Untracked 
|  63|0x0000000083f00000, 0x0000000083f00000, 0x0000000084000000|  0%| F|  |TAMS 0x0000000083f00000, 0x0000000083f00000| Untracked 
|  64|0x0000000084000000, 0x000000008400dc70, 0x0000000084100000|  5%| S|CS|TAMS 0x0000000084000000, 0x0000000084000000| Complete 
|  65|0x0000000084100000, 0x0000000084200000, 0x0000000084200000|100%| S|CS|TAMS 0x0000000084100000, 0x0000000084100000| Complete 
|  66|0x0000000084200000, 0x0000000084300000, 0x0000000084300000|100%| S|CS|TAMS 0x0000000084200000, 0x0000000084200000| Complete 
|  67|0x0000000084300000, 0x0000000084400000, 0x0000000084400000|100%| S|CS|TAMS 0x0000000084300000, 0x0000000084300000| Complete 
|  68|0x0000000084400000, 0x0000000084400000, 0x0000000084500000|  0%| F|  |TAMS 0x0000000084400000, 0x0000000084400000| Untracked 
|  69|0x0000000084500000, 0x0000000084500000, 0x0000000084600000|  0%| F|  |TAMS 0x0000000084500000, 0x0000000084500000| Untracked 
|  70|0x0000000084600000, 0x0000000084600000, 0x0000000084700000|  0%| F|  |TAMS 0x0000000084600000, 0x0000000084600000| Untracked 
|  71|0x0000000084700000, 0x0000000084700000, 0x0000000084800000|  0%| F|  |TAMS 0x0000000084700000, 0x0000000084700000| Untracked 
|  72|0x0000000084800000, 0x0000000084800000, 0x0000000084900000|  0%| F|  |TAMS 0x0000000084800000, 0x0000000084800000| Untracked 
|  73|0x0000000084900000, 0x0000000084900000, 0x0000000084a00000|  0%| F|  |TAMS 0x0000000084900000, 0x0000000084900000| Untracked 
|  74|0x0000000084a00000, 0x0000000084a00000, 0x0000000084b00000|  0%| F|  |TAMS 0x0000000084a00000, 0x0000000084a00000| Untracked 
|  75|0x0000000084b00000, 0x0000000084b00000, 0x0000000084c00000|  0%| F|  |TAMS 0x0000000084b00000, 0x0000000084b00000| Untracked 
|  76|0x0000000084c00000, 0x0000000084c00000, 0x0000000084d00000|  0%| F|  |TAMS 0x0000000084c00000, 0x0000000084c00000| Untracked 
|  77|0x0000000084d00000, 0x0000000084d00000, 0x0000000084e00000|  0%| F|  |TAMS 0x0000000084d00000, 0x0000000084d00000| Untracked 
|  78|0x0000000084e00000, 0x0000000084e00000, 0x0000000084f00000|  0%| F|  |TAMS 0x0000000084e00000, 0x0000000084e00000| Untracked 
|  79|0x0000000084f00000, 0x0000000085000000, 0x0000000085000000|100%| E|  |TAMS 0x0000000084f00000, 0x0000000084f00000| Complete 
|  80|0x0000000085000000, 0x0000000085100000, 0x0000000085100000|100%| E|CS|TAMS 0x0000000085000000, 0x0000000085000000| Complete 
|  81|0x0000000085100000, 0x0000000085200000, 0x0000000085200000|100%| E|CS|TAMS 0x0000000085100000, 0x0000000085100000| Complete 
|  82|0x0000000085200000, 0x0000000085300000, 0x0000000085300000|100%| E|CS|TAMS 0x0000000085200000, 0x0000000085200000| Complete 
|  83|0x0000000085300000, 0x0000000085400000, 0x0000000085400000|100%| E|CS|TAMS 0x0000000085300000, 0x0000000085300000| Complete 
|  84|0x0000000085400000, 0x0000000085500000, 0x0000000085500000|100%| E|CS|TAMS 0x0000000085400000, 0x0000000085400000| Complete 
|  85|0x0000000085500000, 0x0000000085600000, 0x0000000085600000|100%| E|CS|TAMS 0x0000000085500000, 0x0000000085500000| Complete 
|  86|0x0000000085600000, 0x0000000085700000, 0x0000000085700000|100%| E|CS|TAMS 0x0000000085600000, 0x0000000085600000| Complete 
|  87|0x0000000085700000, 0x0000000085800000, 0x0000000085800000|100%| E|CS|TAMS 0x0000000085700000, 0x0000000085700000| Complete 
|  88|0x0000000085800000, 0x0000000085900000, 0x0000000085900000|100%| E|CS|TAMS 0x0000000085800000, 0x0000000085800000| Complete 
|  89|0x0000000085900000, 0x0000000085a00000, 0x0000000085a00000|100%| E|CS|TAMS 0x0000000085900000, 0x0000000085900000| Complete 
|  90|0x0000000085a00000, 0x0000000085b00000, 0x0000000085b00000|100%| E|CS|TAMS 0x0000000085a00000, 0x0000000085a00000| Complete 
|  91|0x0000000085b00000, 0x0000000085c00000, 0x0000000085c00000|100%| E|CS|TAMS 0x0000000085b00000, 0x0000000085b00000| Complete 
|  92|0x0000000085c00000, 0x0000000085d00000, 0x0000000085d00000|100%| E|CS|TAMS 0x0000000085c00000, 0x0000000085c00000| Complete 
|  93|0x0000000085d00000, 0x0000000085e00000, 0x0000000085e00000|100%| E|CS|TAMS 0x0000000085d00000, 0x0000000085d00000| Complete 
|  94|0x0000000085e00000, 0x0000000085f00000, 0x0000000085f00000|100%| E|CS|TAMS 0x0000000085e00000, 0x0000000085e00000| Complete 
|  95|0x0000000085f00000, 0x0000000086000000, 0x0000000086000000|100%| E|CS|TAMS 0x0000000085f00000, 0x0000000085f00000| Complete 
|  96|0x0000000086000000, 0x0000000086100000, 0x0000000086100000|100%| E|CS|TAMS 0x0000000086000000, 0x0000000086000000| Complete 
|  97|0x0000000086100000, 0x0000000086200000, 0x0000000086200000|100%| E|CS|TAMS 0x0000000086100000, 0x0000000086100000| Complete 
|  98|0x0000000086200000, 0x0000000086300000, 0x0000000086300000|100%| E|CS|TAMS 0x0000000086200000, 0x0000000086200000| Complete 
|  99|0x0000000086300000, 0x0000000086400000, 0x0000000086400000|100%| E|CS|TAMS 0x0000000086300000, 0x0000000086300000| Complete 
| 100|0x0000000086400000, 0x0000000086500000, 0x0000000086500000|100%| E|CS|TAMS 0x0000000086400000, 0x0000000086400000| Complete 
| 101|0x0000000086500000, 0x0000000086600000, 0x0000000086600000|100%| E|CS|TAMS 0x0000000086500000, 0x0000000086500000| Complete 
| 102|0x0000000086600000, 0x0000000086700000, 0x0000000086700000|100%| E|CS|TAMS 0x0000000086600000, 0x0000000086600000| Complete 
| 103|0x0000000086700000, 0x0000000086800000, 0x0000000086800000|100%| E|CS|TAMS 0x0000000086700000, 0x0000000086700000| Complete 
| 104|0x0000000086800000, 0x0000000086900000, 0x0000000086900000|100%| E|CS|TAMS 0x0000000086800000, 0x0000000086800000| Complete 
| 105|0x0000000086900000, 0x0000000086a00000, 0x0000000086a00000|100%| E|CS|TAMS 0x0000000086900000, 0x0000000086900000| Complete 
| 106|0x0000000086a00000, 0x0000000086b00000, 0x0000000086b00000|100%| E|CS|TAMS 0x0000000086a00000, 0x0000000086a00000| Complete 
| 107|0x0000000086b00000, 0x0000000086c00000, 0x0000000086c00000|100%| E|CS|TAMS 0x0000000086b00000, 0x0000000086b00000| Complete 
| 108|0x0000000086c00000, 0x0000000086d00000, 0x0000000086d00000|100%| E|CS|TAMS 0x0000000086c00000, 0x0000000086c00000| Complete 
| 109|0x0000000086d00000, 0x0000000086e00000, 0x0000000086e00000|100%| E|CS|TAMS 0x0000000086d00000, 0x0000000086d00000| Complete 
| 110|0x0000000086e00000, 0x0000000086f00000, 0x0000000086f00000|100%| E|CS|TAMS 0x0000000086e00000, 0x0000000086e00000| Complete 
| 111|0x0000000086f00000, 0x0000000087000000, 0x0000000087000000|100%| E|CS|TAMS 0x0000000086f00000, 0x0000000086f00000| Complete 
| 112|0x0000000087000000, 0x0000000087100000, 0x0000000087100000|100%| E|CS|TAMS 0x0000000087000000, 0x0000000087000000| Complete 
| 113|0x0000000087100000, 0x0000000087200000, 0x0000000087200000|100%| E|CS|TAMS 0x0000000087100000, 0x0000000087100000| Complete 
| 114|0x0000000087200000, 0x0000000087300000, 0x0000000087300000|100%| E|CS|TAMS 0x0000000087200000, 0x0000000087200000| Complete 
| 115|0x0000000087300000, 0x0000000087400000, 0x0000000087400000|100%| E|CS|TAMS 0x0000000087300000, 0x0000000087300000| Complete 
| 116|0x0000000087400000, 0x0000000087500000, 0x0000000087500000|100%| E|CS|TAMS 0x0000000087400000, 0x0000000087400000| Complete 
| 117|0x0000000087500000, 0x0000000087600000, 0x0000000087600000|100%| E|CS|TAMS 0x0000000087500000, 0x0000000087500000| Complete 
| 118|0x0000000087600000, 0x0000000087700000, 0x0000000087700000|100%| E|CS|TAMS 0x0000000087600000, 0x0000000087600000| Complete 
| 119|0x0000000087700000, 0x0000000087800000, 0x0000000087800000|100%| E|CS|TAMS 0x0000000087700000, 0x0000000087700000| Complete 
| 120|0x0000000087800000, 0x0000000087900000, 0x0000000087900000|100%| E|CS|TAMS 0x0000000087800000, 0x0000000087800000| Complete 
| 121|0x0000000087900000, 0x0000000087a00000, 0x0000000087a00000|100%| E|CS|TAMS 0x0000000087900000, 0x0000000087900000| Complete 
| 122|0x0000000087a00000, 0x0000000087b00000, 0x0000000087b00000|100%| E|CS|TAMS 0x0000000087a00000, 0x0000000087a00000| Complete 
| 123|0x0000000087b00000, 0x0000000087c00000, 0x0000000087c00000|100%| E|CS|TAMS 0x0000000087b00000, 0x0000000087b00000| Complete 
| 124|0x0000000087c00000, 0x0000000087d00000, 0x0000000087d00000|100%| E|CS|TAMS 0x0000000087c00000, 0x0000000087c00000| Complete 
| 125|0x0000000087d00000, 0x0000000087e00000, 0x0000000087e00000|100%| E|CS|TAMS 0x0000000087d00000, 0x0000000087d00000| Complete 

Card table byte_map: [0x000001ac691e0000,0x000001ac695e0000] _byte_map_base: 0x000001ac68de0000

Marking Bits (Prev, Next): (CMBitMap*) 0x000001ac55fe11e0, (CMBitMap*) 0x000001ac55fe11a8
 Prev Bits: [0x000001ac6b9e0000, 0x000001ac6d9e0000)
 Next Bits: [0x000001ac699e0000, 0x000001ac6b9e0000)

Polling page: 0x000001ac53f80000

Metaspace:

Usage:
  Non-class:     29.10 MB capacity,    28.70 MB ( 99%) used,   348.24 KB (  1%) free+waste,    66.81 KB ( <1%) overhead. 
      Class:      4.54 MB capacity,     4.29 MB ( 94%) used,   224.96 KB (  5%) free+waste,    32.94 KB ( <1%) overhead. 
       Both:     33.65 MB capacity,    32.99 MB ( 98%) used,   573.20 KB (  2%) free+waste,    99.75 KB ( <1%) overhead. 

Virtual space:
  Non-class space:       30.00 MB reserved,      29.25 MB ( 98%) committed 
      Class space:        1.00 GB reserved,       4.63 MB ( <1%) committed 
             Both:        1.03 GB reserved,      33.88 MB (  3%) committed 

Chunk freelists:
   Non-Class:  20.00 KB
       Class:  18.00 KB
        Both:  38.00 KB

MaxMetaspaceSize: 17179869184.00 GB
CompressedClassSpaceSize: 1.00 GB
Initial GC threshold: 20.80 MB
Current GC threshold: 35.00 MB
CDS: off

CodeHeap 'non-profiled nmethods': size=120000Kb used=1478Kb max_used=1478Kb free=118521Kb
 bounds [0x000001ac61580000, 0x000001ac617f0000, 0x000001ac68ab0000]
CodeHeap 'profiled nmethods': size=120000Kb used=5844Kb max_used=5844Kb free=114156Kb
 bounds [0x000001ac5a050000, 0x000001ac5a610000, 0x000001ac61580000]
CodeHeap 'non-nmethods': size=5760Kb used=1243Kb max_used=1290Kb free=4516Kb
 bounds [0x000001ac59ab0000, 0x000001ac59d20000, 0x000001ac5a050000]
 total_blobs=3276 nmethods=2761 adapters=427
 compilation: enabled
              stopped_count=0, restarted_count=0
 full_count=0

Compilation events (20 events):
Event: 2.876 Thread 0x000001ac70443800 2746       3       org.codehaus.groovy.runtime.metaclass.NewMetaMethod::<init> (56 bytes)
Event: 2.876 Thread 0x000001ac70443800 nmethod 2746 0x000001ac5a5fb590 code [0x000001ac5a5fb7e0, 0x000001ac5a5fc158]
Event: 2.876 Thread 0x000001ac70fca800 nmethod 2739 0x000001ac616f0310 code [0x000001ac616f04c0, 0x000001ac616f0ca8]
Event: 2.876 Thread 0x000001ac70443800 2747       3       org.codehaus.groovy.runtime.metaclass.ReflectionMetaMethod::<init> (18 bytes)
Event: 2.876 Thread 0x000001ac70fca800 2740   !   4       sun.net.www.ParseUtil::decode (317 bytes)
Event: 2.877 Thread 0x000001ac70443800 nmethod 2747 0x000001ac5a5fc490 code [0x000001ac5a5fc680, 0x000001ac5a5fcbe8]
Event: 2.880 Thread 0x000001ac70443800 2748       3       jdk.internal.misc.Unsafe::pickPos (14 bytes)
Event: 2.880 Thread 0x000001ac70443800 nmethod 2748 0x000001ac5a5fce10 code [0x000001ac5a5fcfc0, 0x000001ac5a5fd0b8]
Event: 2.880 Thread 0x000001ac70443800 2749       3       java.util.zip.Inflater::<init> (24 bytes)
Event: 2.880 Thread 0x000001ac70443800 nmethod 2749 0x000001ac5a5fd190 code [0x000001ac5a5fd360, 0x000001ac5a5fd5f8]
Event: 2.886 Thread 0x000001ac70443800 2752       3       java.lang.invoke.VarHandleGuards::guard_LL_V (103 bytes)
Event: 2.888 Thread 0x000001ac70443800 nmethod 2752 0x000001ac5a5fd710 code [0x000001ac5a5fda80, 0x000001ac5a5ff448]
Event: 2.892 Thread 0x000001ac70443800 2753       3       org.codehaus.groovy.reflection.CachedClass$3$$Lambda$226/0x000000010043a840::apply (12 bytes)
Event: 2.892 Thread 0x000001ac70443800 nmethod 2753 0x000001ac5a5ffd10 code [0x000001ac5a5fff00, 0x000001ac5a6003f8]
Event: 2.892 Thread 0x000001ac70443800 2754       3       org.codehaus.groovy.reflection.CachedClass$3::lambda$initValue$2 (13 bytes)
Event: 2.892 Thread 0x000001ac70443800 nmethod 2754 0x000001ac5a600590 code [0x000001ac5a600760, 0x000001ac5a600af8]
Event: 2.892 Thread 0x000001ac70443800 2755       3       org.codehaus.groovy.reflection.CachedMethod::<init> (20 bytes)
Event: 2.892 Thread 0x000001ac70443800 nmethod 2755 0x000001ac5a600c90 code [0x000001ac5a600e60, 0x000001ac5a601138]
Event: 2.906 Thread 0x000001ac70443800 2756       3       java.lang.PublicMethods::toArray (76 bytes)
Event: 2.906 Thread 0x000001ac70443800 nmethod 2756 0x000001ac5a601290 code [0x000001ac5a6014c0, 0x000001ac5a601d58]

GC Heap History (8 events):
Event: 0.523 GC heap before
{Heap before GC invocations=0 (full 0):
 garbage-first heap   total 129024K, used 29696K [0x0000000080000000, 0x0000000100000000)
  region size 1024K, 24 young (24576K), 0 survivors (0K)
 Metaspace       used 10226K, capacity 10427K, committed 10624K, reserved 1058816K
  class space    used 1065K, capacity 1141K, committed 1152K, reserved 1048576K
}
Event: 0.528 GC heap after
{Heap after GC invocations=1 (full 0):
 garbage-first heap   total 129024K, used 9159K [0x0000000080000000, 0x0000000100000000)
  region size 1024K, 3 young (3072K), 3 survivors (3072K)
 Metaspace       used 10226K, capacity 10427K, committed 10624K, reserved 1058816K
  class space    used 1065K, capacity 1141K, committed 1152K, reserved 1048576K
}
Event: 1.648 GC heap before
{Heap before GC invocations=1 (full 0):
 garbage-first heap   total 129024K, used 82887K [0x0000000080000000, 0x0000000100000000)
  region size 1024K, 75 young (76800K), 3 survivors (3072K)
 Metaspace       used 17427K, capacity 17798K, committed 18048K, reserved 1064960K
  class space    used 2048K, capacity 2154K, committed 2176K, reserved 1048576K
}
Event: 1.654 GC heap after
{Heap after GC invocations=2 (full 0):
 garbage-first heap   total 129024K, used 15982K [0x0000000080000000, 0x0000000100000000)
  region size 1024K, 10 young (10240K), 10 survivors (10240K)
 Metaspace       used 17427K, capacity 17798K, committed 18048K, reserved 1064960K
  class space    used 2048K, capacity 2154K, committed 2176K, reserved 1048576K
}
Event: 1.869 GC heap before
{Heap before GC invocations=2 (full 0):
 garbage-first heap   total 129024K, used 43630K [0x0000000080000000, 0x0000000100000000)
  region size 1024K, 38 young (38912K), 10 survivors (10240K)
 Metaspace       used 20700K, capacity 21110K, committed 21248K, reserved 1067008K
  class space    used 2547K, capacity 2709K, committed 2816K, reserved 1048576K
}
Event: 1.876 GC heap after
{Heap after GC invocations=3 (full 0):
 garbage-first heap   total 129024K, used 16716K [0x0000000080000000, 0x0000000100000000)
  region size 1024K, 2 young (2048K), 2 survivors (2048K)
 Metaspace       used 20700K, capacity 21110K, committed 21248K, reserved 1067008K
  class space    used 2547K, capacity 2709K, committed 2816K, reserved 1048576K
}
Event: 2.323 GC heap before
{Heap before GC invocations=4 (full 0):
 garbage-first heap   total 129024K, used 73036K [0x0000000080000000, 0x0000000100000000)
  region size 1024K, 58 young (59392K), 2 survivors (2048K)
 Metaspace       used 26156K, capacity 26739K, committed 27008K, reserved 1073152K
  class space    used 3436K, capacity 3653K, committed 3712K, reserved 1048576K
}
Event: 2.325 GC heap after
{Heap after GC invocations=5 (full 0):
 garbage-first heap   total 129024K, used 18645K [0x0000000080000000, 0x0000000100000000)
  region size 1024K, 4 young (4096K), 4 survivors (4096K)
 Metaspace       used 26156K, capacity 26739K, committed 27008K, reserved 1073152K
  class space    used 3436K, capacity 3653K, committed 3712K, reserved 1048576K
}

Deoptimization events (20 events):
Event: 2.723 Thread 0x000001ac72d7b000 DEOPT PACKING pc=0x000001ac61665ffc sp=0x00000029d20f9ab0
Event: 2.723 Thread 0x000001ac72d7b000 DEOPT UNPACKING pc=0x000001ac59afa1af sp=0x00000029d20f9970 mode 2
Event: 2.724 Thread 0x000001ac72d7b000 Uncommon trap: trap_request=0xffffffde fr.pc=0x000001ac61665ffc relative=0x0000000000001a7c
Event: 2.724 Thread 0x000001ac72d7b000 Uncommon trap: reason=class_check action=maybe_recompile pc=0x000001ac61665ffc method=java.io.BufferedInputStream.read([BII)I @ 101 c2
Event: 2.724 Thread 0x000001ac72d7b000 DEOPT PACKING pc=0x000001ac61665ffc sp=0x00000029d20f9ab0
Event: 2.724 Thread 0x000001ac72d7b000 DEOPT UNPACKING pc=0x000001ac59afa1af sp=0x00000029d20f9970 mode 2
Event: 2.724 Thread 0x000001ac72d7b000 Uncommon trap: trap_request=0xffffffde fr.pc=0x000001ac61665ffc relative=0x0000000000001a7c
Event: 2.724 Thread 0x000001ac72d7b000 Uncommon trap: reason=class_check action=maybe_recompile pc=0x000001ac61665ffc method=java.io.BufferedInputStream.read([BII)I @ 101 c2
Event: 2.724 Thread 0x000001ac72d7b000 DEOPT PACKING pc=0x000001ac61665ffc sp=0x00000029d20f9ab0
Event: 2.724 Thread 0x000001ac72d7b000 DEOPT UNPACKING pc=0x000001ac59afa1af sp=0x00000029d20f9970 mode 2
Event: 2.724 Thread 0x000001ac72d7b000 Uncommon trap: trap_request=0xffffffde fr.pc=0x000001ac61665ffc relative=0x0000000000001a7c
Event: 2.724 Thread 0x000001ac72d7b000 Uncommon trap: reason=class_check action=maybe_recompile pc=0x000001ac61665ffc method=java.io.BufferedInputStream.read([BII)I @ 101 c2
Event: 2.724 Thread 0x000001ac72d7b000 DEOPT PACKING pc=0x000001ac61665ffc sp=0x00000029d20f9ab0
Event: 2.724 Thread 0x000001ac72d7b000 DEOPT UNPACKING pc=0x000001ac59afa1af sp=0x00000029d20f9970 mode 2
Event: 2.868 Thread 0x000001ac72d7b000 Uncommon trap: trap_request=0xffffff4d fr.pc=0x000001ac6169c2e4 relative=0x0000000000005224
Event: 2.868 Thread 0x000001ac72d7b000 Uncommon trap: reason=unstable_if action=reinterpret pc=0x000001ac6169c2e4 method=jdk.internal.loader.BuiltinClassLoader.loadClassOrNull(Ljava/lang/String;Z)Ljava/lang/Class; @ 42 c2
Event: 2.868 Thread 0x000001ac72d7b000 DEOPT PACKING pc=0x000001ac6169c2e4 sp=0x00000029d20f5870
Event: 2.868 Thread 0x000001ac72d7b000 DEOPT UNPACKING pc=0x000001ac59afa1af sp=0x00000029d20f5700 mode 2
Event: 2.871 Thread 0x000001ac72d7b000 DEOPT PACKING pc=0x000001ac5a1276fa sp=0x00000029d20f7760
Event: 2.871 Thread 0x000001ac72d7b000 DEOPT UNPACKING pc=0x000001ac59afa95e sp=0x00000029d20f6d50 mode 0

Classes redefined (0 events):
No events

Internal exceptions (20 events):
Event: 2.160 Thread 0x000001ac72d7b000 Exception <a 'java/lang/NoSuchMethodError'{0x00000000854ab588}: 'void java.lang.invoke.DirectMethodHandle$Holder.invokeStaticInit(java.lang.Object, java.lang.Object)'> (0x00000000854ab588) thrown at [./src/hotspot/share/interpreter/linkResolver.cpp, line 773]
Event: 2.225 Thread 0x000001ac72d7b000 Exception <a 'java/lang/NoSuchMethodError'{0x0000000084e54ec8}: 'void java.lang.invoke.DirectMethodHandle$Holder.invokeStatic(java.lang.Object, java.lang.Object, java.lang.Object, java.lang.Object)'> (0x0000000084e54ec8) thrown at [./src/hotspot/share/interpreter/linkResolver.cpp, line 773]
Event: 2.227 Thread 0x000001ac72d7b000 Exception <a 'java/lang/NoSuchMethodError'{0x0000000084e689a8}: 'int java.lang.invoke.DirectMethodHandle$Holder.invokeInterface(java.lang.Object, java.lang.Object)'> (0x0000000084e689a8) thrown at [./src/hotspot/share/interpreter/linkResolver.cpp, line 773]
Event: 2.240 Thread 0x000001ac72d7b000 Exception <a 'java/lang/NoSuchMethodError'{0x0000000084d61a48}: 'java.lang.Object java.lang.invoke.DirectMethodHandle$Holder.invokeSpecial(java.lang.Object, java.lang.Object, int, java.lang.Object, java.lang.Object, java.lang.Object)'> (0x0000000084d61a48) thrown at [./src/hotspot/share/interpreter/linkResolver.cpp, line 773]
Event: 2.241 Thread 0x000001ac72d7b000 Exception <a 'java/lang/NoSuchMethodError'{0x0000000084d6cbf0}: 'java.lang.Object java.lang.invoke.DirectMethodHandle$Holder.invokeStatic(java.lang.Object, java.lang.Object, int, java.lang.Object)'> (0x0000000084d6cbf0) thrown at [./src/hotspot/share/interpreter/linkResolver.cpp, line 773]
Event: 2.242 Thread 0x000001ac72d7b000 Exception <a 'java/lang/NoSuchMethodError'{0x0000000084d73690}: 'java.lang.Object java.lang.invoke.Invokers$Holder.linkToTargetMethod(java.lang.Object, int, java.lang.Object, java.lang.Object)'> (0x0000000084d73690) thrown at [./src/hotspot/share/interpreter/linkResolver.cpp, line 773]
Event: 2.257 Thread 0x000001ac72d7b000 Implicit null exception at 0x000001ac6160f08e to 0x000001ac6160feba
Event: 2.335 Thread 0x000001ac72d7b000 Exception <a 'java/lang/NoSuchMethodError'{0x0000000087dec470}: 'java.lang.Object java.lang.invoke.DirectMethodHandle$Holder.invokeSpecialIFC(java.lang.Object, java.lang.Object, java.lang.Object, java.lang.Object)'> (0x0000000087dec470) thrown at [./src/hotspot/share/interpreter/linkResolver.cpp, line 773]
Event: 2.340 Thread 0x000001ac72d7b000 Exception <a 'java/lang/NoSuchMethodError'{0x0000000087cebe48}: 'java.lang.Object java.lang.invoke.DirectMethodHandle$Holder.invokeSpecial(java.lang.Object, java.lang.Object, java.lang.Object, java.lang.Object, java.lang.Object, java.lang.Object, java.lang.Object, java.lang.Object, java.lang.Object, java.lang.Object, java.lang.Object, java.lang.Object, java.lang.Object)'> (0x0000000087cebe48) thrown at [./src/hotspot/share/interpreter/linkResolver.cpp, line 773]
Event: 2.341 Thread 0x000001ac72d7b000 Exception <a 'java/lang/NoSuchMethodError'{0x0000000087cfcca8}: 'java.lang.Object java.lang.invoke.DirectMethodHandle$Holder.invokeSpecial(java.lang.Object, java.lang.Object, java.lang.Object, java.lang.Object, java.lang.Object, java.lang.Object, java.lang.Object, java.lang.Object, java.lang.Object, java.lang.Object, java.lang.Object, java.lang.Object)'> (0x0000000087cfcca8) thrown at [./src/hotspot/share/interpreter/linkResolver.cpp, line 773]
Event: 2.341 Thread 0x000001ac72d7b000 Exception <a 'java/lang/NoSuchMethodError'{0x0000000087b02298}: 'java.lang.Object java.lang.invoke.Invokers$Holder.linkToTargetMethod(java.lang.Object, java.lang.Object, java.lang.Object, java.lang.Object, java.lang.Object, java.lang.Object, java.lang.Object, java.lang.Object, java.lang.Object, java.lang.Object, java.lang.Object)'> (0x0000000087b02298) thrown at [./src/hotspot/share/interpreter/linkResolver.cpp, line 773]
Event: 2.350 Thread 0x000001ac72d7b000 Exception <a 'java/lang/NoSuchMethodError'{0x0000000087a43188}: 'java.lang.Object java.lang.invoke.DirectMethodHandle$Holder.invokeSpecial(java.lang.Object, java.lang.Object, java.lang.Object, java.lang.Object, java.lang.Object, java.lang.Object, java.lang.Object, java.lang.Object, java.lang.Object, java.lang.Object, java.lang.Object, java.lang.Object, java.lang.Object, java.lang.Object)'> (0x0000000087a43188) thrown at [./src/hotspot/share/interpreter/linkResolver.cpp, line 773]
Event: 2.351 Thread 0x000001ac72d7b000 Exception <a 'java/lang/NoSuchMethodError'{0x0000000087a54800}: 'java.lang.Object java.lang.invoke.Invokers$Holder.linkToTargetMethod(java.lang.Object, java.lang.Object, java.lang.Object, java.lang.Object, java.lang.Object, java.lang.Object, java.lang.Object, java.lang.Object, java.lang.Object, java.lang.Object, java.lang.Object, java.lang.Object)'> (0x0000000087a54800) thrown at [./src/hotspot/share/interpreter/linkResolver.cpp, line 773]
Event: 2.356 Thread 0x000001ac72d7b000 Exception <a 'java/lang/NoSuchMethodError'{0x0000000087ae7418}: 'java.lang.Object java.lang.invoke.DirectMethodHandle$Holder.invokeStaticInit(java.lang.Object, java.lang.Object, java.lang.Object, java.lang.Object)'> (0x0000000087ae7418) thrown at [./src/hotspot/share/interpreter/linkResolver.cpp, line 773]
Event: 2.416 Thread 0x000001ac72d7b000 Implicit null exception at 0x000001ac61672375 to 0x000001ac6167253c
Event: 2.762 Thread 0x000001ac72d7b000 Exception <a 'java/lang/NoSuchMethodError'{0x000000008550d778}: 'void java.lang.invoke.DirectMethodHandle$Holder.invokeStaticInit(java.lang.Object, java.lang.Object, java.lang.Object)'> (0x000000008550d778) thrown at [./src/hotspot/share/interpreter/linkResolver.cpp, line 773]
Event: 2.763 Thread 0x000001ac72d7b000 Exception <a 'java/lang/NoSuchMethodError'{0x0000000085514550}: 'void java.lang.invoke.DirectMethodHandle$Holder.invokeStaticInit(java.lang.Object, java.lang.Object, java.lang.Object, java.lang.Object)'> (0x0000000085514550) thrown at [./src/hotspot/share/interpreter/linkResolver.cpp, line 773]
Event: 2.766 Thread 0x000001ac72d7b000 Exception <a 'java/lang/NoSuchMethodError'{0x0000000085536ba8}: 'void java.lang.invoke.DirectMethodHandle$Holder.invokeStaticInit(java.lang.Object, java.lang.Object, java.lang.Object, java.lang.Object, java.lang.Object)'> (0x0000000085536ba8) thrown at [./src/hotspot/share/interpreter/linkResolver.cpp, line 773]
Event: 2.796 Thread 0x000001ac72d7b000 Exception <a 'java/lang/NoSuchMethodError'{0x0000000085599500}: 'int java.lang.invoke.DirectMethodHandle$Holder.invokeStaticInit(java.lang.Object, java.lang.Object, java.lang.Object, java.lang.Object)'> (0x0000000085599500) thrown at [./src/hotspot/share/interpreter/linkResolver.cpp, line 773]
Event: 2.797 Thread 0x000001ac72d7b000 Exception <a 'java/lang/IncompatibleClassChangeError'{0x00000000855a2a60}: Found class java.lang.Object, but interface was expected> (0x00000000855a2a60) thrown at [./src/hotspot/share/interpreter/linkResolver.cpp, line 839]

Events (20 events):
Event: 2.904 loading class java/awt/ImageCapabilities done
Event: 2.904 loading class java/awt/image/VolatileImage
Event: 2.904 loading class java/awt/image/VolatileImage done
Event: 2.904 loading class java/awt/AWTException
Event: 2.904 loading class java/awt/AWTException done
Event: 2.904 loading class java/awt/BufferCapabilities
Event: 2.904 loading class java/awt/BufferCapabilities done
Event: 2.904 loading class java/awt/image/BufferStrategy
Event: 2.904 loading class java/awt/image/BufferStrategy done
Event: 2.904 loading class java/awt/event/ComponentListener
Event: 2.904 loading class java/awt/event/ComponentListener done
Event: 2.904 loading class java/awt/event/FocusListener
Event: 2.904 loading class java/awt/event/FocusListener done
Event: 2.905 loading class java/awt/event/ItemListener
Event: 2.905 loading class java/awt/event/ItemListener done
Event: 2.905 loading class javax/swing/event/ListDataEvent
Event: 2.905 loading class javax/swing/event/ListDataEvent done
Event: 2.906 loading class java/awt/event/ActionEvent
Event: 2.906 loading class java/awt/event/ActionEvent done
Event: 2.906 loading class javax/swing/TransferHandler


Dynamic libraries:
0x00007ff6bf0c0000 - 0x00007ff6bf0ca000 	C:\Program Files\Android\Android Studio\jre\bin\java.exe
0x00007ffb5ff60000 - 0x00007ffb60169000 	C:\Windows\SYSTEM32\ntdll.dll
0x00007ffb5e770000 - 0x00007ffb5e82d000 	C:\Windows\System32\KERNEL32.DLL
0x00007ffb5d470000 - 0x00007ffb5d7e9000 	C:\Windows\System32\KERNELBASE.dll
0x00007ffb5dbe0000 - 0x00007ffb5dcf1000 	C:\Windows\System32\ucrtbase.dll
0x00007ffb35ee0000 - 0x00007ffb35ef7000 	C:\Program Files\Android\Android Studio\jre\bin\VCRUNTIME140.dll
0x00007ffb32e00000 - 0x00007ffb32e19000 	C:\Program Files\Android\Android Studio\jre\bin\jli.dll
0x00007ffb5fd50000 - 0x00007ffb5fefc000 	C:\Windows\System32\USER32.dll
0x00007ffb4d410000 - 0x00007ffb4d6b5000 	C:\Windows\WinSxS\amd64_microsoft.windows.common-controls_6595b64144ccf1df_6.0.22000.120_none_9d947278b86cc467\COMCTL32.dll
0x00007ffb5d440000 - 0x00007ffb5d466000 	C:\Windows\System32\win32u.dll
0x00007ffb5f920000 - 0x00007ffb5f9c3000 	C:\Windows\System32\msvcrt.dll
0x00007ffb5ea10000 - 0x00007ffb5ea39000 	C:\Windows\System32\GDI32.dll
0x00007ffb5d7f0000 - 0x00007ffb5d902000 	C:\Windows\System32\gdi32full.dll
0x00007ffb5db40000 - 0x00007ffb5dbdd000 	C:\Windows\System32\msvcp_win.dll
0x00007ffb5ea50000 - 0x00007ffb5ea81000 	C:\Windows\System32\IMM32.DLL
0x00007ffb2bdf0000 - 0x00007ffb2be8d000 	C:\Program Files\Android\Android Studio\jre\bin\msvcp140.dll
0x00007ffb098d0000 - 0x00007ffb0a3b5000 	C:\Program Files\Android\Android Studio\jre\bin\server\jvm.dll
0x00007ffb5e590000 - 0x00007ffb5e63e000 	C:\Windows\System32\ADVAPI32.dll
0x00007ffb5fbe0000 - 0x00007ffb5fc7e000 	C:\Windows\System32\sechost.dll
0x00007ffb5f800000 - 0x00007ffb5f920000 	C:\Windows\System32\RPCRT4.dll
0x00007ffb5ea40000 - 0x00007ffb5ea48000 	C:\Windows\System32\PSAPI.DLL
0x00007ffb59a50000 - 0x00007ffb59a59000 	C:\Windows\SYSTEM32\WSOCK32.dll
0x00007ffb588b0000 - 0x00007ffb588e3000 	C:\Windows\SYSTEM32\WINMM.dll
0x00007ffb57090000 - 0x00007ffb5709a000 	C:\Windows\SYSTEM32\VERSION.dll
0x00007ffb5fc80000 - 0x00007ffb5fcef000 	C:\Windows\System32\WS2_32.dll
0x00007ffb5c630000 - 0x00007ffb5c648000 	C:\Windows\SYSTEM32\kernel.appcore.dll
0x00007ffb42a90000 - 0x00007ffb42aa1000 	C:\Program Files\Android\Android Studio\jre\bin\verify.dll
0x00007ffb5afb0000 - 0x00007ffb5b1d1000 	C:\Windows\SYSTEM32\DBGHELP.DLL
0x00007ffb567c0000 - 0x00007ffb567f1000 	C:\Windows\SYSTEM32\dbgcore.DLL
0x00007ffb5dd00000 - 0x00007ffb5dd7f000 	C:\Windows\System32\bcryptPrimitives.dll
0x00007ffb31870000 - 0x00007ffb31899000 	C:\Program Files\Android\Android Studio\jre\bin\java.dll
0x00007ffb56890000 - 0x00007ffb5689b000 	C:\Program Files\Android\Android Studio\jre\bin\jimage.dll
0x00007ffb429b0000 - 0x00007ffb429c8000 	C:\Program Files\Android\Android Studio\jre\bin\zip.dll
0x00007ffb5ebd0000 - 0x00007ffb5f388000 	C:\Windows\System32\SHELL32.dll
0x00007ffb5b5c0000 - 0x00007ffb5be27000 	C:\Windows\SYSTEM32\windows.storage.dll
0x00007ffb5f480000 - 0x00007ffb5f7f9000 	C:\Windows\System32\combase.dll
0x00007ffb5b450000 - 0x00007ffb5b5b6000 	C:\Windows\SYSTEM32\wintypes.dll
0x00007ffb5ddf0000 - 0x00007ffb5deda000 	C:\Windows\System32\SHCORE.dll
0x00007ffb5eab0000 - 0x00007ffb5eb0d000 	C:\Windows\System32\shlwapi.dll
0x00007ffb5d370000 - 0x00007ffb5d391000 	C:\Windows\SYSTEM32\profapi.dll
0x00007ffb3c810000 - 0x00007ffb3c82a000 	C:\Program Files\Android\Android Studio\jre\bin\net.dll
0x00007ffb57ef0000 - 0x00007ffb57ffc000 	C:\Windows\SYSTEM32\WINHTTP.dll
0x00007ffb5ca60000 - 0x00007ffb5cac7000 	C:\Windows\system32\mswsock.dll
0x00007ffb310a0000 - 0x00007ffb310b4000 	C:\Program Files\Android\Android Studio\jre\bin\nio.dll
0x00007ffb35f00000 - 0x00007ffb35f27000 	C:\Users\Santosh Sharma\.gradle\native\8bec1ad78214c89d9ad589b4d07fe93259594b29d510b10fafb7a158f7737e5d\windows-amd64\native-platform.dll
0x00007ffb1e3f0000 - 0x00007ffb1e52d000 	C:\Users\Santosh Sharma\.gradle\native\53dbd7edfb1c66fb8903c78663c9afc45aea4f116125fa6feffd364cf09443e8\windows-amd64\native-platform-file-events.dll
0x00007ffb565a0000 - 0x00007ffb565aa000 	C:\Program Files\Android\Android Studio\jre\bin\management.dll
0x00007ffb55f80000 - 0x00007ffb55f8d000 	C:\Program Files\Android\Android Studio\jre\bin\management_ext.dll
0x00007ffb5cca0000 - 0x00007ffb5ccb8000 	C:\Windows\SYSTEM32\CRYPTSP.dll
0x00007ffb5c590000 - 0x00007ffb5c5c5000 	C:\Windows\system32\rsaenh.dll
0x00007ffb5cb50000 - 0x00007ffb5cb79000 	C:\Windows\SYSTEM32\USERENV.dll
0x00007ffb5ce20000 - 0x00007ffb5ce47000 	C:\Windows\SYSTEM32\bcrypt.dll
0x00007ffb5ccc0000 - 0x00007ffb5cccc000 	C:\Windows\SYSTEM32\CRYPTBASE.dll
0x00007ffb5c160000 - 0x00007ffb5c18d000 	C:\Windows\SYSTEM32\IPHLPAPI.DLL
0x00007ffb5fb70000 - 0x00007ffb5fb79000 	C:\Windows\System32\NSI.dll
0x00007ffb57d70000 - 0x00007ffb57d89000 	C:\Windows\SYSTEM32\dhcpcsvc6.DLL
0x00007ffb58590000 - 0x00007ffb585ae000 	C:\Windows\SYSTEM32\dhcpcsvc.DLL
0x00007ffb5c190000 - 0x00007ffb5c278000 	C:\Windows\SYSTEM32\DNSAPI.dll

dbghelp: loaded successfully - version: 4.0.5 - missing functions: none
symbol engine: initialized successfully - sym options: 0x614 - pdb path: .;C:\Program Files\Android\Android Studio\jre\bin;C:\Windows\SYSTEM32;C:\Windows\WinSxS\amd64_microsoft.windows.common-controls_6595b64144ccf1df_6.0.22000.120_none_9d947278b86cc467;C:\Program Files\Android\Android Studio\jre\bin\server;C:\Users\Santosh Sharma\.gradle\native\8bec1ad78214c89d9ad589b4d07fe93259594b29d510b10fafb7a158f7737e5d\windows-amd64;C:\Users\Santosh Sharma\.gradle\native\53dbd7edfb1c66fb8903c78663c9afc45aea4f116125fa6feffd364cf09443e8\windows-amd64

VM Arguments:
jvm_args: --add-opens=java.base/java.util=ALL-UNNAMED --add-opens=java.base/java.lang=ALL-UNNAMED --add-opens=java.base/java.lang.invoke=ALL-UNNAMED --add-opens=java.base/java.util=ALL-UNNAMED --add-opens=java.prefs/java.util.prefs=ALL-UNNAMED --add-opens=java.prefs/java.util.prefs=ALL-UNNAMED --add-opens=java.base/java.nio.charset=ALL-UNNAMED --add-opens=java.base/java.net=ALL-UNNAMED --add-opens=java.base/java.util.concurrent.atomic=ALL-UNNAMED -Xmx2048m -Dfile.encoding=UTF-8 -Duser.country=IN -Duser.language=en -Duser.variant 
java_command: org.gradle.launcher.daemon.bootstrap.GradleDaemon 7.1
java_class_path (initial): C:\Users\Santosh Sharma\.gradle\wrapper\dists\gradle-7.1-bin\4pslxx9lrxt5svtz5wbnb6tkz\gradle-7.1\lib\gradle-launcher-7.1.jar
Launcher Type: SUN_STANDARD

[Global flags]
     intx CICompilerCount                          = 4                                         {product} {ergonomic}
     uint ConcGCThreads                            = 2                                         {product} {ergonomic}
     uint G1ConcRefinementThreads                  = 8                                         {product} {ergonomic}
   size_t G1HeapRegionSize                         = 1048576                                   {product} {ergonomic}
    uintx GCDrainStackTargetSize                   = 64                                        {product} {ergonomic}
   size_t InitialHeapSize                          = 132120576                                 {product} {ergonomic}
   size_t MarkStackSize                            = 4194304                                   {product} {ergonomic}
   size_t MaxHeapSize                              = 2147483648                                {product} {command line}
   size_t MaxNewSize                               = 1287651328                                {product} {ergonomic}
   size_t MinHeapDeltaBytes                        = 1048576                                   {product} {ergonomic}
    uintx NonNMethodCodeHeapSize                   = 5836300                                {pd product} {ergonomic}
    uintx NonProfiledCodeHeapSize                  = 122910970                              {pd product} {ergonomic}
    uintx ProfiledCodeHeapSize                     = 122910970                              {pd product} {ergonomic}
    uintx ReservedCodeCacheSize                    = 251658240                              {pd product} {ergonomic}
     bool SegmentedCodeCache                       = true                                      {product} {ergonomic}
     bool UseCompressedClassPointers               = true                                 {lp64_product} {ergonomic}
     bool UseCompressedOops                        = true                                 {lp64_product} {ergonomic}
     bool UseG1GC                                  = true                                      {product} {ergonomic}
     bool UseLargePagesIndividualAllocation        = false                                  {pd product} {ergonomic}

Logging:
Log output configuration:
 #0: stdout all=warning uptime,level,tags
 #1: stderr all=off uptime,level,tags

Environment Variables:
PATH=C:\Program Files\Common Files\Oracle\Java\javapath;C:\Program Files (x86)\Common Files\Oracle\Java\javapath;C:\Windows\system32;C:\Windows;C:\Windows\System32\Wbem;C:\Windows\System32\WindowsPowerShell\v1.0\;C:\Windows\System32\OpenSSH\;C:\Program Files\Git\cmd;C:\Users\Santosh Sharma\AppData\Local\Microsoft\WindowsApps;C:\Users\Santosh Sharma\AppData\Local\Programs\Microsoft VS Code\bin;C:\flutter\flutter\bin;
USERNAME=Santosh Sharma
OS=Windows_NT
PROCESSOR_IDENTIFIER=Intel64 Family 6 Model 165 Stepping 2, GenuineIntel



---------------  S Y S T E M  ---------------

OS: Windows 10 , 64 bit Build 22000 (10.0.22000.708)
OS uptime: 7 days 1:45 hours

CPU:total 8 (initial active 8) (4 cores per cpu, 2 threads per core) family 6 model 165 stepping 2 microcode 0xe0, cmov, cx8, fxsr, mmx, sse, sse2, sse3, ssse3, sse4.1, sse4.2, popcnt, avx, avx2, aes, clmul, erms, 3dnowpref, lzcnt, ht, tsc, tscinvbit, bmi1, bmi2, adx, fma

Memory: 4k page, system-wide physical 8029M (1187M free)
TotalPageFile size 32605M (AvailPageFile size 9M)
current process WorkingSet (physical memory assigned to process): 245M, peak: 249M
current process commit charge ("private bytes"): 311M, peak: 316M

vm_info: OpenJDK 64-Bit Server VM (11.0.12+7-b1504.28-7817840) for windows-amd64 JRE (11.0.12+7-b1504.28-7817840), built on Oct 13 2021 22:12:33 by "builder" with MS VC++ 14.0 (VS2015)

END.
