#
# There is insufficient memory for the Java Runtime Environment to continue.
# Native memory allocation (mmap) failed to map 58720256 bytes for Failed to commit area from 0x000000008dc00000 to 0x0000000091400000 of length 58720256.
# Possible reasons:
#   The system is out of physical RAM or swap space
#   The process is running with CompressedOops enabled, and the Java Heap may be blocking the growth of the native heap
# Possible solutions:
#   Reduce memory load on the system
#   Increase physical memory or swap space
#   Check if swap backing store is full
#   Decrease Java heap size (-Xmx/-Xms)
#   Decrease number of Java threads
#   Decrease Java thread stack sizes (-Xss)
#   Set larger code cache with -XX:ReservedCodeCacheSize=
#   JVM is running with Unscaled Compressed Oops mode in which the Java heap is
#     placed in the first 4GB address space. The Java Heap base address is the
#     maximum limit for the native heap growth. Please use -XX:HeapBaseMinAddress
#     to set the Java Heap base and to place the Java Heap above 4GB virtual address.
# This output file may be truncated or incomplete.
#
#  Out of Memory Error (./src/hotspot/os/windows/os_windows.cpp:3521), pid=8160, tid=13204
#
# JRE version: OpenJDK Runtime Environment (11.0.12+7) (build 11.0.12+7-b1504.28-7817840)
# Java VM: OpenJDK 64-Bit Server VM (11.0.12+7-b1504.28-7817840, mixed mode, tiered, compressed oops, g1 gc, windows-amd64)
# No core dump will be written. Minidumps are not enabled by default on client versions of Windows
#

---------------  S U M M A R Y ------------

Command Line: --add-opens=java.base/java.util=ALL-UNNAMED --add-opens=java.base/java.lang=ALL-UNNAMED --add-opens=java.base/java.lang.invoke=ALL-UNNAMED --add-opens=java.base/java.util=ALL-UNNAMED --add-opens=java.prefs/java.util.prefs=ALL-UNNAMED --add-opens=java.prefs/java.util.prefs=ALL-UNNAMED --add-opens=java.base/java.nio.charset=ALL-UNNAMED --add-opens=java.base/java.net=ALL-UNNAMED --add-opens=java.base/java.util.concurrent.atomic=ALL-UNNAMED -Xmx2048m -Dfile.encoding=UTF-8 -Duser.country=IN -Duser.language=en -Duser.variant org.gradle.launcher.daemon.bootstrap.GradleDaemon 7.1

Host: Intel(R) Core(TM) i5-10300H CPU @ 2.50GHz, 8 cores, 7G,  Windows 10 , 64 bit Build 22000 (10.0.22000.708)
Time: Tue Jul 26 12:10:51 2022 India Standard Time elapsed time: 18.087362 seconds (0d 0h 0m 18s)

---------------  T H R E A D  ---------------

Current thread (0x000002342794f800):  VMThread "VM Thread" [stack: 0x00000063f7100000,0x00000063f7200000] [id=13204]

Stack: [0x00000063f7100000,0x00000063f7200000]
[error occurred during error reporting (printing stack bounds), id 0xc0000005, EXCEPTION_ACCESS_VIOLATION (0xc0000005) at pc=0x0000023410fe112d]

Native frames: (J=compiled Java code, j=interpreted, Vv=VM code, C=native code)
V  [jvm.dll+0x5fbcea]
V  [jvm.dll+0x731905]
V  [jvm.dll+0x732f1d]
V  [jvm.dll+0x733535]
V  [jvm.dll+0x7334eb]
V  [jvm.dll+0x5fb080]
V  [jvm.dll+0x5fb818]
C  [ntdll.dll+0xa8eaf]
C  [ntdll.dll+0x35e9a]
C  [ntdll.dll+0xa7ebe]
C  0x0000023410fe112d

VM_Operation (0x00000063806fdd00): G1CollectForAllocation, mode: safepoint, requested by thread 0x0000023436253800


---------------  P R O C E S S  ---------------

Threads class SMR info:
_java_thread_list=0x0000023431293500, length=142, elements={
0x000002340d4cd000, 0x0000023427951000, 0x0000023427954800, 0x00000234282d2800,
0x000002342796f000, 0x0000023427970000, 0x000002342797b000, 0x00000234282f4800,
0x000002342798a000, 0x0000023428449000, 0x000002342ae1b000, 0x000002342855b800,
0x00000234285d1000, 0x000002342a425000, 0x000002342a0ba800, 0x000002342b39b000,
0x0000023429778000, 0x0000023428f43800, 0x000002342b322000, 0x000002342ae21800,
0x000002342ae20000, 0x000002342ae22000, 0x000002342ae26800, 0x000002342a7f1000,
0x000002342ae23000, 0x000002342ae24000, 0x000002342ae24800, 0x000002342ae25800,
0x000002342ae20800, 0x000002342a4b7000, 0x000002342a4b9800, 0x000002342a4b9000,
0x000002342a4ba800, 0x000002342a4b5000, 0x000002342a4b5800, 0x000002342a4c0000,
0x000002342a4c2000, 0x000002342a4c1000, 0x000002342a4bc000, 0x000002342a4bf800,
0x000002342a4be800, 0x000002342a4c2800, 0x000002342a4bd000, 0x000002342a4c3800,
0x000002342a4be000, 0x000002342d54f800, 0x000002342d550000, 0x000002342d551000,
0x000002342d553800, 0x000002342d54d800, 0x000002342d551800, 0x000002342d552800,
0x000002342d54e800, 0x000002342d558800, 0x000002342d559000, 0x000002342d556800,
0x000002342d55a000, 0x000002342d554000, 0x000002342d55a800, 0x000002342d557800,
0x000002342d555000, 0x000002342d55b800, 0x000002342d556000, 0x000002342d55c800,
0x000002342c194800, 0x000002342c198000, 0x000002342c196000, 0x000002342c195800,
0x000002342c193800, 0x000002342c197000, 0x000002342c192000, 0x000002342c198800,
0x000002342c193000, 0x000002342c19e800, 0x000002342c19d800, 0x000002342c19f000,
0x000002342c19a000, 0x000002342c19c000, 0x000002342c199800, 0x000002342c19b000,
0x000002342c1a0000, 0x000002342c1a0800, 0x000002342c19c800, 0x000002342bd02800,
0x000002342bd01800, 0x000002342bcff000, 0x000002342bd03000, 0x000002342bd01000,
0x000002342bd04000, 0x000002342bcfe800, 0x000002342bd05000, 0x000002342bd05800,
0x000002342bd00000, 0x000002342bd0a000, 0x000002342bd0a800, 0x000002342bd0c000,
0x000002342bd06800, 0x000002342bd0d000, 0x000002342bd08000, 0x000002342bd09000,
0x000002342bd0b800, 0x000002342bd07800, 0x000002342e95e000, 0x000002342e95f800,
0x000002342e95f000, 0x000002342e962000, 0x000002342e963000, 0x000002342e960800,
0x000002342e95d000, 0x000002342e966000, 0x000002342e964800, 0x000002342e965800,
0x000002342e963800, 0x000002342e967000, 0x000002342e961800, 0x000002342e968000,
0x000002342e96b000, 0x000002342e968800, 0x000002342e969800, 0x000002342e96a000,
0x000002342e96c000, 0x000002342d3de800, 0x0000023430b0f800, 0x000002342d3e0800,
0x000002342d3e2000, 0x000002342d3e1000, 0x000002342d3df800, 0x000002342d3dc000,
0x000002342d3e3000, 0x000002342d3de000, 0x000002342d3e9800, 0x000002342d3e5000,
0x000002342d3e7000, 0x000002342d3e4800, 0x000002342d3e3800, 0x000002342d3e8800,
0x000002342d3ea000, 0x000002342d3eb000, 0x000002342d3e6000, 0x000002342d3e7800,
0x0000023436253800, 0x0000023436254800
}

Java Threads: ( => current thread )
  0x000002340d4cd000 JavaThread "main" [_thread_blocked, id=5212, stack(0x00000063f6b00000,0x00000063f6c00000)]
  0x0000023427951000 JavaThread "Reference Handler" daemon [_thread_blocked, id=13708, stack(0x00000063f7200000,0x00000063f7300000)]
  0x0000023427954800 JavaThread "Finalizer" daemon [_thread_blocked, id=14224, stack(0x00000063f7300000,0x00000063f7400000)]
  0x00000234282d2800 JavaThread "Signal Dispatcher" daemon [_thread_blocked, id=6636, stack(0x00000063f7400000,0x00000063f7500000)]
  0x000002342796f000 JavaThread "Attach Listener" daemon [_thread_blocked, id=11432, stack(0x00000063f7500000,0x00000063f7600000)]
  0x0000023427970000 JavaThread "Service Thread" daemon [_thread_blocked, id=2716, stack(0x00000063f7600000,0x00000063f7700000)]
  0x000002342797b000 JavaThread "C2 CompilerThread0" daemon [_thread_in_native, id=3292, stack(0x00000063f7700000,0x00000063f7800000)]
  0x00000234282f4800 JavaThread "C1 CompilerThread0" daemon [_thread_blocked, id=6372, stack(0x00000063f7800000,0x00000063f7900000)]
  0x000002342798a000 JavaThread "Sweeper thread" daemon [_thread_blocked, id=15820, stack(0x00000063f7900000,0x00000063f7a00000)]
  0x0000023428449000 JavaThread "Common-Cleaner" daemon [_thread_blocked, id=16824, stack(0x00000063f7a00000,0x00000063f7b00000)]
  0x000002342ae1b000 JavaThread "Daemon health stats" [_thread_blocked, id=8184, stack(0x00000063f7d00000,0x00000063f7e00000)]
  0x000002342855b800 JavaThread "Incoming local TCP Connector on port 60519" [_thread_in_native, id=5548, stack(0x00000063f7c00000,0x00000063f7d00000)]
  0x00000234285d1000 JavaThread "Daemon periodic checks" [_thread_blocked, id=1636, stack(0x00000063f8000000,0x00000063f8100000)]
  0x000002342a425000 JavaThread "Daemon" [_thread_blocked, id=9928, stack(0x00000063f8100000,0x00000063f8200000)]
  0x000002342a0ba800 JavaThread "Handler for socket connection from /127.0.0.1:60519 to /127.0.0.1:60520" [_thread_in_native, id=16112, stack(0x00000063f8200000,0x00000063f8300000)]
  0x000002342b39b000 JavaThread "Cancel handler" [_thread_blocked, id=12688, stack(0x00000063f8300000,0x00000063f8400000)]
  0x0000023429778000 JavaThread "Daemon worker" [_thread_blocked, id=13072, stack(0x00000063f8400000,0x00000063f8500000)]
  0x0000023428f43800 JavaThread "Asynchronous log dispatcher for DefaultDaemonConnection: socket connection from /127.0.0.1:60519 to /127.0.0.1:60520" [_thread_blocked, id=12620, stack(0x00000063f8500000,0x00000063f8600000)]
  0x000002342b322000 JavaThread "Stdin handler" [_thread_blocked, id=8180, stack(0x00000063f8600000,0x00000063f8700000)]
  0x000002342ae21800 JavaThread "Daemon client event forwarder" [_thread_blocked, id=1264, stack(0x00000063f8700000,0x00000063f8800000)]
  0x000002342ae20000 JavaThread "Cache worker for journal cache (C:\Users\Santosh Sharma\.gradle\caches\journal-1)" [_thread_blocked, id=16152, stack(0x00000063f8d00000,0x00000063f8e00000)]
  0x000002342ae22000 JavaThread "File lock request listener" [_thread_in_native, id=11644, stack(0x00000063f8e00000,0x00000063f8f00000)]
  0x000002342ae26800 JavaThread "Cache worker for file hash cache (C:\Users\Santosh Sharma\.gradle\caches\7.1\fileHashes)" [_thread_blocked, id=13952, stack(0x00000063f8f00000,0x00000063f9000000)]
  0x000002342a7f1000 JavaThread "C2 CompilerThread1" daemon [_thread_in_native, id=14728, stack(0x00000063f9100000,0x00000063f9200000)]
  0x000002342ae23000 JavaThread "Cache worker for file hash cache (D:\MyProjects\smoxstyler-android\.gradle\7.1\fileHashes)" [_thread_blocked, id=17132, stack(0x00000063f9200000,0x00000063f9300000)]
  0x000002342ae24000 JavaThread "File watcher server" daemon [_thread_blocked, id=9648, stack(0x00000063f9300000,0x00000063f9400000)]
  0x000002342ae24800 JavaThread "File watcher consumer" daemon [_thread_blocked, id=676, stack(0x00000063f9400000,0x00000063f9500000)]
  0x000002342ae25800 JavaThread "Cache worker for checksums cache (D:\MyProjects\smoxstyler-android\.gradle\checksums)" [_thread_blocked, id=10688, stack(0x00000063f9500000,0x00000063f9600000)]
  0x000002342ae20800 JavaThread "Cache worker for cache directory md-supplier (C:\Users\Santosh Sharma\.gradle\caches\7.1\md-supplier)" [_thread_blocked, id=15544, stack(0x00000063f9600000,0x00000063f9700000)]
  0x000002342a4b7000 JavaThread "Cache worker for cache directory md-rule (C:\Users\Santosh Sharma\.gradle\caches\7.1\md-rule)" [_thread_blocked, id=12768, stack(0x00000063f9800000,0x00000063f9900000)]
  0x000002342a4b9800 JavaThread "Cache worker for execution history cache (C:\Users\Santosh Sharma\.gradle\caches\7.1\executionHistory)" [_thread_blocked, id=9140, stack(0x00000063f9900000,0x00000063f9a00000)]
  0x000002342a4b9000 JavaThread "jar transforms" [_thread_blocked, id=1608, stack(0x00000063f9a00000,0x00000063f9b00000)]
  0x000002342a4ba800 JavaThread "jar transforms Thread 2" [_thread_blocked, id=10336, stack(0x00000063f9b00000,0x00000063f9c00000)]
  0x000002342a4b5000 JavaThread "Cache worker for file content cache (C:\Users\Santosh Sharma\.gradle\caches\7.1\fileContent)" [_thread_blocked, id=3124, stack(0x00000063f9c00000,0x00000063f9d00000)]
  0x000002342a4b5800 JavaThread "Cache worker for dependencies-accessors (D:\MyProjects\smoxstyler-android\.gradle\7.1\dependencies-accessors)" [_thread_blocked, id=1464, stack(0x00000063f9d00000,0x00000063f9e00000)]
  0x000002342a4c0000 JavaThread "jar transforms Thread 3" [_thread_blocked, id=16372, stack(0x00000063f9e00000,0x00000063f9f00000)]
  0x000002342a4c2000 JavaThread "Cache worker for Build Output Cleanup Cache (D:\MyProjects\smoxstyler-android\.gradle\buildOutputCleanup)" [_thread_blocked, id=14252, stack(0x00000063f9f00000,0x00000063fa000000)]
  0x000002342a4c1000 JavaThread "Unconstrained build operations" [_thread_blocked, id=10748, stack(0x00000063fa000000,0x00000063fa100000)]
  0x000002342a4bc000 JavaThread "Unconstrained build operations Thread 2" [_thread_blocked, id=14016, stack(0x00000063fa100000,0x00000063fa200000)]
  0x000002342a4bf800 JavaThread "Unconstrained build operations Thread 3" [_thread_blocked, id=12568, stack(0x00000063fa200000,0x00000063fa300000)]
  0x000002342a4be800 JavaThread "Unconstrained build operations Thread 4" [_thread_blocked, id=15932, stack(0x00000063fa300000,0x00000063fa400000)]
  0x000002342a4c2800 JavaThread "Unconstrained build operations Thread 5" [_thread_blocked, id=3136, stack(0x00000063fa400000,0x00000063fa500000)]
  0x000002342a4bd000 JavaThread "Unconstrained build operations Thread 6" [_thread_blocked, id=14476, stack(0x00000063fa500000,0x00000063fa600000)]
  0x000002342a4c3800 JavaThread "Unconstrained build operations Thread 7" [_thread_blocked, id=5980, stack(0x00000063fa600000,0x00000063fa700000)]
  0x000002342a4be000 JavaThread "Unconstrained build operations Thread 8" [_thread_blocked, id=1868, stack(0x00000063fa700000,0x00000063fa800000)]
  0x000002342d54f800 JavaThread "Unconstrained build operations Thread 9" [_thread_blocked, id=12472, stack(0x00000063fa800000,0x00000063fa900000)]
  0x000002342d550000 JavaThread "Unconstrained build operations Thread 10" [_thread_blocked, id=3064, stack(0x00000063fa900000,0x00000063faa00000)]
  0x000002342d551000 JavaThread "Unconstrained build operations Thread 11" [_thread_blocked, id=4580, stack(0x00000063faa00000,0x00000063fab00000)]
  0x000002342d553800 JavaThread "Unconstrained build operations Thread 12" [_thread_blocked, id=17124, stack(0x00000063fab00000,0x00000063fac00000)]
  0x000002342d54d800 JavaThread "Unconstrained build operations Thread 13" [_thread_blocked, id=15480, stack(0x00000063fac00000,0x00000063fad00000)]
  0x000002342d551800 JavaThread "Unconstrained build operations Thread 14" [_thread_blocked, id=10184, stack(0x00000063fad00000,0x00000063fae00000)]
  0x000002342d552800 JavaThread "Unconstrained build operations Thread 15" [_thread_blocked, id=12172, stack(0x00000063fae00000,0x00000063faf00000)]
  0x000002342d54e800 JavaThread "Unconstrained build operations Thread 16" [_thread_blocked, id=3344, stack(0x00000063faf00000,0x00000063fb000000)]
  0x000002342d558800 JavaThread "Unconstrained build operations Thread 17" [_thread_blocked, id=968, stack(0x00000063fb000000,0x00000063fb100000)]
  0x000002342d559000 JavaThread "Unconstrained build operations Thread 18" [_thread_blocked, id=12048, stack(0x00000063fb100000,0x00000063fb200000)]
  0x000002342d556800 JavaThread "Unconstrained build operations Thread 19" [_thread_blocked, id=14296, stack(0x00000063fb200000,0x00000063fb300000)]
  0x000002342d55a000 JavaThread "Unconstrained build operations Thread 20" [_thread_blocked, id=2940, stack(0x00000063fb300000,0x00000063fb400000)]
  0x000002342d554000 JavaThread "Unconstrained build operations Thread 21" [_thread_blocked, id=2860, stack(0x00000063fb400000,0x00000063fb500000)]
  0x000002342d55a800 JavaThread "Unconstrained build operations Thread 22" [_thread_blocked, id=11940, stack(0x00000063fb500000,0x00000063fb600000)]
  0x000002342d557800 JavaThread "Unconstrained build operations Thread 23" [_thread_blocked, id=5516, stack(0x00000063fb600000,0x00000063fb700000)]
  0x000002342d555000 JavaThread "Unconstrained build operations Thread 24" [_thread_blocked, id=7852, stack(0x00000063fb700000,0x00000063fb800000)]
  0x000002342d55b800 JavaThread "Unconstrained build operations Thread 25" [_thread_blocked, id=10984, stack(0x00000063fb800000,0x00000063fb900000)]
  0x000002342d556000 JavaThread "Unconstrained build operations Thread 26" [_thread_blocked, id=8276, stack(0x00000063fb900000,0x00000063fba00000)]
  0x000002342d55c800 JavaThread "Unconstrained build operations Thread 27" [_thread_blocked, id=17140, stack(0x00000063fba00000,0x00000063fbb00000)]
  0x000002342c194800 JavaThread "Unconstrained build operations Thread 28" [_thread_blocked, id=10508, stack(0x00000063fbb00000,0x00000063fbc00000)]
  0x000002342c198000 JavaThread "Unconstrained build operations Thread 29" [_thread_blocked, id=17312, stack(0x00000063fbc00000,0x00000063fbd00000)]
  0x000002342c196000 JavaThread "Unconstrained build operations Thread 30" [_thread_blocked, id=2500, stack(0x00000063fbd00000,0x00000063fbe00000)]
  0x000002342c195800 JavaThread "Unconstrained build operations Thread 31" [_thread_blocked, id=14484, stack(0x00000063fbe00000,0x00000063fbf00000)]
  0x000002342c193800 JavaThread "Unconstrained build operations Thread 32" [_thread_blocked, id=8892, stack(0x00000063fbf00000,0x00000063fc000000)]
  0x000002342c197000 JavaThread "Unconstrained build operations Thread 33" [_thread_blocked, id=16340, stack(0x00000063fc000000,0x00000063fc100000)]
  0x000002342c192000 JavaThread "Unconstrained build operations Thread 34" [_thread_blocked, id=10416, stack(0x00000063fc100000,0x00000063fc200000)]
  0x000002342c198800 JavaThread "Unconstrained build operations Thread 35" [_thread_blocked, id=15976, stack(0x00000063fc200000,0x00000063fc300000)]
  0x000002342c193000 JavaThread "Unconstrained build operations Thread 36" [_thread_blocked, id=1460, stack(0x00000063fc300000,0x00000063fc400000)]
  0x000002342c19e800 JavaThread "Unconstrained build operations Thread 37" [_thread_blocked, id=2692, stack(0x00000063fc400000,0x00000063fc500000)]
  0x000002342c19d800 JavaThread "Unconstrained build operations Thread 38" [_thread_blocked, id=7936, stack(0x00000063fc500000,0x00000063fc600000)]
  0x000002342c19f000 JavaThread "Unconstrained build operations Thread 39" [_thread_blocked, id=9176, stack(0x00000063fc600000,0x00000063fc700000)]
  0x000002342c19a000 JavaThread "Unconstrained build operations Thread 40" [_thread_blocked, id=15108, stack(0x00000063fc700000,0x00000063fc800000)]
  0x000002342c19c000 JavaThread "Unconstrained build operations Thread 41" [_thread_blocked, id=10436, stack(0x00000063fc800000,0x00000063fc900000)]
  0x000002342c199800 JavaThread "Unconstrained build operations Thread 42" [_thread_blocked, id=13088, stack(0x00000063fc900000,0x00000063fca00000)]
  0x000002342c19b000 JavaThread "Unconstrained build operations Thread 43" [_thread_blocked, id=16072, stack(0x00000063fca00000,0x00000063fcb00000)]
  0x000002342c1a0000 JavaThread "Unconstrained build operations Thread 44" [_thread_blocked, id=11000, stack(0x00000063fcb00000,0x00000063fcc00000)]
  0x000002342c1a0800 JavaThread "Unconstrained build operations Thread 45" [_thread_blocked, id=9964, stack(0x00000063fcc00000,0x00000063fcd00000)]
  0x000002342c19c800 JavaThread "Unconstrained build operations Thread 46" [_thread_blocked, id=9124, stack(0x00000063fcd00000,0x00000063fce00000)]
  0x000002342bd02800 JavaThread "Unconstrained build operations Thread 47" [_thread_blocked, id=16608, stack(0x00000063fce00000,0x00000063fcf00000)]
  0x000002342bd01800 JavaThread "Unconstrained build operations Thread 48" [_thread_blocked, id=16928, stack(0x00000063fcf00000,0x00000063fd000000)]
  0x000002342bcff000 JavaThread "Unconstrained build operations Thread 49" [_thread_blocked, id=4656, stack(0x00000063fd000000,0x00000063fd100000)]
  0x000002342bd03000 JavaThread "Unconstrained build operations Thread 50" [_thread_blocked, id=14832, stack(0x00000063fd100000,0x00000063fd200000)]
  0x000002342bd01000 JavaThread "Unconstrained build operations Thread 51" [_thread_blocked, id=6480, stack(0x00000063fd200000,0x00000063fd300000)]
  0x000002342bd04000 JavaThread "Unconstrained build operations Thread 52" [_thread_blocked, id=8540, stack(0x00000063fd300000,0x00000063fd400000)]
  0x000002342bcfe800 JavaThread "Unconstrained build operations Thread 53" [_thread_blocked, id=9016, stack(0x00000063fd400000,0x00000063fd500000)]
  0x000002342bd05000 JavaThread "Unconstrained build operations Thread 54" [_thread_blocked, id=9268, stack(0x00000063fd500000,0x00000063fd600000)]
  0x000002342bd05800 JavaThread "Unconstrained build operations Thread 55" [_thread_blocked, id=16320, stack(0x00000063fd600000,0x00000063fd700000)]
  0x000002342bd00000 JavaThread "Unconstrained build operations Thread 56" [_thread_blocked, id=6180, stack(0x00000063fd700000,0x00000063fd800000)]
  0x000002342bd0a000 JavaThread "Unconstrained build operations Thread 57" [_thread_blocked, id=11900, stack(0x00000063fd800000,0x00000063fd900000)]
  0x000002342bd0a800 JavaThread "Unconstrained build operations Thread 58" [_thread_blocked, id=4024, stack(0x00000063fd900000,0x00000063fda00000)]
  0x000002342bd0c000 JavaThread "Unconstrained build operations Thread 59" [_thread_blocked, id=1964, stack(0x00000063fda00000,0x00000063fdb00000)]
  0x000002342bd06800 JavaThread "Unconstrained build operations Thread 60" [_thread_blocked, id=1904, stack(0x00000063fdb00000,0x00000063fdc00000)]
  0x000002342bd0d000 JavaThread "Unconstrained build operations Thread 61" [_thread_blocked, id=10596, stack(0x00000063fdc00000,0x00000063fdd00000)]
  0x000002342bd08000 JavaThread "Unconstrained build operations Thread 62" [_thread_blocked, id=16936, stack(0x00000063fdd00000,0x00000063fde00000)]
  0x000002342bd09000 JavaThread "Unconstrained build operations Thread 63" [_thread_blocked, id=6176, stack(0x00000063fde00000,0x00000063fdf00000)]
  0x000002342bd0b800 JavaThread "Unconstrained build operations Thread 64" [_thread_blocked, id=10796, stack(0x00000063fdf00000,0x00000063fe000000)]
  0x000002342bd07800 JavaThread "Unconstrained build operations Thread 65" [_thread_blocked, id=15756, stack(0x00000063fe000000,0x00000063fe100000)]
  0x000002342e95e000 JavaThread "Unconstrained build operations Thread 66" [_thread_blocked, id=3576, stack(0x00000063fe100000,0x00000063fe200000)]
  0x000002342e95f800 JavaThread "Unconstrained build operations Thread 67" [_thread_blocked, id=8592, stack(0x00000063fe200000,0x00000063fe300000)]
  0x000002342e95f000 JavaThread "Unconstrained build operations Thread 68" [_thread_blocked, id=10584, stack(0x00000063fe300000,0x00000063fe400000)]
  0x000002342e962000 JavaThread "Unconstrained build operations Thread 69" [_thread_blocked, id=9804, stack(0x00000063fe400000,0x00000063fe500000)]
  0x000002342e963000 JavaThread "Unconstrained build operations Thread 70" [_thread_blocked, id=1376, stack(0x00000063fe500000,0x00000063fe600000)]
  0x000002342e960800 JavaThread "Unconstrained build operations Thread 71" [_thread_blocked, id=4500, stack(0x00000063fe600000,0x00000063fe700000)]
  0x000002342e95d000 JavaThread "Unconstrained build operations Thread 72" [_thread_blocked, id=1968, stack(0x00000063fe700000,0x00000063fe800000)]
  0x000002342e966000 JavaThread "Unconstrained build operations Thread 73" [_thread_blocked, id=4568, stack(0x00000063fe800000,0x00000063fe900000)]
  0x000002342e964800 JavaThread "Unconstrained build operations Thread 74" [_thread_blocked, id=5408, stack(0x00000063fe900000,0x00000063fea00000)]
  0x000002342e965800 JavaThread "Unconstrained build operations Thread 75" [_thread_blocked, id=8576, stack(0x00000063fea00000,0x00000063feb00000)]
  0x000002342e963800 JavaThread "Unconstrained build operations Thread 76" [_thread_blocked, id=13308, stack(0x00000063feb00000,0x00000063fec00000)]
  0x000002342e967000 JavaThread "Unconstrained build operations Thread 77" [_thread_blocked, id=6004, stack(0x00000063fec00000,0x00000063fed00000)]
  0x000002342e961800 JavaThread "Unconstrained build operations Thread 78" [_thread_blocked, id=8820, stack(0x00000063fed00000,0x00000063fee00000)]
  0x000002342e968000 JavaThread "Unconstrained build operations Thread 79" [_thread_blocked, id=5472, stack(0x00000063fee00000,0x00000063fef00000)]
  0x000002342e96b000 JavaThread "Unconstrained build operations Thread 80" [_thread_blocked, id=7204, stack(0x00000063fef00000,0x00000063ff000000)]
  0x000002342e968800 JavaThread "jar transforms Thread 4" [_thread_blocked, id=15568, stack(0x00000063ff000000,0x00000063ff100000)]
  0x000002342e969800 JavaThread "jar transforms Thread 5" [_thread_blocked, id=10096, stack(0x00000063ff100000,0x00000063ff200000)]
  0x000002342e96a000 JavaThread "jar transforms Thread 6" [_thread_blocked, id=960, stack(0x00000063ff200000,0x00000063ff300000)]
  0x000002342e96c000 JavaThread "jar transforms Thread 7" [_thread_blocked, id=9560, stack(0x00000063ff300000,0x00000063ff400000)]
  0x000002342d3de800 JavaThread "jar transforms Thread 8" [_thread_blocked, id=1272, stack(0x00000063ff400000,0x00000063ff500000)]
  0x0000023430b0f800 JavaThread "C2 CompilerThread2" daemon [_thread_in_native, id=15640, stack(0x00000063f9700000,0x00000063f9800000)]
  0x000002342d3e0800 JavaThread "Memory manager" [_thread_blocked, id=4664, stack(0x00000063ff500000,0x00000063ff600000)]
  0x000002342d3e2000 JavaThread "build event listener" [_thread_blocked, id=10672, stack(0x00000063ff600000,0x00000063ff700000)]
  0x000002342d3e1000 JavaThread "pool-3-thread-1" [_thread_blocked, id=13820, stack(0x00000063ff700000,0x00000063ff800000)]
  0x000002342d3df800 JavaThread "build event listener" [_thread_blocked, id=6508, stack(0x00000063ff800000,0x00000063ff900000)]
  0x000002342d3dc000 JavaThread "Execution worker for ':'" [_thread_blocked, id=14664, stack(0x00000063ff900000,0x00000063ffa00000)]
  0x000002342d3e3000 JavaThread "Execution worker for ':' Thread 2" [_thread_blocked, id=1016, stack(0x00000063ffa00000,0x00000063ffb00000)]
  0x000002342d3de000 JavaThread "Execution worker for ':' Thread 3" [_thread_blocked, id=11936, stack(0x00000063ffb00000,0x00000063ffc00000)]
  0x000002342d3e9800 JavaThread "Execution worker for ':' Thread 4" [_thread_blocked, id=12836, stack(0x00000063ffc00000,0x00000063ffd00000)]
  0x000002342d3e5000 JavaThread "Execution worker for ':' Thread 5" [_thread_blocked, id=500, stack(0x00000063ffd00000,0x00000063ffe00000)]
  0x000002342d3e7000 JavaThread "Execution worker for ':' Thread 6" [_thread_blocked, id=11120, stack(0x00000063ffe00000,0x00000063fff00000)]
  0x000002342d3e4800 JavaThread "Execution worker for ':' Thread 7" [_thread_blocked, id=15908, stack(0x00000063fff00000,0x0000006400000000)]
  0x000002342d3e3800 JavaThread "Cache worker for execution history cache (D:\MyProjects\smoxstyler-android\.gradle\7.1\executionHistory)" [_thread_blocked, id=9764, stack(0x0000006380000000,0x0000006380100000)]
  0x000002342d3e8800 JavaThread "WorkerExecutor Queue" [_thread_blocked, id=14096, stack(0x0000006380100000,0x0000006380200000)]
  0x000002342d3ea000 JavaThread "pool-4-thread-1" [_thread_blocked, id=16580, stack(0x0000006380200000,0x0000006380300000)]
  0x000002342d3eb000 JavaThread "stderr" [_thread_in_native, id=16060, stack(0x0000006380300000,0x0000006380400000)]
  0x000002342d3e6000 JavaThread "stdout" [_thread_in_native, id=11908, stack(0x0000006380400000,0x0000006380500000)]
  0x000002342d3e7800 JavaThread "WorkerExecutor Queue Thread 2" [_thread_blocked, id=11092, stack(0x0000006380500000,0x0000006380600000)]
  0x0000023436253800 JavaThread "WorkerExecutor Queue Thread 3" [_thread_blocked, id=15592, stack(0x0000006380600000,0x0000006380700000)]
  0x0000023436254800 JavaThread "WorkerExecutor Queue Thread 4" [_thread_blocked, id=4472, stack(0x0000006380700000,0x0000006380800000)]

Other Threads:
=>0x000002342794f800 VMThread "VM Thread" [stack: 0x00000063f7100000,0x00000063f7200000] [id=13204]
  0x000002342847a000 WatcherThread [stack: 0x00000063f7b00000,0x00000063f7c00000] [id=14236]
  0x000002340d4e5000 GCTaskThread "GC Thread#0" [stack: 0x00000063f6c00000,0x00000063f6d00000] [id=6944]
  0x0000023428b8c000 GCTaskThread "GC Thread#1" [stack: 0x00000063f7e00000,0x00000063f7f00000] [id=3656]
  0x00000234291b5000 GCTaskThread "GC Thread#2" [stack: 0x00000063f7f00000,0x00000063f8000000] [id=16040]
  0x000002342a736800 GCTaskThread "GC Thread#3" [stack: 0x00000063f8800000,0x00000063f8900000] [id=1044]
  0x00000234297be800 GCTaskThread "GC Thread#4" [stack: 0x00000063f8900000,0x00000063f8a00000] [id=13040]
  0x0000023429029800 GCTaskThread "GC Thread#5" [stack: 0x00000063f8a00000,0x00000063f8b00000] [id=15012]
  0x000002342ab8a800 GCTaskThread "GC Thread#6" [stack: 0x00000063f8b00000,0x00000063f8c00000] [id=1928]
  0x0000023429862800 GCTaskThread "GC Thread#7" [stack: 0x00000063f8c00000,0x00000063f8d00000] [id=4728]
  0x000002340d519800 ConcurrentGCThread "G1 Main Marker" [stack: 0x00000063f6d00000,0x00000063f6e00000] [id=4108]
  0x000002340d51a800 ConcurrentGCThread "G1 Conc#0" [stack: 0x00000063f6e00000,0x00000063f6f00000] [id=15956]
  0x0000023428a91000 ConcurrentGCThread "G1 Conc#1" [stack: 0x00000063f9000000,0x00000063f9100000] [id=12020]
  0x000002340d5ad800 ConcurrentGCThread "G1 Refine#0" [stack: 0x00000063f6f00000,0x00000063f7000000] [id=14424]
  0x00000234277a0800 ConcurrentGCThread "G1 Young RemSet Sampling" [stack: 0x00000063f7000000,0x00000063f7100000] [id=14260]

Threads with active compile tasks:
C2 CompilerThread0  18112 12230       4       org.gradle.api.internal.artifacts.transform.TransformationStep::createInvocation (92 bytes)
C2 CompilerThread1  18112 12231       4       org.gradle.api.internal.artifacts.transform.TransformationStep::lambda$createInvocation$1 (98 bytes)
C2 CompilerThread2  18112 12229       4       org.gradle.internal.execution.steps.IdentifyStep::createIdentityContext (76 bytes)

VM state:at safepoint (normal execution)

VM Mutex/Monitor currently owned by a thread:  ([mutex/lock_event])
[0x000002340d4c96b0] Threads_lock - owner thread: 0x000002342794f800
[0x000002340d4c9740] Heap_lock - owner thread: 0x0000023436253800

Heap address: 0x0000000080000000, size: 2048 MB, Compressed Oops mode: 32-bit
Narrow klass base: 0x0000000000000000, Narrow klass shift: 3
Compressed class space size: 1073741824 Address: 0x0000000100000000

Heap:
 garbage-first heap   total 282624K, used 130388K [0x0000000080000000, 0x0000000100000000)
  region size 1024K, 6 young (6144K), 6 survivors (6144K)
 Metaspace       used 94356K, capacity 96700K, committed 97024K, reserved 1132544K
  class space    used 12019K, capacity 12940K, committed 13056K, reserved 1048576K
Heap Regions: E=young(eden), S=young(survivor), O=old, HS=humongous(starts), HC=humongous(continues), CS=collection set, F=free, A=archive, TAMS=top-at-mark-start (previous, next)
|   0|0x0000000080000000, 0x0000000080100000, 0x0000000080100000|100%| O|  |TAMS 0x0000000080100000, 0x0000000080100000| Untracked 
|   1|0x0000000080100000, 0x0000000080200000, 0x0000000080200000|100%| O|  |TAMS 0x0000000080200000, 0x0000000080200000| Untracked 
|   2|0x0000000080200000, 0x0000000080300000, 0x0000000080300000|100%| O|  |TAMS 0x0000000080300000, 0x0000000080300000| Untracked 
|   3|0x0000000080300000, 0x0000000080400000, 0x0000000080400000|100%|HS|  |TAMS 0x0000000080400000, 0x0000000080400000| Complete 
|   4|0x0000000080400000, 0x0000000080500000, 0x0000000080500000|100%|HC|  |TAMS 0x0000000080500000, 0x0000000080500000| Complete 
|   5|0x0000000080500000, 0x0000000080600000, 0x0000000080600000|100%|HC|  |TAMS 0x0000000080600000, 0x0000000080600000| Complete 
|   6|0x0000000080600000, 0x0000000080700000, 0x0000000080700000|100%| O|  |TAMS 0x0000000080700000, 0x0000000080700000| Untracked 
|   7|0x0000000080700000, 0x0000000080800000, 0x0000000080800000|100%| O|  |TAMS 0x0000000080800000, 0x0000000080800000| Untracked 
|   8|0x0000000080800000, 0x0000000080900000, 0x0000000080900000|100%| O|  |TAMS 0x0000000080900000, 0x0000000080900000| Untracked 
|   9|0x0000000080900000, 0x0000000080a00000, 0x0000000080a00000|100%| O|  |TAMS 0x0000000080a00000, 0x0000000080a00000| Untracked 
|  10|0x0000000080a00000, 0x0000000080b00000, 0x0000000080b00000|100%| O|  |TAMS 0x0000000080b00000, 0x0000000080b00000| Untracked 
|  11|0x0000000080b00000, 0x0000000080c00000, 0x0000000080c00000|100%| O|  |TAMS 0x0000000080c00000, 0x0000000080c00000| Untracked 
|  12|0x0000000080c00000, 0x0000000080d00000, 0x0000000080d00000|100%| O|  |TAMS 0x0000000080d00000, 0x0000000080d00000| Untracked 
|  13|0x0000000080d00000, 0x0000000080e00000, 0x0000000080e00000|100%| O|  |TAMS 0x0000000080e00000, 0x0000000080e00000| Untracked 
|  14|0x0000000080e00000, 0x0000000080f00000, 0x0000000080f00000|100%| O|  |TAMS 0x0000000080f00000, 0x0000000080f00000| Untracked 
|  15|0x0000000080f00000, 0x0000000081000000, 0x0000000081000000|100%| O|  |TAMS 0x0000000081000000, 0x0000000081000000| Untracked 
|  16|0x0000000081000000, 0x0000000081100000, 0x0000000081100000|100%|HS|  |TAMS 0x0000000081100000, 0x0000000081100000| Complete 
|  17|0x0000000081100000, 0x0000000081200000, 0x0000000081200000|100%| O|  |TAMS 0x0000000081200000, 0x0000000081200000| Untracked 
|  18|0x0000000081200000, 0x0000000081300000, 0x0000000081300000|100%| O|  |TAMS 0x0000000081300000, 0x0000000081300000| Untracked 
|  19|0x0000000081300000, 0x0000000081400000, 0x0000000081400000|100%| O|  |TAMS 0x0000000081400000, 0x0000000081400000| Untracked 
|  20|0x0000000081400000, 0x0000000081500000, 0x0000000081500000|100%| O|  |TAMS 0x0000000081500000, 0x0000000081500000| Untracked 
|  21|0x0000000081500000, 0x0000000081600000, 0x0000000081600000|100%| O|  |TAMS 0x0000000081600000, 0x0000000081600000| Untracked 
|  22|0x0000000081600000, 0x0000000081700000, 0x0000000081700000|100%| O|  |TAMS 0x0000000081700000, 0x0000000081700000| Untracked 
|  23|0x0000000081700000, 0x0000000081800000, 0x0000000081800000|100%|HS|  |TAMS 0x0000000081800000, 0x0000000081800000| Complete 
|  24|0x0000000081800000, 0x0000000081900000, 0x0000000081900000|100%|HS|  |TAMS 0x0000000081900000, 0x0000000081900000| Complete 
|  25|0x0000000081900000, 0x0000000081a00000, 0x0000000081a00000|100%|HS|  |TAMS 0x0000000081a00000, 0x0000000081a00000| Complete 
|  26|0x0000000081a00000, 0x0000000081b00000, 0x0000000081b00000|100%|HC|  |TAMS 0x0000000081b00000, 0x0000000081b00000| Complete 
|  27|0x0000000081b00000, 0x0000000081c00000, 0x0000000081c00000|100%|HC|  |TAMS 0x0000000081c00000, 0x0000000081c00000| Complete 
|  28|0x0000000081c00000, 0x0000000081d00000, 0x0000000081d00000|100%|HS|  |TAMS 0x0000000081d00000, 0x0000000081d00000| Complete 
|  29|0x0000000081d00000, 0x0000000081e00000, 0x0000000081e00000|100%|HC|  |TAMS 0x0000000081e00000, 0x0000000081e00000| Complete 
|  30|0x0000000081e00000, 0x0000000081f00000, 0x0000000081f00000|100%| O|  |TAMS 0x0000000081f00000, 0x0000000081f00000| Untracked 
|  31|0x0000000081f00000, 0x0000000082000000, 0x0000000082000000|100%| O|  |TAMS 0x0000000082000000, 0x0000000082000000| Untracked 
|  32|0x0000000082000000, 0x0000000082100000, 0x0000000082100000|100%| O|  |TAMS 0x0000000082100000, 0x0000000082100000| Untracked 
|  33|0x0000000082100000, 0x0000000082200000, 0x0000000082200000|100%| O|  |TAMS 0x0000000082200000, 0x0000000082200000| Untracked 
|  34|0x0000000082200000, 0x0000000082300000, 0x0000000082300000|100%| O|  |TAMS 0x0000000082300000, 0x0000000082300000| Untracked 
|  35|0x0000000082300000, 0x0000000082400000, 0x0000000082400000|100%| O|  |TAMS 0x0000000082400000, 0x0000000082400000| Untracked 
|  36|0x0000000082400000, 0x0000000082500000, 0x0000000082500000|100%| O|  |TAMS 0x0000000082500000, 0x0000000082500000| Untracked 
|  37|0x0000000082500000, 0x0000000082600000, 0x0000000082600000|100%| O|  |TAMS 0x0000000082600000, 0x0000000082600000| Untracked 
|  38|0x0000000082600000, 0x0000000082700000, 0x0000000082700000|100%| O|  |TAMS 0x0000000082700000, 0x0000000082700000| Untracked 
|  39|0x0000000082700000, 0x0000000082800000, 0x0000000082800000|100%| O|  |TAMS 0x0000000082800000, 0x0000000082800000| Untracked 
|  40|0x0000000082800000, 0x0000000082900000, 0x0000000082900000|100%| O|  |TAMS 0x0000000082900000, 0x0000000082900000| Untracked 
|  41|0x0000000082900000, 0x0000000082a00000, 0x0000000082a00000|100%| O|  |TAMS 0x0000000082a00000, 0x0000000082a00000| Untracked 
|  42|0x0000000082a00000, 0x0000000082b00000, 0x0000000082b00000|100%| O|  |TAMS 0x0000000082b00000, 0x0000000082b00000| Untracked 
|  43|0x0000000082b00000, 0x0000000082c00000, 0x0000000082c00000|100%| O|  |TAMS 0x0000000082c00000, 0x0000000082c00000| Untracked 
|  44|0x0000000082c00000, 0x0000000082d00000, 0x0000000082d00000|100%| O|  |TAMS 0x0000000082d00000, 0x0000000082d00000| Untracked 
|  45|0x0000000082d00000, 0x0000000082e00000, 0x0000000082e00000|100%| O|  |TAMS 0x0000000082e00000, 0x0000000082e00000| Untracked 
|  46|0x0000000082e00000, 0x0000000082f00000, 0x0000000082f00000|100%| O|  |TAMS 0x0000000082f00000, 0x0000000082f00000| Untracked 
|  47|0x0000000082f00000, 0x0000000083000000, 0x0000000083000000|100%| O|  |TAMS 0x0000000083000000, 0x0000000083000000| Untracked 
|  48|0x0000000083000000, 0x0000000083100000, 0x0000000083100000|100%| O|  |TAMS 0x0000000083100000, 0x0000000083100000| Untracked 
|  49|0x0000000083100000, 0x0000000083200000, 0x0000000083200000|100%| O|  |TAMS 0x0000000083200000, 0x0000000083200000| Untracked 
|  50|0x0000000083200000, 0x0000000083300000, 0x0000000083300000|100%| O|  |TAMS 0x0000000083300000, 0x0000000083300000| Untracked 
|  51|0x0000000083300000, 0x0000000083400000, 0x0000000083400000|100%| O|  |TAMS 0x0000000083400000, 0x0000000083400000| Untracked 
|  52|0x0000000083400000, 0x0000000083500000, 0x0000000083500000|100%| O|  |TAMS 0x0000000083500000, 0x0000000083500000| Untracked 
|  53|0x0000000083500000, 0x0000000083600000, 0x0000000083600000|100%| O|  |TAMS 0x0000000083600000, 0x0000000083600000| Untracked 
|  54|0x0000000083600000, 0x0000000083700000, 0x0000000083700000|100%| O|  |TAMS 0x0000000083700000, 0x0000000083700000| Untracked 
|  55|0x0000000083700000, 0x0000000083800000, 0x0000000083800000|100%| O|  |TAMS 0x0000000083800000, 0x0000000083800000| Untracked 
|  56|0x0000000083800000, 0x0000000083900000, 0x0000000083900000|100%| O|  |TAMS 0x0000000083900000, 0x0000000083900000| Untracked 
|  57|0x0000000083900000, 0x0000000083a00000, 0x0000000083a00000|100%| O|  |TAMS 0x0000000083a00000, 0x0000000083a00000| Untracked 
|  58|0x0000000083a00000, 0x0000000083b00000, 0x0000000083b00000|100%| O|  |TAMS 0x0000000083b00000, 0x0000000083b00000| Untracked 
|  59|0x0000000083b00000, 0x0000000083c00000, 0x0000000083c00000|100%| O|  |TAMS 0x0000000083c00000, 0x0000000083c00000| Untracked 
|  60|0x0000000083c00000, 0x0000000083d00000, 0x0000000083d00000|100%| O|  |TAMS 0x0000000083d00000, 0x0000000083d00000| Untracked 
|  61|0x0000000083d00000, 0x0000000083e00000, 0x0000000083e00000|100%| O|  |TAMS 0x0000000083e00000, 0x0000000083e00000| Untracked 
|  62|0x0000000083e00000, 0x0000000083f00000, 0x0000000083f00000|100%| O|  |TAMS 0x0000000083f00000, 0x0000000083f00000| Untracked 
|  63|0x0000000083f00000, 0x0000000084000000, 0x0000000084000000|100%| O|  |TAMS 0x0000000084000000, 0x0000000084000000| Untracked 
|  64|0x0000000084000000, 0x0000000084100000, 0x0000000084100000|100%| O|  |TAMS 0x0000000084100000, 0x0000000084100000| Untracked 
|  65|0x0000000084100000, 0x0000000084200000, 0x0000000084200000|100%| O|  |TAMS 0x0000000084200000, 0x0000000084200000| Untracked 
|  66|0x0000000084200000, 0x0000000084300000, 0x0000000084300000|100%| O|  |TAMS 0x0000000084300000, 0x0000000084300000| Untracked 
|  67|0x0000000084300000, 0x0000000084400000, 0x0000000084400000|100%| O|  |TAMS 0x0000000084400000, 0x0000000084400000| Untracked 
|  68|0x0000000084400000, 0x0000000084500000, 0x0000000084500000|100%| O|  |TAMS 0x0000000084500000, 0x0000000084500000| Untracked 
|  69|0x0000000084500000, 0x0000000084600000, 0x0000000084600000|100%| O|  |TAMS 0x0000000084600000, 0x0000000084600000| Untracked 
|  70|0x0000000084600000, 0x0000000084700000, 0x0000000084700000|100%| O|  |TAMS 0x0000000084700000, 0x0000000084700000| Untracked 
|  71|0x0000000084700000, 0x0000000084800000, 0x0000000084800000|100%| O|  |TAMS 0x0000000084800000, 0x0000000084800000| Untracked 
|  72|0x0000000084800000, 0x0000000084900000, 0x0000000084900000|100%| O|  |TAMS 0x0000000084900000, 0x0000000084900000| Untracked 
|  73|0x0000000084900000, 0x0000000084a00000, 0x0000000084a00000|100%| O|  |TAMS 0x0000000084a00000, 0x0000000084a00000| Untracked 
|  74|0x0000000084a00000, 0x0000000084b00000, 0x0000000084b00000|100%| O|  |TAMS 0x0000000084b00000, 0x0000000084b00000| Untracked 
|  75|0x0000000084b00000, 0x0000000084c00000, 0x0000000084c00000|100%| O|  |TAMS 0x0000000084c00000, 0x0000000084c00000| Untracked 
|  76|0x0000000084c00000, 0x0000000084d00000, 0x0000000084d00000|100%| O|  |TAMS 0x0000000084d00000, 0x0000000084d00000| Untracked 
|  77|0x0000000084d00000, 0x0000000084e00000, 0x0000000084e00000|100%| O|  |TAMS 0x0000000084e00000, 0x0000000084e00000| Untracked 
|  78|0x0000000084e00000, 0x0000000084f00000, 0x0000000084f00000|100%| O|  |TAMS 0x0000000084f00000, 0x0000000084f00000| Untracked 
|  79|0x0000000084f00000, 0x0000000085000000, 0x0000000085000000|100%| O|  |TAMS 0x0000000085000000, 0x0000000085000000| Untracked 
|  80|0x0000000085000000, 0x0000000085100000, 0x0000000085100000|100%| O|  |TAMS 0x0000000085100000, 0x0000000085100000| Untracked 
|  81|0x0000000085100000, 0x0000000085200000, 0x0000000085200000|100%| O|  |TAMS 0x0000000085200000, 0x0000000085200000| Untracked 
|  82|0x0000000085200000, 0x0000000085300000, 0x0000000085300000|100%| O|  |TAMS 0x0000000085300000, 0x0000000085300000| Untracked 
|  83|0x0000000085300000, 0x0000000085400000, 0x0000000085400000|100%| O|  |TAMS 0x0000000085400000, 0x0000000085400000| Untracked 
|  84|0x0000000085400000, 0x0000000085500000, 0x0000000085500000|100%| O|  |TAMS 0x0000000085500000, 0x0000000085500000| Untracked 
|  85|0x0000000085500000, 0x0000000085600000, 0x0000000085600000|100%| O|  |TAMS 0x0000000085600000, 0x0000000085600000| Untracked 
|  86|0x0000000085600000, 0x0000000085700000, 0x0000000085700000|100%| O|  |TAMS 0x0000000085700000, 0x0000000085700000| Untracked 
|  87|0x0000000085700000, 0x0000000085800000, 0x0000000085800000|100%| O|  |TAMS 0x0000000085800000, 0x0000000085800000| Untracked 
|  88|0x0000000085800000, 0x0000000085900000, 0x0000000085900000|100%| O|  |TAMS 0x0000000085900000, 0x0000000085900000| Untracked 
|  89|0x0000000085900000, 0x0000000085a00000, 0x0000000085a00000|100%| O|  |TAMS 0x0000000085a00000, 0x0000000085a00000| Untracked 
|  90|0x0000000085a00000, 0x0000000085b00000, 0x0000000085b00000|100%| O|  |TAMS 0x0000000085b00000, 0x0000000085b00000| Untracked 
|  91|0x0000000085b00000, 0x0000000085c00000, 0x0000000085c00000|100%| O|  |TAMS 0x0000000085c00000, 0x0000000085c00000| Untracked 
|  92|0x0000000085c00000, 0x0000000085d00000, 0x0000000085d00000|100%| O|  |TAMS 0x0000000085d00000, 0x0000000085d00000| Untracked 
|  93|0x0000000085d00000, 0x0000000085e00000, 0x0000000085e00000|100%| O|  |TAMS 0x0000000085e00000, 0x0000000085e00000| Untracked 
|  94|0x0000000085e00000, 0x0000000085f00000, 0x0000000085f00000|100%| O|  |TAMS 0x0000000085f00000, 0x0000000085f00000| Untracked 
|  95|0x0000000085f00000, 0x0000000086000000, 0x0000000086000000|100%| O|  |TAMS 0x0000000086000000, 0x0000000086000000| Untracked 
|  96|0x0000000086000000, 0x0000000086100000, 0x0000000086100000|100%| O|  |TAMS 0x0000000086100000, 0x0000000086100000| Untracked 
|  97|0x0000000086100000, 0x0000000086200000, 0x0000000086200000|100%| O|  |TAMS 0x0000000086200000, 0x0000000086200000| Untracked 
|  98|0x0000000086200000, 0x0000000086300000, 0x0000000086300000|100%| O|  |TAMS 0x0000000086300000, 0x0000000086300000| Untracked 
|  99|0x0000000086300000, 0x0000000086400000, 0x0000000086400000|100%| O|  |TAMS 0x0000000086400000, 0x0000000086400000| Untracked 
| 100|0x0000000086400000, 0x0000000086500000, 0x0000000086500000|100%| O|  |TAMS 0x0000000086500000, 0x0000000086500000| Untracked 
| 101|0x0000000086500000, 0x0000000086600000, 0x0000000086600000|100%| O|  |TAMS 0x0000000086600000, 0x0000000086600000| Untracked 
| 102|0x0000000086600000, 0x0000000086700000, 0x0000000086700000|100%| O|  |TAMS 0x0000000086700000, 0x0000000086700000| Untracked 
| 103|0x0000000086700000, 0x0000000086800000, 0x0000000086800000|100%| O|  |TAMS 0x0000000086800000, 0x0000000086800000| Untracked 
| 104|0x0000000086800000, 0x0000000086900000, 0x0000000086900000|100%| O|  |TAMS 0x0000000086900000, 0x0000000086900000| Untracked 
| 105|0x0000000086900000, 0x0000000086a00000, 0x0000000086a00000|100%| O|  |TAMS 0x0000000086a00000, 0x0000000086a00000| Untracked 
| 106|0x0000000086a00000, 0x0000000086b00000, 0x0000000086b00000|100%| O|  |TAMS 0x0000000086b00000, 0x0000000086b00000| Untracked 
| 107|0x0000000086b00000, 0x0000000086c00000, 0x0000000086c00000|100%| O|  |TAMS 0x0000000086c00000, 0x0000000086c00000| Untracked 
| 108|0x0000000086c00000, 0x0000000086d00000, 0x0000000086d00000|100%| O|  |TAMS 0x0000000086d00000, 0x0000000086d00000| Untracked 
| 109|0x0000000086d00000, 0x0000000086e00000, 0x0000000086e00000|100%| O|  |TAMS 0x0000000086e00000, 0x0000000086e00000| Untracked 
| 110|0x0000000086e00000, 0x0000000086f00000, 0x0000000086f00000|100%| O|  |TAMS 0x0000000086f00000, 0x0000000086f00000| Untracked 
| 111|0x0000000086f00000, 0x0000000087000000, 0x0000000087000000|100%| O|  |TAMS 0x0000000087000000, 0x0000000087000000| Untracked 
| 112|0x0000000087000000, 0x0000000087100000, 0x0000000087100000|100%| O|  |TAMS 0x0000000087100000, 0x0000000087100000| Untracked 
| 113|0x0000000087100000, 0x0000000087200000, 0x0000000087200000|100%| O|  |TAMS 0x0000000087200000, 0x0000000087200000| Untracked 
| 114|0x0000000087200000, 0x0000000087300000, 0x0000000087300000|100%| O|  |TAMS 0x0000000087300000, 0x0000000087300000| Untracked 
| 115|0x0000000087300000, 0x0000000087400000, 0x0000000087400000|100%| O|  |TAMS 0x0000000087400000, 0x0000000087400000| Untracked 
| 116|0x0000000087400000, 0x0000000087500000, 0x0000000087500000|100%| O|  |TAMS 0x0000000087408e00, 0x0000000087500000| Untracked 
| 117|0x0000000087500000, 0x0000000087600000, 0x0000000087600000|100%| O|  |TAMS 0x0000000087500000, 0x0000000087600000| Untracked 
| 118|0x0000000087600000, 0x0000000087700000, 0x0000000087700000|100%| O|  |TAMS 0x0000000087600000, 0x0000000087700000| Untracked 
| 119|0x0000000087700000, 0x0000000087800000, 0x0000000087800000|100%| O|  |TAMS 0x0000000087700000, 0x0000000087800000| Untracked 
| 120|0x0000000087800000, 0x0000000087900000, 0x0000000087900000|100%| O|  |TAMS 0x0000000087800000, 0x0000000087900000| Untracked 
| 121|0x0000000087900000, 0x0000000087a00000, 0x0000000087a00000|100%| O|  |TAMS 0x0000000087900000, 0x0000000087a00000| Untracked 
| 122|0x0000000087a00000, 0x0000000087a4b800, 0x0000000087b00000| 29%| O|  |TAMS 0x0000000087a00000, 0x0000000087a4b800| Untracked 
| 123|0x0000000087b00000, 0x0000000087b00000, 0x0000000087c00000|  0%| F|  |TAMS 0x0000000087b00000, 0x0000000087b00000| Untracked 
| 124|0x0000000087c00000, 0x0000000087c00000, 0x0000000087d00000|  0%| F|  |TAMS 0x0000000087c00000, 0x0000000087c00000| Untracked 
| 125|0x0000000087d00000, 0x0000000087d00000, 0x0000000087e00000|  0%| F|  |TAMS 0x0000000087d00000, 0x0000000087d00000| Untracked 
| 126|0x0000000087e00000, 0x0000000087e00000, 0x0000000087f00000|  0%| F|  |TAMS 0x0000000087e00000, 0x0000000087e00000| Untracked 
| 127|0x0000000087f00000, 0x0000000087f00000, 0x0000000088000000|  0%| F|  |TAMS 0x0000000087f00000, 0x0000000087f00000| Untracked 
| 128|0x0000000088000000, 0x0000000088000000, 0x0000000088100000|  0%| F|  |TAMS 0x0000000088000000, 0x0000000088000000| Untracked 
| 129|0x0000000088100000, 0x0000000088100000, 0x0000000088200000|  0%| F|  |TAMS 0x0000000088100000, 0x0000000088100000| Untracked 
| 130|0x0000000088200000, 0x0000000088200000, 0x0000000088300000|  0%| F|  |TAMS 0x0000000088200000, 0x0000000088200000| Untracked 
| 131|0x0000000088300000, 0x0000000088300000, 0x0000000088400000|  0%| F|  |TAMS 0x0000000088300000, 0x0000000088300000| Untracked 
| 132|0x0000000088400000, 0x0000000088400000, 0x0000000088500000|  0%| F|  |TAMS 0x0000000088400000, 0x0000000088400000| Untracked 
| 133|0x0000000088500000, 0x0000000088500000, 0x0000000088600000|  0%| F|  |TAMS 0x0000000088500000, 0x0000000088500000| Untracked 
| 134|0x0000000088600000, 0x0000000088600000, 0x0000000088700000|  0%| F|  |TAMS 0x0000000088600000, 0x0000000088600000| Untracked 
| 135|0x0000000088700000, 0x0000000088700000, 0x0000000088800000|  0%| F|  |TAMS 0x0000000088700000, 0x0000000088700000| Untracked 
| 136|0x0000000088800000, 0x0000000088800000, 0x0000000088900000|  0%| F|  |TAMS 0x0000000088800000, 0x0000000088800000| Untracked 
| 137|0x0000000088900000, 0x0000000088900000, 0x0000000088a00000|  0%| F|  |TAMS 0x0000000088900000, 0x0000000088900000| Untracked 
| 138|0x0000000088a00000, 0x0000000088a00000, 0x0000000088b00000|  0%| F|  |TAMS 0x0000000088a00000, 0x0000000088a00000| Untracked 
| 139|0x0000000088b00000, 0x0000000088b00000, 0x0000000088c00000|  0%| F|  |TAMS 0x0000000088b00000, 0x0000000088b00000| Untracked 
| 140|0x0000000088c00000, 0x0000000088c00000, 0x0000000088d00000|  0%| F|  |TAMS 0x0000000088c00000, 0x0000000088c00000| Untracked 
| 141|0x0000000088d00000, 0x0000000088d00000, 0x0000000088e00000|  0%| F|  |TAMS 0x0000000088d00000, 0x0000000088d00000| Untracked 
| 142|0x0000000088e00000, 0x0000000088e00000, 0x0000000088f00000|  0%| F|  |TAMS 0x0000000088e00000, 0x0000000088e00000| Untracked 
| 143|0x0000000088f00000, 0x0000000088f00000, 0x0000000089000000|  0%| F|  |TAMS 0x0000000088f00000, 0x0000000088f00000| Untracked 
| 144|0x0000000089000000, 0x0000000089000000, 0x0000000089100000|  0%| F|  |TAMS 0x0000000089000000, 0x0000000089000000| Untracked 
| 145|0x0000000089100000, 0x0000000089100000, 0x0000000089200000|  0%| F|  |TAMS 0x0000000089100000, 0x0000000089100000| Untracked 
| 146|0x0000000089200000, 0x0000000089200000, 0x0000000089300000|  0%| F|  |TAMS 0x0000000089200000, 0x0000000089200000| Untracked 
| 147|0x0000000089300000, 0x0000000089300000, 0x0000000089400000|  0%| F|  |TAMS 0x0000000089300000, 0x0000000089300000| Untracked 
| 148|0x0000000089400000, 0x0000000089400000, 0x0000000089500000|  0%| F|  |TAMS 0x0000000089400000, 0x0000000089400000| Untracked 
| 149|0x0000000089500000, 0x0000000089500000, 0x0000000089600000|  0%| F|  |TAMS 0x0000000089500000, 0x0000000089500000| Untracked 
| 150|0x0000000089600000, 0x0000000089600000, 0x0000000089700000|  0%| F|  |TAMS 0x0000000089600000, 0x0000000089600000| Untracked 
| 151|0x0000000089700000, 0x0000000089700000, 0x0000000089800000|  0%| F|  |TAMS 0x0000000089700000, 0x0000000089700000| Untracked 
| 152|0x0000000089800000, 0x0000000089800000, 0x0000000089900000|  0%| F|  |TAMS 0x0000000089800000, 0x0000000089800000| Untracked 
| 153|0x0000000089900000, 0x0000000089900000, 0x0000000089a00000|  0%| F|  |TAMS 0x0000000089900000, 0x0000000089900000| Untracked 
| 154|0x0000000089a00000, 0x0000000089a00000, 0x0000000089b00000|  0%| F|  |TAMS 0x0000000089a00000, 0x0000000089a00000| Untracked 
| 155|0x0000000089b00000, 0x0000000089b00000, 0x0000000089c00000|  0%| F|  |TAMS 0x0000000089b00000, 0x0000000089b00000| Untracked 
| 156|0x0000000089c00000, 0x0000000089c00000, 0x0000000089d00000|  0%| F|  |TAMS 0x0000000089c00000, 0x0000000089c00000| Untracked 
| 157|0x0000000089d00000, 0x0000000089d00000, 0x0000000089e00000|  0%| F|  |TAMS 0x0000000089d00000, 0x0000000089d00000| Untracked 
| 158|0x0000000089e00000, 0x0000000089e00000, 0x0000000089f00000|  0%| F|  |TAMS 0x0000000089e00000, 0x0000000089e00000| Untracked 
| 159|0x0000000089f00000, 0x0000000089f00000, 0x000000008a000000|  0%| F|  |TAMS 0x0000000089f00000, 0x0000000089f00000| Untracked 
| 160|0x000000008a000000, 0x000000008a000000, 0x000000008a100000|  0%| F|  |TAMS 0x000000008a000000, 0x000000008a000000| Untracked 
| 161|0x000000008a100000, 0x000000008a100000, 0x000000008a200000|  0%| F|  |TAMS 0x000000008a100000, 0x000000008a100000| Untracked 
| 162|0x000000008a200000, 0x000000008a209990, 0x000000008a300000|  3%| S|CS|TAMS 0x000000008a200000, 0x000000008a200000| Complete 
| 163|0x000000008a300000, 0x000000008a400000, 0x000000008a400000|100%| S|CS|TAMS 0x000000008a300000, 0x000000008a300000| Complete 
| 164|0x000000008a400000, 0x000000008a500000, 0x000000008a500000|100%| S|CS|TAMS 0x000000008a400000, 0x000000008a400000| Complete 
| 165|0x000000008a500000, 0x000000008a600000, 0x000000008a600000|100%| S|CS|TAMS 0x000000008a500000, 0x000000008a500000| Complete 
| 166|0x000000008a600000, 0x000000008a700000, 0x000000008a700000|100%| S|CS|TAMS 0x000000008a600000, 0x000000008a600000| Complete 
| 167|0x000000008a700000, 0x000000008a800000, 0x000000008a800000|100%| S|CS|TAMS 0x000000008a700000, 0x000000008a700000| Complete 
| 168|0x000000008a800000, 0x000000008a800000, 0x000000008a900000|  0%| F|  |TAMS 0x000000008a800000, 0x000000008a800000| Untracked 
| 169|0x000000008a900000, 0x000000008a900000, 0x000000008aa00000|  0%| F|  |TAMS 0x000000008a900000, 0x000000008a900000| Untracked 
| 170|0x000000008aa00000, 0x000000008aa00000, 0x000000008ab00000|  0%| F|  |TAMS 0x000000008aa00000, 0x000000008aa00000| Untracked 
| 171|0x000000008ab00000, 0x000000008ab00000, 0x000000008ac00000|  0%| F|  |TAMS 0x000000008ab00000, 0x000000008ab00000| Untracked 
| 172|0x000000008ac00000, 0x000000008ac00000, 0x000000008ad00000|  0%| F|  |TAMS 0x000000008ac00000, 0x000000008ac00000| Untracked 
| 173|0x000000008ad00000, 0x000000008ad00000, 0x000000008ae00000|  0%| F|  |TAMS 0x000000008ad00000, 0x000000008ad00000| Untracked 
| 174|0x000000008ae00000, 0x000000008ae00000, 0x000000008af00000|  0%| F|  |TAMS 0x000000008ae00000, 0x000000008ae00000| Untracked 
| 175|0x000000008af00000, 0x000000008af00000, 0x000000008b000000|  0%| F|  |TAMS 0x000000008af00000, 0x000000008af00000| Untracked 
| 176|0x000000008b000000, 0x000000008b000000, 0x000000008b100000|  0%| F|  |TAMS 0x000000008b000000, 0x000000008b000000| Untracked 
| 177|0x000000008b100000, 0x000000008b100000, 0x000000008b200000|  0%| F|  |TAMS 0x000000008b100000, 0x000000008b100000| Untracked 
| 178|0x000000008b200000, 0x000000008b200000, 0x000000008b300000|  0%| F|  |TAMS 0x000000008b200000, 0x000000008b200000| Untracked 
| 179|0x000000008b300000, 0x000000008b300000, 0x000000008b400000|  0%| F|  |TAMS 0x000000008b300000, 0x000000008b300000| Untracked 
| 180|0x000000008b400000, 0x000000008b400000, 0x000000008b500000|  0%| F|  |TAMS 0x000000008b400000, 0x000000008b400000| Untracked 
| 181|0x000000008b500000, 0x000000008b500000, 0x000000008b600000|  0%| F|  |TAMS 0x000000008b500000, 0x000000008b500000| Untracked 
| 182|0x000000008b600000, 0x000000008b600000, 0x000000008b700000|  0%| F|  |TAMS 0x000000008b600000, 0x000000008b600000| Untracked 
| 183|0x000000008b700000, 0x000000008b700000, 0x000000008b800000|  0%| F|  |TAMS 0x000000008b700000, 0x000000008b700000| Untracked 
| 184|0x000000008b800000, 0x000000008b800000, 0x000000008b900000|  0%| F|  |TAMS 0x000000008b800000, 0x000000008b800000| Untracked 
| 185|0x000000008b900000, 0x000000008b900000, 0x000000008ba00000|  0%| F|  |TAMS 0x000000008b900000, 0x000000008b900000| Untracked 
| 186|0x000000008ba00000, 0x000000008ba00000, 0x000000008bb00000|  0%| F|  |TAMS 0x000000008ba00000, 0x000000008ba00000| Untracked 
| 187|0x000000008bb00000, 0x000000008bb00000, 0x000000008bc00000|  0%| F|  |TAMS 0x000000008bb00000, 0x000000008bb00000| Untracked 
| 188|0x000000008bc00000, 0x000000008bc00000, 0x000000008bd00000|  0%| F|  |TAMS 0x000000008bc00000, 0x000000008bc00000| Untracked 
| 189|0x000000008bd00000, 0x000000008bd00000, 0x000000008be00000|  0%| F|  |TAMS 0x000000008bd00000, 0x000000008bd00000| Untracked 
| 190|0x000000008be00000, 0x000000008be00000, 0x000000008bf00000|  0%| F|  |TAMS 0x000000008be00000, 0x000000008be00000| Untracked 
| 191|0x000000008bf00000, 0x000000008bf00000, 0x000000008c000000|  0%| F|  |TAMS 0x000000008bf00000, 0x000000008bf00000| Untracked 
| 192|0x000000008c000000, 0x000000008c000000, 0x000000008c100000|  0%| F|  |TAMS 0x000000008c000000, 0x000000008c000000| Untracked 
| 193|0x000000008c100000, 0x000000008c100000, 0x000000008c200000|  0%| F|  |TAMS 0x000000008c100000, 0x000000008c100000| Untracked 
| 194|0x000000008c200000, 0x000000008c200000, 0x000000008c300000|  0%| F|  |TAMS 0x000000008c200000, 0x000000008c200000| Untracked 
| 195|0x000000008c300000, 0x000000008c300000, 0x000000008c400000|  0%| F|  |TAMS 0x000000008c300000, 0x000000008c300000| Untracked 
| 196|0x000000008c400000, 0x000000008c400000, 0x000000008c500000|  0%| F|  |TAMS 0x000000008c400000, 0x000000008c400000| Untracked 
| 197|0x000000008c500000, 0x000000008c500000, 0x000000008c600000|  0%| F|  |TAMS 0x000000008c500000, 0x000000008c500000| Untracked 
| 198|0x000000008c600000, 0x000000008c600000, 0x000000008c700000|  0%| F|  |TAMS 0x000000008c600000, 0x000000008c600000| Untracked 
| 199|0x000000008c700000, 0x000000008c700000, 0x000000008c800000|  0%| F|  |TAMS 0x000000008c700000, 0x000000008c700000| Untracked 
| 200|0x000000008c800000, 0x000000008c800000, 0x000000008c900000|  0%| F|  |TAMS 0x000000008c800000, 0x000000008c800000| Untracked 
| 201|0x000000008c900000, 0x000000008c900000, 0x000000008ca00000|  0%| F|  |TAMS 0x000000008c900000, 0x000000008c900000| Untracked 
| 202|0x000000008ca00000, 0x000000008ca00000, 0x000000008cb00000|  0%| F|  |TAMS 0x000000008ca00000, 0x000000008ca00000| Untracked 
| 203|0x000000008cb00000, 0x000000008cb00000, 0x000000008cc00000|  0%| F|  |TAMS 0x000000008cb00000, 0x000000008cb00000| Untracked 
| 204|0x000000008cc00000, 0x000000008cc00000, 0x000000008cd00000|  0%| F|  |TAMS 0x000000008cc00000, 0x000000008cc00000| Untracked 
| 205|0x000000008cd00000, 0x000000008cd00000, 0x000000008ce00000|  0%| F|  |TAMS 0x000000008cd00000, 0x000000008cd00000| Untracked 
| 206|0x000000008ce00000, 0x000000008ce00000, 0x000000008cf00000|  0%| F|  |TAMS 0x000000008ce00000, 0x000000008ce00000| Untracked 
| 207|0x000000008cf00000, 0x000000008cf00000, 0x000000008d000000|  0%| F|  |TAMS 0x000000008cf00000, 0x000000008cf00000| Untracked 
| 208|0x000000008d000000, 0x000000008d000000, 0x000000008d100000|  0%| F|  |TAMS 0x000000008d000000, 0x000000008d000000| Untracked 
| 209|0x000000008d100000, 0x000000008d100000, 0x000000008d200000|  0%| F|  |TAMS 0x000000008d100000, 0x000000008d100000| Untracked 
| 210|0x000000008d200000, 0x000000008d200000, 0x000000008d300000|  0%| F|  |TAMS 0x000000008d200000, 0x000000008d200000| Untracked 
| 211|0x000000008d300000, 0x000000008d300000, 0x000000008d400000|  0%| F|  |TAMS 0x000000008d300000, 0x000000008d300000| Untracked 
| 212|0x000000008d400000, 0x000000008d400000, 0x000000008d500000|  0%| F|  |TAMS 0x000000008d400000, 0x000000008d400000| Untracked 
| 213|0x000000008d500000, 0x000000008d500000, 0x000000008d600000|  0%| F|  |TAMS 0x000000008d500000, 0x000000008d500000| Untracked 
| 214|0x000000008d600000, 0x000000008d600000, 0x000000008d700000|  0%| F|  |TAMS 0x000000008d600000, 0x000000008d600000| Untracked 
| 215|0x000000008d700000, 0x000000008d700000, 0x000000008d800000|  0%| F|  |TAMS 0x000000008d700000, 0x000000008d700000| Untracked 
| 216|0x000000008d800000, 0x000000008d800000, 0x000000008d900000|  0%| F|  |TAMS 0x000000008d800000, 0x000000008d800000| Untracked 
| 217|0x000000008d900000, 0x000000008d900000, 0x000000008da00000|  0%| F|  |TAMS 0x000000008d900000, 0x000000008d900000| Untracked 
| 218|0x000000008da00000, 0x000000008da00000, 0x000000008db00000|  0%| F|  |TAMS 0x000000008da00000, 0x000000008da00000| Untracked 
| 219|0x000000008db00000, 0x000000008db00000, 0x000000008dc00000|  0%| F|  |TAMS 0x000000008db00000, 0x000000008db00000| Untracked 

Card table byte_map: [0x0000023420710000,0x0000023420b10000] _byte_map_base: 0x0000023420310000

Marking Bits (Prev, Next): (CMBitMap*) 0x000002340d50ec60, (CMBitMap*) 0x000002340d50ec28
 Prev Bits: [0x0000023422f10000, 0x0000023424f10000)
 Next Bits: [0x0000023420f10000, 0x0000023422f10000)

Polling page: 0x000002340ccb0000

Metaspace:

Usage:
  Non-class:     81.80 MB capacity,    80.41 MB ( 98%) used,     1.14 MB (  1%) free+waste,   258.94 KB ( <1%) overhead. 
      Class:     12.64 MB capacity,    11.74 MB ( 93%) used,   804.55 KB (  6%) free+waste,   115.69 KB ( <1%) overhead. 
       Both:     94.43 MB capacity,    92.14 MB ( 98%) used,     1.92 MB (  2%) free+waste,   374.63 KB ( <1%) overhead. 

Virtual space:
  Non-class space:       82.00 MB reserved,      82.00 MB (100%) committed 
      Class space:        1.00 GB reserved,      12.75 MB (  1%) committed 
             Both:        1.08 GB reserved,      94.75 MB (  9%) committed 

Chunk freelists:
   Non-Class:  16.00 KB
       Class:  20.00 KB
        Both:  36.00 KB

MaxMetaspaceSize: 17179869184.00 GB
CompressedClassSpaceSize: 1.00 GB
Initial GC threshold: 20.80 MB
Current GC threshold: 156.88 MB
CDS: off

CodeHeap 'non-profiled nmethods': size=120000Kb used=8516Kb max_used=8516Kb free=111483Kb
 bounds [0x0000023418ab0000, 0x0000023419310000, 0x000002341ffe0000]
CodeHeap 'profiled nmethods': size=120000Kb used=26328Kb max_used=26328Kb free=93671Kb
 bounds [0x0000023411580000, 0x0000023412f40000, 0x0000023418ab0000]
CodeHeap 'non-nmethods': size=5760Kb used=2376Kb max_used=2426Kb free=3384Kb
 bounds [0x0000023410fe0000, 0x0000023411250000, 0x0000023411580000]
 total_blobs=13109 nmethods=12217 adapters=804
 compilation: enabled
              stopped_count=0, restarted_count=0
 full_count=0

Compilation events (20 events):
Event: 18.063 Thread 0x00000234282f4800 12385       2       java.io.ObjectInputStream$BlockDataInputStream::readInt (73 bytes)
Event: 18.063 Thread 0x00000234282f4800 nmethod 12385 0x0000023412f2e690 code [0x0000023412f2e860, 0x0000023412f2ea28]
Event: 18.063 Thread 0x00000234282f4800 12386       2       java.io.ObjectInputStream$HandleTable::lookupObject (26 bytes)
Event: 18.063 Thread 0x00000234282f4800 nmethod 12386 0x0000023412f2eb90 code [0x0000023412f2ed40, 0x0000023412f2eeb8]
Event: 18.063 Thread 0x00000234282f4800 12380       2       java.io.ObjectInputStream::readHandle (136 bytes)
Event: 18.064 Thread 0x00000234282f4800 nmethod 12380 0x0000023412f2f010 code [0x0000023412f2f2e0, 0x0000023412f2fe38]
Event: 18.064 Thread 0x00000234282f4800 12387   !   2       java.io.ObjectInputStream$BlockDataInputStream::readBlockHeader (249 bytes)
Event: 18.065 Thread 0x00000234282f4800 nmethod 12387 0x0000023412f30490 code [0x0000023412f307c0, 0x0000023412f315c8]
Event: 18.065 Thread 0x00000234282f4800 12381       2       java.io.ObjectStreamClass::checkDeserialize (20 bytes)
Event: 18.066 Thread 0x00000234282f4800 nmethod 12381 0x0000023412f32210 code [0x0000023412f323e0, 0x0000023412f32638]
Event: 18.066 Thread 0x00000234282f4800 12378   !   2       java.io.ObjectInputStream::readOrdinaryObject (322 bytes)
Event: 18.067 Thread 0x00000234282f4800 nmethod 12378 0x0000023412f32790 code [0x0000023412f32b40, 0x0000023412f33928]
Event: 18.070 Thread 0x00000234282f4800 12388       2       java.util.regex.Pattern$SliceU::match (99 bytes)
Event: 18.071 Thread 0x00000234282f4800 nmethod 12388 0x0000023412f34310 code [0x0000023412f34520, 0x0000023412f34838]
Event: 18.072 Thread 0x00000234282f4800 12389       2       java.io.FileInputStream::<init> (122 bytes)
Event: 18.074 Thread 0x00000234282f4800 nmethod 12389 0x0000023412f34a10 code [0x0000023412f34c80, 0x0000023412f353b8]
Event: 18.074 Thread 0x00000234282f4800 12390       2       java.io.FileInputStream::open (6 bytes)
Event: 18.074 Thread 0x00000234282f4800 nmethod 12390 0x0000023412f35710 code [0x0000023412f358c0, 0x0000023412f359c8]
Event: 18.074 Thread 0x00000234282f4800 12391   !   2       java.io.FileInputStream::getFinalizer (42 bytes)
Event: 18.074 Thread 0x00000234282f4800 nmethod 12391 0x0000023412f35a90 code [0x0000023412f35c80, 0x0000023412f35fa8]

GC Heap History (20 events):
Event: 15.179 GC heap after
{Heap after GC invocations=30 (full 0):
 garbage-first heap   total 187392K, used 106454K [0x0000000080000000, 0x0000000100000000)
  region size 1024K, 6 young (6144K), 6 survivors (6144K)
 Metaspace       used 89271K, capacity 91428K, committed 91648K, reserved 1128448K
  class space    used 11378K, capacity 12215K, committed 12288K, reserved 1048576K
}
Event: 15.528 GC heap before
{Heap before GC invocations=30 (full 0):
 garbage-first heap   total 187392K, used 153558K [0x0000000080000000, 0x0000000100000000)
  region size 1024K, 53 young (54272K), 6 survivors (6144K)
 Metaspace       used 89461K, capacity 91670K, committed 91904K, reserved 1128448K
  class space    used 11407K, capacity 12229K, committed 12288K, reserved 1048576K
}
Event: 15.539 GC heap after
{Heap after GC invocations=31 (full 0):
 garbage-first heap   total 187392K, used 109138K [0x0000000080000000, 0x0000000100000000)
  region size 1024K, 3 young (3072K), 3 survivors (3072K)
 Metaspace       used 89461K, capacity 91670K, committed 91904K, reserved 1128448K
  class space    used 11407K, capacity 12229K, committed 12288K, reserved 1048576K
}
Event: 15.744 GC heap before
{Heap before GC invocations=32 (full 0):
 garbage-first heap   total 187392K, used 133714K [0x0000000080000000, 0x0000000100000000)
  region size 1024K, 29 young (29696K), 3 survivors (3072K)
 Metaspace       used 89489K, capacity 91675K, committed 91904K, reserved 1128448K
  class space    used 11408K, capacity 12230K, committed 12288K, reserved 1048576K
}
Event: 15.750 GC heap after
{Heap after GC invocations=33 (full 0):
 garbage-first heap   total 187392K, used 110155K [0x0000000080000000, 0x0000000100000000)
  region size 1024K, 4 young (4096K), 4 survivors (4096K)
 Metaspace       used 89489K, capacity 91675K, committed 91904K, reserved 1128448K
  class space    used 11408K, capacity 12230K, committed 12288K, reserved 1048576K
}
Event: 16.007 GC heap before
{Heap before GC invocations=34 (full 0):
 garbage-first heap   total 187392K, used 151115K [0x0000000080000000, 0x0000000100000000)
  region size 1024K, 44 young (45056K), 4 survivors (4096K)
 Metaspace       used 89611K, capacity 91893K, committed 92160K, reserved 1128448K
  class space    used 11429K, capacity 12275K, committed 12288K, reserved 1048576K
}
Event: 16.012 GC heap after
{Heap after GC invocations=35 (full 0):
 garbage-first heap   total 187392K, used 114006K [0x0000000080000000, 0x0000000100000000)
  region size 1024K, 6 young (6144K), 6 survivors (6144K)
 Metaspace       used 89611K, capacity 91893K, committed 92160K, reserved 1128448K
  class space    used 11429K, capacity 12275K, committed 12288K, reserved 1048576K
}
Event: 16.127 GC heap before
{Heap before GC invocations=35 (full 0):
 garbage-first heap   total 187392K, used 151894K [0x0000000080000000, 0x0000000100000000)
  region size 1024K, 44 young (45056K), 6 survivors (6144K)
 Metaspace       used 89615K, capacity 91893K, committed 92160K, reserved 1128448K
  class space    used 11429K, capacity 12275K, committed 12288K, reserved 1048576K
}
Event: 16.136 GC heap after
{Heap after GC invocations=36 (full 0):
 garbage-first heap   total 187392K, used 115978K [0x0000000080000000, 0x0000000100000000)
  region size 1024K, 3 young (3072K), 3 survivors (3072K)
 Metaspace       used 89615K, capacity 91893K, committed 92160K, reserved 1128448K
  class space    used 11429K, capacity 12275K, committed 12288K, reserved 1048576K
}
Event: 16.445 GC heap before
{Heap before GC invocations=37 (full 0):
 garbage-first heap   total 187392K, used 153866K [0x0000000080000000, 0x0000000100000000)
  region size 1024K, 41 young (41984K), 3 survivors (3072K)
 Metaspace       used 90684K, capacity 92922K, committed 93184K, reserved 1130496K
  class space    used 11581K, capacity 12431K, committed 12544K, reserved 1048576K
}
Event: 16.450 GC heap after
{Heap after GC invocations=38 (full 0):
 garbage-first heap   total 187392K, used 117535K [0x0000000080000000, 0x0000000100000000)
  region size 1024K, 4 young (4096K), 4 survivors (4096K)
 Metaspace       used 90684K, capacity 92922K, committed 93184K, reserved 1130496K
  class space    used 11581K, capacity 12431K, committed 12544K, reserved 1048576K
}
Event: 16.590 GC heap before
{Heap before GC invocations=38 (full 0):
 garbage-first heap   total 187392K, used 155423K [0x0000000080000000, 0x0000000100000000)
  region size 1024K, 42 young (43008K), 4 survivors (4096K)
 Metaspace       used 91409K, capacity 93663K, committed 93696K, reserved 1130496K
  class space    used 11684K, capacity 12528K, committed 12544K, reserved 1048576K
}
Event: 16.598 GC heap after
{Heap after GC invocations=39 (full 0):
 garbage-first heap   total 225280K, used 119169K [0x0000000080000000, 0x0000000100000000)
  region size 1024K, 4 young (4096K), 4 survivors (4096K)
 Metaspace       used 91409K, capacity 93663K, committed 93696K, reserved 1130496K
  class space    used 11684K, capacity 12528K, committed 12544K, reserved 1048576K
}
Event: 16.992 GC heap before
{Heap before GC invocations=40 (full 0):
 garbage-first heap   total 225280K, used 179585K [0x0000000080000000, 0x0000000100000000)
  region size 1024K, 64 young (65536K), 4 survivors (4096K)
 Metaspace       used 93371K, capacity 95616K, committed 95744K, reserved 1132544K
  class space    used 11914K, capacity 12752K, committed 12800K, reserved 1048576K
}
Event: 17.005 GC heap after
{Heap after GC invocations=41 (full 0):
 garbage-first heap   total 225280K, used 122325K [0x0000000080000000, 0x0000000100000000)
  region size 1024K, 7 young (7168K), 7 survivors (7168K)
 Metaspace       used 93371K, capacity 95616K, committed 95744K, reserved 1132544K
  class space    used 11914K, capacity 12752K, committed 12800K, reserved 1048576K
}
Event: 17.345 GC heap before
{Heap before GC invocations=41 (full 0):
 garbage-first heap   total 225280K, used 181717K [0x0000000080000000, 0x0000000100000000)
  region size 1024K, 66 young (67584K), 7 survivors (7168K)
 Metaspace       used 93887K, capacity 96219K, committed 96384K, reserved 1132544K
  class space    used 11973K, capacity 12892K, committed 12928K, reserved 1048576K
}
Event: 17.355 GC heap after
{Heap after GC invocations=42 (full 0):
 garbage-first heap   total 225280K, used 125676K [0x0000000080000000, 0x0000000100000000)
  region size 1024K, 7 young (7168K), 7 survivors (7168K)
 Metaspace       used 93887K, capacity 96219K, committed 96384K, reserved 1132544K
  class space    used 11973K, capacity 12892K, committed 12928K, reserved 1048576K
}
Event: 17.767 GC heap before
{Heap before GC invocations=43 (full 0):
 garbage-first heap   total 225280K, used 184044K [0x0000000080000000, 0x0000000100000000)
  region size 1024K, 65 young (66560K), 7 survivors (7168K)
 Metaspace       used 93998K, capacity 96366K, committed 96640K, reserved 1132544K
  class space    used 11985K, capacity 12898K, committed 12928K, reserved 1048576K
}
Event: 17.776 GC heap after
{Heap after GC invocations=44 (full 0):
 garbage-first heap   total 225280K, used 127930K [0x0000000080000000, 0x0000000100000000)
  region size 1024K, 6 young (6144K), 6 survivors (6144K)
 Metaspace       used 93998K, capacity 96366K, committed 96640K, reserved 1132544K
  class space    used 11985K, capacity 12898K, committed 12928K, reserved 1048576K
}
Event: 18.075 GC heap before
{Heap before GC invocations=44 (full 0):
 garbage-first heap   total 225280K, used 179130K [0x0000000080000000, 0x0000000100000000)
  region size 1024K, 58 young (59392K), 6 survivors (6144K)
 Metaspace       used 94356K, capacity 96700K, committed 97024K, reserved 1132544K
  class space    used 12019K, capacity 12940K, committed 13056K, reserved 1048576K
}

Deoptimization events (20 events):
Event: 17.909 Thread 0x000002342d3e3000 Uncommon trap: trap_request=0xffffff4d fr.pc=0x0000023418ba7418 relative=0x0000000000000078
Event: 17.909 Thread 0x000002342d3e3000 Uncommon trap: reason=unstable_if action=reinterpret pc=0x0000023418ba7418 method=java.lang.Integer.stringSize(I)I @ 19 c2
Event: 17.909 Thread 0x000002342d3e3000 DEOPT PACKING pc=0x0000023418ba7418 sp=0x00000063ffafa7b0
Event: 17.909 Thread 0x000002342d3e3000 DEOPT UNPACKING pc=0x000002341102a1af sp=0x00000063ffafa728 mode 2
Event: 17.925 Thread 0x000002342d3e7000 Uncommon trap: trap_request=0xffffffc6 fr.pc=0x000002341924d8d4 relative=0x0000000000000dd4
Event: 17.925 Thread 0x000002342d3e7000 Uncommon trap: reason=bimorphic_or_optimized_type_check action=maybe_recompile pc=0x000002341924d8d4 method=org.gradle.internal.snapshot.AbstractListChildMap.withReplacedChild(ILjava/lang/String;Ljava/lang/Object;)Lorg/gradle/internal/snapshot/ChildMap; @
Event: 17.925 Thread 0x000002342d3e7000 DEOPT PACKING pc=0x000002341924d8d4 sp=0x00000063ffefb4e0
Event: 17.925 Thread 0x000002342d3e7000 DEOPT UNPACKING pc=0x000002341102a1af sp=0x00000063ffefb3c0 mode 2
Event: 17.928 Thread 0x000002342d3e7800 Uncommon trap: trap_request=0xffffff4d fr.pc=0x00000234190b92f0 relative=0x00000000000004b0
Event: 17.928 Thread 0x000002342d3e7800 Uncommon trap: reason=unstable_if action=reinterpret pc=0x00000234190b92f0 method=java.lang.String.regionMatches(ZILjava/lang/String;II)Z @ 21 c2
Event: 17.928 Thread 0x000002342d3e7800 DEOPT PACKING pc=0x00000234190b92f0 sp=0x00000063805fd690
Event: 17.928 Thread 0x000002342d3e7800 DEOPT UNPACKING pc=0x000002341102a1af sp=0x00000063805fd640 mode 2
Event: 17.939 Thread 0x000002342d3e7800 DEOPT PACKING pc=0x0000023412f08388 sp=0x00000063805fd6f0
Event: 17.939 Thread 0x000002342d3e7800 DEOPT UNPACKING pc=0x000002341102a95e sp=0x00000063805fcbf8 mode 0
Event: 18.043 Thread 0x0000023436253800 DEOPT PACKING pc=0x00000234127a1880 sp=0x00000063806fc8c0
Event: 18.044 Thread 0x0000023436253800 DEOPT UNPACKING pc=0x000002341102a95e sp=0x00000063806fbda0 mode 0
Event: 18.068 Thread 0x0000023436253800 Uncommon trap: trap_request=0x00000186 fr.pc=0x0000023418fbbd48 relative=0x0000000000000f68
Event: 18.068 Thread 0x0000023436253800 Uncommon trap: reason=unloaded action=reinterpret pc=0x0000023418fbbd48 method=java.util.regex.Pattern.newSlice([IIZ)Ljava/util/regex/Pattern$Node; @ 68 c2
Event: 18.068 Thread 0x0000023436253800 DEOPT PACKING pc=0x0000023418fbbd48 sp=0x00000063806fd3f0
Event: 18.068 Thread 0x0000023436253800 DEOPT UNPACKING pc=0x000002341102a1af sp=0x00000063806fd358 mode 2

Classes redefined (0 events):
No events

Internal exceptions (20 events):
Event: 15.801 Thread 0x000002342d3dc000 Exception <a 'java/lang/NoSuchMethodError'{0x000000008b4426c0}: <clinit>> (0x000000008b4426c0) thrown at [./src/hotspot/share/prims/jni.cpp, line 1365]
Event: 15.801 Thread 0x000002342d3dc000 Exception <a 'java/lang/NoSuchMethodError'{0x000000008b4439f8}: <clinit>> (0x000000008b4439f8) thrown at [./src/hotspot/share/prims/jni.cpp, line 1365]
Event: 15.801 Thread 0x000002342d3dc000 Exception <a 'java/lang/NoSuchMethodError'{0x000000008b445ea0}: <clinit>> (0x000000008b445ea0) thrown at [./src/hotspot/share/prims/jni.cpp, line 1365]
Event: 15.802 Thread 0x000002342d3dc000 Exception <a 'java/lang/NoSuchMethodError'{0x000000008b45d400}: <clinit>> (0x000000008b45d400) thrown at [./src/hotspot/share/prims/jni.cpp, line 1365]
Event: 15.803 Thread 0x000002342d3dc000 Exception <a 'java/lang/NoSuchMethodError'{0x000000008b45e8e0}: <clinit>> (0x000000008b45e8e0) thrown at [./src/hotspot/share/prims/jni.cpp, line 1365]
Event: 16.027 Thread 0x000002342c192000 Implicit null exception at 0x00000234191f99c8 to 0x00000234191fa298
Event: 16.235 Thread 0x000002342d3dc000 Exception <a 'sun/nio/fs/WindowsException'{0x000000008a2a5a78}> (0x000000008a2a5a78) thrown at [./src/hotspot/share/prims/jni.cpp, line 615]
Event: 16.235 Thread 0x000002342d3dc000 Exception <a 'sun/nio/fs/WindowsException'{0x000000008a2a6918}> (0x000000008a2a6918) thrown at [./src/hotspot/share/prims/jni.cpp, line 615]
Event: 16.236 Thread 0x000002342d3dc000 Exception <a 'sun/nio/fs/WindowsException'{0x000000008a2a77f0}> (0x000000008a2a77f0) thrown at [./src/hotspot/share/prims/jni.cpp, line 615]
Event: 16.236 Thread 0x000002342d3dc000 Exception <a 'sun/nio/fs/WindowsException'{0x000000008a2a8688}> (0x000000008a2a8688) thrown at [./src/hotspot/share/prims/jni.cpp, line 615]
Event: 16.254 Thread 0x000002342d3dc000 Exception <a 'java/lang/NoSuchMethodError'{0x000000008a044210}: <clinit>> (0x000000008a044210) thrown at [./src/hotspot/share/prims/jni.cpp, line 1365]
Event: 16.257 Thread 0x000002342d3dc000 Exception <a 'java/lang/NoSuchMethodError'{0x000000008a07ac80}: <clinit>> (0x000000008a07ac80) thrown at [./src/hotspot/share/prims/jni.cpp, line 1365]
Event: 16.260 Thread 0x000002342d3dc000 Exception <a 'java/lang/NoSuchMethodError'{0x000000008a0cb448}: <clinit>> (0x000000008a0cb448) thrown at [./src/hotspot/share/prims/jni.cpp, line 1365]
Event: 16.261 Thread 0x000002342d3dc000 Exception <a 'java/lang/NoSuchMethodError'{0x000000008a0de260}: <clinit>> (0x000000008a0de260) thrown at [./src/hotspot/share/prims/jni.cpp, line 1365]
Event: 17.111 Thread 0x000002342d3e8800 Exception <a 'java/lang/NoSuchMethodError'{0x000000008cd5b450}: 'void java.lang.invoke.DirectMethodHandle$Holder.invokeStatic(java.lang.Object, long)'> (0x000000008cd5b450) thrown at [./src/hotspot/share/interpreter/linkResolver.cpp, line 773]
Event: 17.111 Thread 0x000002342d3e8800 Exception <a 'java/lang/NoSuchMethodError'{0x000000008cd60668}: 'java.lang.Object java.lang.invoke.DirectMethodHandle$Holder.invokeStatic(java.lang.Object, long)'> (0x000000008cd60668) thrown at [./src/hotspot/share/interpreter/linkResolver.cpp, line 773]
Event: 17.114 Thread 0x000002342d3e8800 Exception <a 'java/lang/NoSuchMethodError'{0x000000008cd6e9d0}: 'java.lang.Object java.lang.invoke.DirectMethodHandle$Holder.invokeStaticInit(java.lang.Object, java.lang.Object, long, java.lang.Object)'> (0x000000008cd6e9d0) thrown at [./src/hotspot/share/interpreter/linkResolver.cpp, line 773]
Event: 17.114 Thread 0x000002342d3e8800 Exception <a 'java/lang/NoSuchMethodError'{0x000000008cd74b68}: 'java.lang.Object java.lang.invoke.DirectMethodHandle$Holder.invokeStatic(java.lang.Object, java.lang.Object, long)'> (0x000000008cd74b68) thrown at [./src/hotspot/share/interpreter/linkResolver.cpp, line 773]
Event: 17.115 Thread 0x000002342d3e8800 Exception <a 'java/lang/NoSuchMethodError'{0x000000008cd7b0e0}: 'java.lang.Object java.lang.invoke.Invokers$Holder.linkToTargetMethod(java.lang.Object, long, java.lang.Object)'> (0x000000008cd7b0e0) thrown at [./src/hotspot/share/interpreter/linkResolver.cpp, line 773]
Event: 17.609 Thread 0x000002342d3e8800 Exception <a 'java/lang/NoSuchMethodError'{0x000000008c5c8250}: 'int java.lang.invoke.DirectMethodHandle$Holder.invokeSpecialIFC(java.lang.Object, java.lang.Object, java.lang.Object)'> (0x000000008c5c8250) thrown at [./src/hotspot/share/interpreter/linkResolver.cpp, line 773]

Events (20 events):
Event: 18.064 loading class com/android/build/api/transform/TransformException done
Event: 18.066 loading class com/android/builder/dexing/DexArchiveEntry
Event: 18.066 loading class com/android/builder/dexing/DexArchiveEntry done
Event: 18.067 loading class com/android/builder/dexing/DexArchives
Event: 18.067 loading class com/android/builder/dexing/DexArchives done
Event: 18.067 loading class com/android/builder/dexing/DexArchive
Event: 18.067 loading class com/android/builder/dexing/DexArchive done
Event: 18.067 loading class com/android/builder/dexing/ClassFileInputs
Event: 18.067 loading class com/android/builder/dexing/ClassFileInputs done
Event: 18.068 loading class com/android/builder/dexing/ClassFileInput
Event: 18.068 loading class com/android/builder/dexing/ClassFileInput done
Event: 18.068 loading class sun/nio/fs/Globs
Event: 18.068 loading class sun/nio/fs/Globs done
Event: 18.068 loading class java/util/regex/Pattern$SliceU
Event: 18.068 loading class java/util/regex/Pattern$SliceU done
Event: 18.068 loading class sun/nio/fs/WindowsFileSystem$2
Event: 18.068 loading class sun/nio/fs/WindowsFileSystem$2 done
Event: 18.069 loading class com/android/builder/dexing/DirDexArchive
Event: 18.069 loading class com/android/builder/dexing/DirDexArchive done
Event: 18.074 Executing VM operation: G1CollectForAllocation


Dynamic libraries:
0x00007ff66bdf0000 - 0x00007ff66bdfa000 	C:\Program Files\Android\Android Studio\jre\bin\java.exe
0x00007ffb5ff60000 - 0x00007ffb60169000 	C:\Windows\SYSTEM32\ntdll.dll
0x00007ffb5e770000 - 0x00007ffb5e82d000 	C:\Windows\System32\KERNEL32.DLL
0x00007ffb5d470000 - 0x00007ffb5d7e9000 	C:\Windows\System32\KERNELBASE.dll
0x00007ffb5dbe0000 - 0x00007ffb5dcf1000 	C:\Windows\System32\ucrtbase.dll
0x00007ffb35ee0000 - 0x00007ffb35ef9000 	C:\Program Files\Android\Android Studio\jre\bin\jli.dll
0x00007ffb30660000 - 0x00007ffb30677000 	C:\Program Files\Android\Android Studio\jre\bin\VCRUNTIME140.dll
0x00007ffb5fd50000 - 0x00007ffb5fefc000 	C:\Windows\System32\USER32.dll
0x00007ffb5d440000 - 0x00007ffb5d466000 	C:\Windows\System32\win32u.dll
0x00007ffb5ea10000 - 0x00007ffb5ea39000 	C:\Windows\System32\GDI32.dll
0x00007ffb5d7f0000 - 0x00007ffb5d902000 	C:\Windows\System32\gdi32full.dll
0x00007ffb4d410000 - 0x00007ffb4d6b5000 	C:\Windows\WinSxS\amd64_microsoft.windows.common-controls_6595b64144ccf1df_6.0.22000.120_none_9d947278b86cc467\COMCTL32.dll
0x00007ffb5db40000 - 0x00007ffb5dbdd000 	C:\Windows\System32\msvcp_win.dll
0x00007ffb5f920000 - 0x00007ffb5f9c3000 	C:\Windows\System32\msvcrt.dll
0x00007ffb5ea50000 - 0x00007ffb5ea81000 	C:\Windows\System32\IMM32.DLL
0x00007ffb2c000000 - 0x00007ffb2c09d000 	C:\Program Files\Android\Android Studio\jre\bin\msvcp140.dll
0x00007ffb098d0000 - 0x00007ffb0a3b5000 	C:\Program Files\Android\Android Studio\jre\bin\server\jvm.dll
0x00007ffb5e590000 - 0x00007ffb5e63e000 	C:\Windows\System32\ADVAPI32.dll
0x00007ffb5fbe0000 - 0x00007ffb5fc7e000 	C:\Windows\System32\sechost.dll
0x00007ffb5f800000 - 0x00007ffb5f920000 	C:\Windows\System32\RPCRT4.dll
0x00007ffb5ea40000 - 0x00007ffb5ea48000 	C:\Windows\System32\PSAPI.DLL
0x00007ffb59a50000 - 0x00007ffb59a59000 	C:\Windows\SYSTEM32\WSOCK32.dll
0x00007ffb588b0000 - 0x00007ffb588e3000 	C:\Windows\SYSTEM32\WINMM.dll
0x00007ffb57090000 - 0x00007ffb5709a000 	C:\Windows\SYSTEM32\VERSION.dll
0x00007ffb5fc80000 - 0x00007ffb5fcef000 	C:\Windows\System32\WS2_32.dll
0x00007ffb5c630000 - 0x00007ffb5c648000 	C:\Windows\SYSTEM32\kernel.appcore.dll
0x00007ffb42a90000 - 0x00007ffb42aa1000 	C:\Program Files\Android\Android Studio\jre\bin\verify.dll
0x00007ffb5afb0000 - 0x00007ffb5b1d1000 	C:\Windows\SYSTEM32\DBGHELP.DLL
0x00007ffb567c0000 - 0x00007ffb567f1000 	C:\Windows\SYSTEM32\dbgcore.DLL
0x00007ffb5dd00000 - 0x00007ffb5dd7f000 	C:\Windows\System32\bcryptPrimitives.dll
0x00007ffb31870000 - 0x00007ffb31899000 	C:\Program Files\Android\Android Studio\jre\bin\java.dll
0x00007ffb56890000 - 0x00007ffb5689b000 	C:\Program Files\Android\Android Studio\jre\bin\jimage.dll
0x00007ffb429b0000 - 0x00007ffb429c8000 	C:\Program Files\Android\Android Studio\jre\bin\zip.dll
0x00007ffb5ebd0000 - 0x00007ffb5f388000 	C:\Windows\System32\SHELL32.dll
0x00007ffb5b5c0000 - 0x00007ffb5be27000 	C:\Windows\SYSTEM32\windows.storage.dll
0x00007ffb5f480000 - 0x00007ffb5f7f9000 	C:\Windows\System32\combase.dll
0x00007ffb5b450000 - 0x00007ffb5b5b6000 	C:\Windows\SYSTEM32\wintypes.dll
0x00007ffb5ddf0000 - 0x00007ffb5deda000 	C:\Windows\System32\SHCORE.dll
0x00007ffb5eab0000 - 0x00007ffb5eb0d000 	C:\Windows\System32\shlwapi.dll
0x00007ffb5d370000 - 0x00007ffb5d391000 	C:\Windows\SYSTEM32\profapi.dll
0x00007ffb3c810000 - 0x00007ffb3c82a000 	C:\Program Files\Android\Android Studio\jre\bin\net.dll
0x00007ffb57ef0000 - 0x00007ffb57ffc000 	C:\Windows\SYSTEM32\WINHTTP.dll
0x00007ffb5ca60000 - 0x00007ffb5cac7000 	C:\Windows\system32\mswsock.dll
0x00007ffb310a0000 - 0x00007ffb310b4000 	C:\Program Files\Android\Android Studio\jre\bin\nio.dll
0x00007ffb35f00000 - 0x00007ffb35f27000 	C:\Users\Santosh Sharma\.gradle\native\8bec1ad78214c89d9ad589b4d07fe93259594b29d510b10fafb7a158f7737e5d\windows-amd64\native-platform.dll
0x00007ffb1e3f0000 - 0x00007ffb1e52d000 	C:\Users\Santosh Sharma\.gradle\native\53dbd7edfb1c66fb8903c78663c9afc45aea4f116125fa6feffd364cf09443e8\windows-amd64\native-platform-file-events.dll
0x00007ffb565a0000 - 0x00007ffb565aa000 	C:\Program Files\Android\Android Studio\jre\bin\management.dll
0x00007ffb55f80000 - 0x00007ffb55f8d000 	C:\Program Files\Android\Android Studio\jre\bin\management_ext.dll
0x00007ffb5cca0000 - 0x00007ffb5ccb8000 	C:\Windows\SYSTEM32\CRYPTSP.dll
0x00007ffb5c590000 - 0x00007ffb5c5c5000 	C:\Windows\system32\rsaenh.dll
0x00007ffb5cb50000 - 0x00007ffb5cb79000 	C:\Windows\SYSTEM32\USERENV.dll
0x00007ffb5ce20000 - 0x00007ffb5ce47000 	C:\Windows\SYSTEM32\bcrypt.dll
0x00007ffb5ccc0000 - 0x00007ffb5cccc000 	C:\Windows\SYSTEM32\CRYPTBASE.dll
0x00007ffb5c160000 - 0x00007ffb5c18d000 	C:\Windows\SYSTEM32\IPHLPAPI.DLL
0x00007ffb5fb70000 - 0x00007ffb5fb79000 	C:\Windows\System32\NSI.dll
0x00007ffb57d70000 - 0x00007ffb57d89000 	C:\Windows\SYSTEM32\dhcpcsvc6.DLL
0x00007ffb58590000 - 0x00007ffb585ae000 	C:\Windows\SYSTEM32\dhcpcsvc.DLL
0x00007ffb5c190000 - 0x00007ffb5c278000 	C:\Windows\SYSTEM32\DNSAPI.dll

dbghelp: loaded successfully - version: 4.0.5 - missing functions: none
symbol engine: initialized successfully - sym options: 0x614 - pdb path: .;C:\Program Files\Android\Android Studio\jre\bin;C:\Windows\SYSTEM32;C:\Windows\WinSxS\amd64_microsoft.windows.common-controls_6595b64144ccf1df_6.0.22000.120_none_9d947278b86cc467;C:\Program Files\Android\Android Studio\jre\bin\server;C:\Users\Santosh Sharma\.gradle\native\8bec1ad78214c89d9ad589b4d07fe93259594b29d510b10fafb7a158f7737e5d\windows-amd64;C:\Users\Santosh Sharma\.gradle\native\53dbd7edfb1c66fb8903c78663c9afc45aea4f116125fa6feffd364cf09443e8\windows-amd64

VM Arguments:
jvm_args: --add-opens=java.base/java.util=ALL-UNNAMED --add-opens=java.base/java.lang=ALL-UNNAMED --add-opens=java.base/java.lang.invoke=ALL-UNNAMED --add-opens=java.base/java.util=ALL-UNNAMED --add-opens=java.prefs/java.util.prefs=ALL-UNNAMED --add-opens=java.prefs/java.util.prefs=ALL-UNNAMED --add-opens=java.base/java.nio.charset=ALL-UNNAMED --add-opens=java.base/java.net=ALL-UNNAMED --add-opens=java.base/java.util.concurrent.atomic=ALL-UNNAMED -Xmx2048m -Dfile.encoding=UTF-8 -Duser.country=IN -Duser.language=en -Duser.variant 
java_command: org.gradle.launcher.daemon.bootstrap.GradleDaemon 7.1
java_class_path (initial): C:\Users\Santosh Sharma\.gradle\wrapper\dists\gradle-7.1-bin\4pslxx9lrxt5svtz5wbnb6tkz\gradle-7.1\lib\gradle-launcher-7.1.jar
Launcher Type: SUN_STANDARD

[Global flags]
     intx CICompilerCount                          = 4                                         {product} {ergonomic}
     uint ConcGCThreads                            = 2                                         {product} {ergonomic}
     uint G1ConcRefinementThreads                  = 8                                         {product} {ergonomic}
   size_t G1HeapRegionSize                         = 1048576                                   {product} {ergonomic}
    uintx GCDrainStackTargetSize                   = 64                                        {product} {ergonomic}
   size_t InitialHeapSize                          = 132120576                                 {product} {ergonomic}
   size_t MarkStackSize                            = 4194304                                   {product} {ergonomic}
   size_t MaxHeapSize                              = 2147483648                                {product} {command line}
   size_t MaxNewSize                               = 1287651328                                {product} {ergonomic}
   size_t MinHeapDeltaBytes                        = 1048576                                   {product} {ergonomic}
    uintx NonNMethodCodeHeapSize                   = 5836300                                {pd product} {ergonomic}
    uintx NonProfiledCodeHeapSize                  = 122910970                              {pd product} {ergonomic}
    uintx ProfiledCodeHeapSize                     = 122910970                              {pd product} {ergonomic}
    uintx ReservedCodeCacheSize                    = 251658240                              {pd product} {ergonomic}
     bool SegmentedCodeCache                       = true                                      {product} {ergonomic}
     bool UseCompressedClassPointers               = true                                 {lp64_product} {ergonomic}
     bool UseCompressedOops                        = true                                 {lp64_product} {ergonomic}
     bool UseG1GC                                  = true                                      {product} {ergonomic}
     bool UseLargePagesIndividualAllocation        = false                                  {pd product} {ergonomic}

Logging:
Log output configuration:
 #0: stdout all=warning uptime,level,tags
 #1: stderr all=off uptime,level,tags

Environment Variables:
PATH=C:\Program Files\Common Files\Oracle\Java\javapath;C:\Program Files (x86)\Common Files\Oracle\Java\javapath;C:\Windows\system32;C:\Windows;C:\Windows\System32\Wbem;C:\Windows\System32\WindowsPowerShell\v1.0\;C:\Windows\System32\OpenSSH\;C:\Program Files\Git\cmd;C:\Users\Santosh Sharma\AppData\Local\Microsoft\WindowsApps;C:\Users\Santosh Sharma\AppData\Local\Programs\Microsoft VS Code\bin;C:\flutter\flutter\bin;
USERNAME=Santosh Sharma
OS=Windows_NT
PROCESSOR_IDENTIFIER=Intel64 Family 6 Model 165 Stepping 2, GenuineIntel



---------------  S Y S T E M  ---------------

OS: Windows 10 , 64 bit Build 22000 (10.0.22000.708)
OS uptime: 7 days 1:42 hours

CPU:total 8 (initial active 8) (4 cores per cpu, 2 threads per core) family 6 model 165 stepping 2 microcode 0xe0, cmov, cx8, fxsr, mmx, sse, sse2, sse3, ssse3, sse4.1, sse4.2, popcnt, avx, avx2, aes, clmul, erms, 3dnowpref, lzcnt, ht, tsc, tscinvbit, bmi1, bmi2, adx, fma

Memory: 4k page, system-wide physical 8029M (549M free)
TotalPageFile size 32605M (AvailPageFile size 57M)
current process WorkingSet (physical memory assigned to process): 545M, peak: 545M
current process commit charge ("private bytes"): 584M, peak: 638M

vm_info: OpenJDK 64-Bit Server VM (11.0.12+7-b1504.28-7817840) for windows-amd64 JRE (11.0.12+7-b1504.28-7817840), built on Oct 13 2021 22:12:33 by "builder" with MS VC++ 14.0 (VS2015)

END.
