#
# There is insufficient memory for the Java Runtime Environment to continue.
# Native memory allocation (mmap) failed to map 29360128 bytes for Failed to commit area from 0x0000000087e00000 to 0x0000000089a00000 of length 29360128.
# Possible reasons:
#   The system is out of physical RAM or swap space
#   The process is running with CompressedOops enabled, and the Java Heap may be blocking the growth of the native heap
# Possible solutions:
#   Reduce memory load on the system
#   Increase physical memory or swap space
#   Check if swap backing store is full
#   Decrease Java heap size (-Xmx/-Xms)
#   Decrease number of Java threads
#   Decrease Java thread stack sizes (-Xss)
#   Set larger code cache with -XX:ReservedCodeCacheSize=
#   JVM is running with Unscaled Compressed Oops mode in which the Java heap is
#     placed in the first 4GB address space. The Java Heap base address is the
#     maximum limit for the native heap growth. Please use -XX:HeapBaseMinAddress
#     to set the Java Heap base and to place the Java Heap above 4GB virtual address.
# This output file may be truncated or incomplete.
#
#  Out of Memory Error (./src/hotspot/os/windows/os_windows.cpp:3521), pid=7372, tid=7852
#
# JRE version: OpenJDK Runtime Environment (11.0.12+7) (build 11.0.12+7-b1504.28-7817840)
# Java VM: OpenJDK 64-Bit Server VM (11.0.12+7-b1504.28-7817840, mixed mode, tiered, compressed oops, g1 gc, windows-amd64)
# No core dump will be written. Minidumps are not enabled by default on client versions of Windows
#

---------------  S U M M A R Y ------------

Command Line: --add-opens=java.base/java.util=ALL-UNNAMED --add-opens=java.base/java.lang=ALL-UNNAMED --add-opens=java.base/java.lang.invoke=ALL-UNNAMED --add-opens=java.base/java.util=ALL-UNNAMED --add-opens=java.prefs/java.util.prefs=ALL-UNNAMED --add-opens=java.prefs/java.util.prefs=ALL-UNNAMED --add-opens=java.base/java.nio.charset=ALL-UNNAMED --add-opens=java.base/java.net=ALL-UNNAMED --add-opens=java.base/java.util.concurrent.atomic=ALL-UNNAMED -Xmx2048m -Dfile.encoding=UTF-8 -Duser.country=IN -Duser.language=en -Duser.variant org.gradle.launcher.daemon.bootstrap.GradleDaemon 7.1

Host: Intel(R) Core(TM) i5-10300H CPU @ 2.50GHz, 8 cores, 7G,  Windows 10 , 64 bit Build 22000 (10.0.22000.708)
Time: Tue Jul 26 12:14:11 2022 India Standard Time elapsed time: 3.803978 seconds (0d 0h 0m 3s)

---------------  T H R E A D  ---------------

Current thread (0x000001df6324d800):  VMThread "VM Thread" [stack: 0x000000a446300000,0x000000a446400000] [id=7852]

Stack: [0x000000a446300000,0x000000a446400000]
[error occurred during error reporting (printing stack bounds), id 0xc0000005, EXCEPTION_ACCESS_VIOLATION (0xc0000005) at pc=0x000001df4c10112d]

Native frames: (J=compiled Java code, j=interpreted, Vv=VM code, C=native code)
V  [jvm.dll+0x5fbcea]
V  [jvm.dll+0x731905]
V  [jvm.dll+0x732f1d]
V  [jvm.dll+0x733535]
V  [jvm.dll+0x7334eb]
V  [jvm.dll+0x5fb080]
V  [jvm.dll+0x5fb818]
C  [ntdll.dll+0xa8eaf]
C  [ntdll.dll+0x35e9a]
C  [ntdll.dll+0xa7ebe]
C  0x000001df4c10112d

VM_Operation (0x000000a4478f3de0): G1CollectForAllocation, mode: safepoint, requested by thread 0x000001df654da000


---------------  P R O C E S S  ---------------

Threads class SMR info:
_java_thread_list=0x000001df69608910, length=36, elements={
0x000001df46e1b800, 0x000001df63252000, 0x000001df6325d800, 0x000001df63be4800,
0x000001df63be6000, 0x000001df63be7800, 0x000001df63bf1800, 0x000001df6326b000,
0x000001df6326c000, 0x000001df63d43800, 0x000001df63e12000, 0x000001df63e13000,
0x000001df66c4d800, 0x000001df65ec9800, 0x000001df66300800, 0x000001df654ed000,
0x000001df65405800, 0x000001df65327000, 0x000001df654da000, 0x000001df6571a800,
0x000001df656b5800, 0x000001df66551000, 0x000001df66553800, 0x000001df6654d800,
0x000001df6654f000, 0x000001df66551800, 0x000001df66552800, 0x000001df66554000,
0x000001df6654e800, 0x000001df66550000, 0x000001df67726800, 0x000001df67724800,
0x000001df67726000, 0x000001df67728800, 0x000001df67729000, 0x000001df6772a000
}

Java Threads: ( => current thread )
  0x000001df46e1b800 JavaThread "main" [_thread_blocked, id=3344, stack(0x000000a445d00000,0x000000a445e00000)]
  0x000001df63252000 JavaThread "Reference Handler" daemon [_thread_blocked, id=16112, stack(0x000000a446400000,0x000000a446500000)]
  0x000001df6325d800 JavaThread "Finalizer" daemon [_thread_blocked, id=17312, stack(0x000000a446500000,0x000000a446600000)]
  0x000001df63be4800 JavaThread "Signal Dispatcher" daemon [_thread_blocked, id=2500, stack(0x000000a446600000,0x000000a446700000)]
  0x000001df63be6000 JavaThread "Attach Listener" daemon [_thread_blocked, id=14484, stack(0x000000a446700000,0x000000a446800000)]
  0x000001df63be7800 JavaThread "Service Thread" daemon [_thread_blocked, id=7188, stack(0x000000a446800000,0x000000a446900000)]
  0x000001df63bf1800 JavaThread "C2 CompilerThread0" daemon [_thread_blocked, id=9176, stack(0x000000a446900000,0x000000a446a00000)]
  0x000001df6326b000 JavaThread "C1 CompilerThread0" daemon [_thread_blocked, id=7936, stack(0x000000a446a00000,0x000000a446b00000)]
  0x000001df6326c000 JavaThread "Sweeper thread" daemon [_thread_blocked, id=15976, stack(0x000000a446b00000,0x000000a446c00000)]
  0x000001df63d43800 JavaThread "Common-Cleaner" daemon [_thread_blocked, id=1460, stack(0x000000a446c00000,0x000000a446d00000)]
  0x000001df63e12000 JavaThread "C2 CompilerThread1" daemon [_thread_blocked, id=16340, stack(0x000000a446e00000,0x000000a446f00000)]
  0x000001df63e13000 JavaThread "C2 CompilerThread2" daemon [_thread_in_native, id=8892, stack(0x000000a446f00000,0x000000a447000000)]
  0x000001df66c4d800 JavaThread "Daemon health stats" [_thread_blocked, id=5776, stack(0x000000a447200000,0x000000a447300000)]
  0x000001df65ec9800 JavaThread "Incoming local TCP Connector on port 60568" [_thread_in_native, id=11900, stack(0x000000a447300000,0x000000a447400000)]
  0x000001df66300800 JavaThread "Daemon periodic checks" [_thread_blocked, id=6180, stack(0x000000a447400000,0x000000a447500000)]
  0x000001df654ed000 JavaThread "Daemon" [_thread_blocked, id=10596, stack(0x000000a447500000,0x000000a447600000)]
  0x000001df65405800 JavaThread "Handler for socket connection from /127.0.0.1:60568 to /127.0.0.1:60569" [_thread_in_native, id=10420, stack(0x000000a447600000,0x000000a447700000)]
  0x000001df65327000 JavaThread "Cancel handler" [_thread_blocked, id=7572, stack(0x000000a447700000,0x000000a447800000)]
  0x000001df654da000 JavaThread "Daemon worker" [_thread_blocked, id=12584, stack(0x000000a447800000,0x000000a447900000)]
  0x000001df6571a800 JavaThread "Asynchronous log dispatcher for DefaultDaemonConnection: socket connection from /127.0.0.1:60568 to /127.0.0.1:60569" [_thread_blocked, id=8592, stack(0x000000a447900000,0x000000a447a00000)]
  0x000001df656b5800 JavaThread "Stdin handler" [_thread_blocked, id=15756, stack(0x000000a447a00000,0x000000a447b00000)]
  0x000001df66551000 JavaThread "Daemon client event forwarder" [_thread_blocked, id=3576, stack(0x000000a447b00000,0x000000a447c00000)]
  0x000001df66553800 JavaThread "Cache worker for journal cache (C:\Users\Santosh Sharma\.gradle\caches\journal-1)" [_thread_blocked, id=1928, stack(0x000000a448100000,0x000000a448200000)]
  0x000001df6654d800 JavaThread "File lock request listener" [_thread_in_native, id=1044, stack(0x000000a448200000,0x000000a448300000)]
  0x000001df6654f000 JavaThread "Cache worker for file hash cache (C:\Users\Santosh Sharma\.gradle\caches\7.1\fileHashes)" [_thread_blocked, id=4728, stack(0x000000a448300000,0x000000a448400000)]
  0x000001df66551800 JavaThread "Cache worker for file hash cache (D:\MyProjects\smoxstyler-android\.gradle\7.1\fileHashes)" [_thread_blocked, id=9560, stack(0x000000a448500000,0x000000a448600000)]
  0x000001df66552800 JavaThread "File watcher server" daemon [_thread_in_native, id=10096, stack(0x000000a448600000,0x000000a448700000)]
  0x000001df66554000 JavaThread "File watcher consumer" daemon [_thread_blocked, id=960, stack(0x000000a448700000,0x000000a448800000)]
  0x000001df6654e800 JavaThread "Cache worker for checksums cache (D:\MyProjects\smoxstyler-android\.gradle\checksums)" [_thread_blocked, id=15568, stack(0x000000a448800000,0x000000a448900000)]
  0x000001df66550000 JavaThread "Cache worker for cache directory md-supplier (C:\Users\Santosh Sharma\.gradle\caches\7.1\md-supplier)" [_thread_blocked, id=5472, stack(0x000000a448900000,0x000000a448a00000)]
  0x000001df67726800 JavaThread "Cache worker for cache directory md-rule (C:\Users\Santosh Sharma\.gradle\caches\7.1\md-rule)" [_thread_blocked, id=7204, stack(0x000000a448a00000,0x000000a448b00000)]
  0x000001df67724800 JavaThread "Cache worker for execution history cache (C:\Users\Santosh Sharma\.gradle\caches\7.1\executionHistory)" [_thread_blocked, id=4664, stack(0x000000a448b00000,0x000000a448c00000)]
  0x000001df67726000 JavaThread "jar transforms" [_thread_blocked, id=6748, stack(0x000000a448c00000,0x000000a448d00000)]
  0x000001df67728800 JavaThread "jar transforms Thread 2" [_thread_blocked, id=8548, stack(0x000000a448d00000,0x000000a448e00000)]
  0x000001df67729000 JavaThread "Cache worker for file content cache (C:\Users\Santosh Sharma\.gradle\caches\7.1\fileContent)" [_thread_blocked, id=11336, stack(0x000000a448e00000,0x000000a448f00000)]
  0x000001df6772a000 JavaThread "Cache worker for dependencies-accessors (D:\MyProjects\smoxstyler-android\.gradle\7.1\dependencies-accessors)" [_thread_blocked, id=11616, stack(0x000000a448f00000,0x000000a449000000)]

Other Threads:
=>0x000001df6324d800 VMThread "VM Thread" [stack: 0x000000a446300000,0x000000a446400000] [id=7852]
  0x000001df63d59000 WatcherThread [stack: 0x000000a446d00000,0x000000a446e00000] [id=10416]
  0x000001df46e34000 GCTaskThread "GC Thread#0" [stack: 0x000000a445e00000,0x000000a445f00000] [id=5516]
  0x000001df649e8800 GCTaskThread "GC Thread#1" [stack: 0x000000a447000000,0x000000a447100000] [id=15108]
  0x000001df64bbc000 GCTaskThread "GC Thread#2" [stack: 0x000000a447100000,0x000000a447200000] [id=9964]
  0x000001df65f3f800 GCTaskThread "GC Thread#3" [stack: 0x000000a447c00000,0x000000a447d00000] [id=10796]
  0x000001df6652b000 GCTaskThread "GC Thread#4" [stack: 0x000000a447d00000,0x000000a447e00000] [id=16936]
  0x000001df656e8800 GCTaskThread "GC Thread#5" [stack: 0x000000a447e00000,0x000000a447f00000] [id=6176]
  0x000001df6572b800 GCTaskThread "GC Thread#6" [stack: 0x000000a447f00000,0x000000a448000000] [id=1376]
  0x000001df659e3000 GCTaskThread "GC Thread#7" [stack: 0x000000a448000000,0x000000a448100000] [id=9836]
  0x000001df46e66000 ConcurrentGCThread "G1 Main Marker" [stack: 0x000000a445f00000,0x000000a446000000] [id=10508]
  0x000001df46e67000 ConcurrentGCThread "G1 Conc#0" [stack: 0x000000a446000000,0x000000a446100000] [id=17140]
  0x000001df65532000 ConcurrentGCThread "G1 Conc#1" [stack: 0x000000a448400000,0x000000a448500000] [id=5388]
  0x000001df630a0800 ConcurrentGCThread "G1 Refine#0" [stack: 0x000000a446100000,0x000000a446200000] [id=8276]
  0x000001df630a1800 ConcurrentGCThread "G1 Young RemSet Sampling" [stack: 0x000000a446200000,0x000000a446300000] [id=10984]

Threads with active compile tasks:
C2 CompilerThread1   3809 3187   !   4       java.net.URLClassLoader$1::run (63 bytes)
C2 CompilerThread2   3809 3374   !   4       java.lang.reflect.Executable::declaredAnnotations (85 bytes)

VM state:at safepoint (normal execution)

VM Mutex/Monitor currently owned by a thread:  ([mutex/lock_event])
[0x000001df46e18490] Threads_lock - owner thread: 0x000001df6324d800
[0x000001df46e174d0] Heap_lock - owner thread: 0x000001df654da000

Heap address: 0x0000000080000000, size: 2048 MB, Compressed Oops mode: 32-bit
Narrow klass base: 0x0000000000000000, Narrow klass shift: 3
Compressed class space size: 1073741824 Address: 0x0000000100000000

Heap:
 garbage-first heap   total 157696K, used 26868K [0x0000000080000000, 0x0000000100000000)
  region size 1024K, 8 young (8192K), 8 survivors (8192K)
 Metaspace       used 40517K, capacity 41471K, committed 41728K, reserved 1085440K
  class space    used 5251K, capacity 5572K, committed 5632K, reserved 1048576K
Heap Regions: E=young(eden), S=young(survivor), O=old, HS=humongous(starts), HC=humongous(continues), CS=collection set, F=free, A=archive, TAMS=top-at-mark-start (previous, next)
|   0|0x0000000080000000, 0x0000000080100000, 0x0000000080100000|100%| O|  |TAMS 0x0000000080100000, 0x0000000080000000| Untracked 
|   1|0x0000000080100000, 0x0000000080200000, 0x0000000080200000|100%| O|  |TAMS 0x0000000080200000, 0x0000000080100000| Untracked 
|   2|0x0000000080200000, 0x0000000080300000, 0x0000000080300000|100%| O|  |TAMS 0x0000000080300000, 0x0000000080200000| Untracked 
|   3|0x0000000080300000, 0x0000000080400000, 0x0000000080400000|100%|HS|  |TAMS 0x0000000080400000, 0x0000000080300000| Complete 
|   4|0x0000000080400000, 0x0000000080500000, 0x0000000080500000|100%|HC|  |TAMS 0x0000000080500000, 0x0000000080400000| Complete 
|   5|0x0000000080500000, 0x0000000080600000, 0x0000000080600000|100%|HC|  |TAMS 0x0000000080600000, 0x0000000080500000| Complete 
|   6|0x0000000080600000, 0x0000000080700000, 0x0000000080700000|100%| O|  |TAMS 0x0000000080700000, 0x0000000080600000| Untracked 
|   7|0x0000000080700000, 0x0000000080800000, 0x0000000080800000|100%| O|  |TAMS 0x0000000080800000, 0x0000000080700000| Untracked 
|   8|0x0000000080800000, 0x0000000080900000, 0x0000000080900000|100%| O|  |TAMS 0x0000000080900000, 0x0000000080800000| Untracked 
|   9|0x0000000080900000, 0x0000000080a00000, 0x0000000080a00000|100%| O|  |TAMS 0x0000000080a00000, 0x0000000080900000| Untracked 
|  10|0x0000000080a00000, 0x0000000080b00000, 0x0000000080b00000|100%| O|  |TAMS 0x0000000080b00000, 0x0000000080a00000| Untracked 
|  11|0x0000000080b00000, 0x0000000080c00000, 0x0000000080c00000|100%| O|  |TAMS 0x0000000080c00000, 0x0000000080b00000| Untracked 
|  12|0x0000000080c00000, 0x0000000080d00000, 0x0000000080d00000|100%| O|  |TAMS 0x0000000080d00000, 0x0000000080c00000| Untracked 
|  13|0x0000000080d00000, 0x0000000080e00000, 0x0000000080e00000|100%| O|  |TAMS 0x0000000080e00000, 0x0000000080d00000| Untracked 
|  14|0x0000000080e00000, 0x0000000080f00000, 0x0000000080f00000|100%| O|  |TAMS 0x0000000080f00000, 0x0000000080e00000| Untracked 
|  15|0x0000000080f00000, 0x0000000081000000, 0x0000000081000000|100%| O|  |TAMS 0x0000000080fb5400, 0x0000000080f00000| Untracked 
|  16|0x0000000081000000, 0x0000000081000000, 0x0000000081100000|  0%| F|  |TAMS 0x0000000081000000, 0x0000000081000000| Untracked 
|  17|0x0000000081100000, 0x0000000081100000, 0x0000000081200000|  0%| F|  |TAMS 0x0000000081100000, 0x0000000081100000| Untracked 
|  18|0x0000000081200000, 0x0000000081200000, 0x0000000081300000|  0%| F|  |TAMS 0x0000000081200000, 0x0000000081200000| Untracked 
|  19|0x0000000081300000, 0x0000000081400000, 0x0000000081400000|100%| O|  |TAMS 0x0000000081300000, 0x0000000081300000| Untracked 
|  20|0x0000000081400000, 0x0000000081500000, 0x0000000081500000|100%| O|  |TAMS 0x0000000081400000, 0x0000000081400000| Untracked 
|  21|0x0000000081500000, 0x0000000081586600, 0x0000000081600000| 52%| O|  |TAMS 0x0000000081500000, 0x0000000081500000| Untracked 
|  22|0x0000000081600000, 0x0000000081600000, 0x0000000081700000|  0%| F|  |TAMS 0x0000000081600000, 0x0000000081600000| Untracked 
|  23|0x0000000081700000, 0x0000000081700000, 0x0000000081800000|  0%| F|  |TAMS 0x0000000081700000, 0x0000000081700000| Untracked 
|  24|0x0000000081800000, 0x0000000081800000, 0x0000000081900000|  0%| F|  |TAMS 0x0000000081800000, 0x0000000081800000| Untracked 
|  25|0x0000000081900000, 0x0000000081900000, 0x0000000081a00000|  0%| F|  |TAMS 0x0000000081900000, 0x0000000081900000| Untracked 
|  26|0x0000000081a00000, 0x0000000081a00000, 0x0000000081b00000|  0%| F|  |TAMS 0x0000000081a00000, 0x0000000081a00000| Untracked 
|  27|0x0000000081b00000, 0x0000000081b00000, 0x0000000081c00000|  0%| F|  |TAMS 0x0000000081b00000, 0x0000000081b00000| Untracked 
|  28|0x0000000081c00000, 0x0000000081c00000, 0x0000000081d00000|  0%| F|  |TAMS 0x0000000081c00000, 0x0000000081c00000| Untracked 
|  29|0x0000000081d00000, 0x0000000081d00000, 0x0000000081e00000|  0%| F|  |TAMS 0x0000000081d00000, 0x0000000081d00000| Untracked 
|  30|0x0000000081e00000, 0x0000000081e00000, 0x0000000081f00000|  0%| F|  |TAMS 0x0000000081e00000, 0x0000000081e00000| Untracked 
|  31|0x0000000081f00000, 0x0000000081f00000, 0x0000000082000000|  0%| F|  |TAMS 0x0000000081f00000, 0x0000000081f00000| Untracked 
|  32|0x0000000082000000, 0x0000000082000000, 0x0000000082100000|  0%| F|  |TAMS 0x0000000082000000, 0x0000000082000000| Untracked 
|  33|0x0000000082100000, 0x0000000082100000, 0x0000000082200000|  0%| F|  |TAMS 0x0000000082100000, 0x0000000082100000| Untracked 
|  34|0x0000000082200000, 0x0000000082200000, 0x0000000082300000|  0%| F|  |TAMS 0x0000000082200000, 0x0000000082200000| Untracked 
|  35|0x0000000082300000, 0x0000000082300000, 0x0000000082400000|  0%| F|  |TAMS 0x0000000082300000, 0x0000000082300000| Untracked 
|  36|0x0000000082400000, 0x0000000082400000, 0x0000000082500000|  0%| F|  |TAMS 0x0000000082400000, 0x0000000082400000| Untracked 
|  37|0x0000000082500000, 0x0000000082500000, 0x0000000082600000|  0%| F|  |TAMS 0x0000000082500000, 0x0000000082500000| Untracked 
|  38|0x0000000082600000, 0x0000000082600000, 0x0000000082700000|  0%| F|  |TAMS 0x0000000082600000, 0x0000000082600000| Untracked 
|  39|0x0000000082700000, 0x0000000082700000, 0x0000000082800000|  0%| F|  |TAMS 0x0000000082700000, 0x0000000082700000| Untracked 
|  40|0x0000000082800000, 0x0000000082800000, 0x0000000082900000|  0%| F|  |TAMS 0x0000000082800000, 0x0000000082800000| Untracked 
|  41|0x0000000082900000, 0x0000000082900000, 0x0000000082a00000|  0%| F|  |TAMS 0x0000000082900000, 0x0000000082900000| Untracked 
|  42|0x0000000082a00000, 0x0000000082a00000, 0x0000000082b00000|  0%| F|  |TAMS 0x0000000082a00000, 0x0000000082a00000| Untracked 
|  43|0x0000000082b00000, 0x0000000082b00000, 0x0000000082c00000|  0%| F|  |TAMS 0x0000000082b00000, 0x0000000082b00000| Untracked 
|  44|0x0000000082c00000, 0x0000000082c00000, 0x0000000082d00000|  0%| F|  |TAMS 0x0000000082c00000, 0x0000000082c00000| Untracked 
|  45|0x0000000082d00000, 0x0000000082d00000, 0x0000000082e00000|  0%| F|  |TAMS 0x0000000082d00000, 0x0000000082d00000| Untracked 
|  46|0x0000000082e00000, 0x0000000082e00000, 0x0000000082f00000|  0%| F|  |TAMS 0x0000000082e00000, 0x0000000082e00000| Untracked 
|  47|0x0000000082f00000, 0x0000000082f00000, 0x0000000083000000|  0%| F|  |TAMS 0x0000000082f00000, 0x0000000082f00000| Untracked 
|  48|0x0000000083000000, 0x0000000083000000, 0x0000000083100000|  0%| F|  |TAMS 0x0000000083000000, 0x0000000083000000| Untracked 
|  49|0x0000000083100000, 0x0000000083100000, 0x0000000083200000|  0%| F|  |TAMS 0x0000000083100000, 0x0000000083100000| Untracked 
|  50|0x0000000083200000, 0x00000000832b6a58, 0x0000000083300000| 71%| S|CS|TAMS 0x0000000083200000, 0x0000000083200000| Complete 
|  51|0x0000000083300000, 0x0000000083400000, 0x0000000083400000|100%| S|CS|TAMS 0x0000000083300000, 0x0000000083300000| Complete 
|  52|0x0000000083400000, 0x0000000083500000, 0x0000000083500000|100%| S|CS|TAMS 0x0000000083400000, 0x0000000083400000| Complete 
|  53|0x0000000083500000, 0x0000000083600000, 0x0000000083600000|100%| S|CS|TAMS 0x0000000083500000, 0x0000000083500000| Complete 
|  54|0x0000000083600000, 0x0000000083700000, 0x0000000083700000|100%| S|CS|TAMS 0x0000000083600000, 0x0000000083600000| Complete 
|  55|0x0000000083700000, 0x0000000083800000, 0x0000000083800000|100%| S|CS|TAMS 0x0000000083700000, 0x0000000083700000| Complete 
|  56|0x0000000083800000, 0x0000000083900000, 0x0000000083900000|100%| S|CS|TAMS 0x0000000083800000, 0x0000000083800000| Complete 
|  57|0x0000000083900000, 0x0000000083a00000, 0x0000000083a00000|100%| S|CS|TAMS 0x0000000083900000, 0x0000000083900000| Complete 
|  58|0x0000000083a00000, 0x0000000083a00000, 0x0000000083b00000|  0%| F|  |TAMS 0x0000000083a00000, 0x0000000083a00000| Untracked 
|  59|0x0000000083b00000, 0x0000000083b00000, 0x0000000083c00000|  0%| F|  |TAMS 0x0000000083b00000, 0x0000000083b00000| Untracked 
|  60|0x0000000083c00000, 0x0000000083c00000, 0x0000000083d00000|  0%| F|  |TAMS 0x0000000083c00000, 0x0000000083c00000| Untracked 
|  61|0x0000000083d00000, 0x0000000083d00000, 0x0000000083e00000|  0%| F|  |TAMS 0x0000000083d00000, 0x0000000083d00000| Untracked 
|  62|0x0000000083e00000, 0x0000000083e00000, 0x0000000083f00000|  0%| F|  |TAMS 0x0000000083e00000, 0x0000000083e00000| Untracked 
|  63|0x0000000083f00000, 0x0000000083f00000, 0x0000000084000000|  0%| F|  |TAMS 0x0000000083f00000, 0x0000000083f00000| Untracked 
|  64|0x0000000084000000, 0x0000000084000000, 0x0000000084100000|  0%| F|  |TAMS 0x0000000084000000, 0x0000000084000000| Untracked 
|  65|0x0000000084100000, 0x0000000084100000, 0x0000000084200000|  0%| F|  |TAMS 0x0000000084100000, 0x0000000084100000| Untracked 
|  66|0x0000000084200000, 0x0000000084200000, 0x0000000084300000|  0%| F|  |TAMS 0x0000000084200000, 0x0000000084200000| Untracked 
|  67|0x0000000084300000, 0x0000000084300000, 0x0000000084400000|  0%| F|  |TAMS 0x0000000084300000, 0x0000000084300000| Untracked 
|  68|0x0000000084400000, 0x0000000084400000, 0x0000000084500000|  0%| F|  |TAMS 0x0000000084400000, 0x0000000084400000| Untracked 
|  69|0x0000000084500000, 0x0000000084500000, 0x0000000084600000|  0%| F|  |TAMS 0x0000000084500000, 0x0000000084500000| Untracked 
|  70|0x0000000084600000, 0x0000000084600000, 0x0000000084700000|  0%| F|  |TAMS 0x0000000084600000, 0x0000000084600000| Untracked 
|  71|0x0000000084700000, 0x0000000084700000, 0x0000000084800000|  0%| F|  |TAMS 0x0000000084700000, 0x0000000084700000| Untracked 
|  72|0x0000000084800000, 0x0000000084800000, 0x0000000084900000|  0%| F|  |TAMS 0x0000000084800000, 0x0000000084800000| Untracked 
|  73|0x0000000084900000, 0x0000000084900000, 0x0000000084a00000|  0%| F|  |TAMS 0x0000000084900000, 0x0000000084900000| Untracked 
|  74|0x0000000084a00000, 0x0000000084a00000, 0x0000000084b00000|  0%| F|  |TAMS 0x0000000084a00000, 0x0000000084a00000| Untracked 
|  75|0x0000000084b00000, 0x0000000084b00000, 0x0000000084c00000|  0%| F|  |TAMS 0x0000000084b00000, 0x0000000084b00000| Untracked 
|  76|0x0000000084c00000, 0x0000000084c00000, 0x0000000084d00000|  0%| F|  |TAMS 0x0000000084c00000, 0x0000000084c00000| Untracked 
|  77|0x0000000084d00000, 0x0000000084d00000, 0x0000000084e00000|  0%| F|  |TAMS 0x0000000084d00000, 0x0000000084d00000| Untracked 
|  78|0x0000000084e00000, 0x0000000084e00000, 0x0000000084f00000|  0%| F|  |TAMS 0x0000000084e00000, 0x0000000084e00000| Untracked 
|  79|0x0000000084f00000, 0x0000000084f00000, 0x0000000085000000|  0%| F|  |TAMS 0x0000000084f00000, 0x0000000084f00000| Untracked 
|  80|0x0000000085000000, 0x0000000085000000, 0x0000000085100000|  0%| F|  |TAMS 0x0000000085000000, 0x0000000085000000| Untracked 
|  81|0x0000000085100000, 0x0000000085100000, 0x0000000085200000|  0%| F|  |TAMS 0x0000000085100000, 0x0000000085100000| Untracked 
|  82|0x0000000085200000, 0x0000000085200000, 0x0000000085300000|  0%| F|  |TAMS 0x0000000085200000, 0x0000000085200000| Untracked 
|  83|0x0000000085300000, 0x0000000085300000, 0x0000000085400000|  0%| F|  |TAMS 0x0000000085300000, 0x0000000085300000| Untracked 
|  84|0x0000000085400000, 0x0000000085400000, 0x0000000085500000|  0%| F|  |TAMS 0x0000000085400000, 0x0000000085400000| Untracked 
|  85|0x0000000085500000, 0x0000000085500000, 0x0000000085600000|  0%| F|  |TAMS 0x0000000085500000, 0x0000000085500000| Untracked 
|  86|0x0000000085600000, 0x0000000085600000, 0x0000000085700000|  0%| F|  |TAMS 0x0000000085600000, 0x0000000085600000| Untracked 
|  87|0x0000000085700000, 0x0000000085700000, 0x0000000085800000|  0%| F|  |TAMS 0x0000000085700000, 0x0000000085700000| Untracked 
|  88|0x0000000085800000, 0x0000000085800000, 0x0000000085900000|  0%| F|  |TAMS 0x0000000085800000, 0x0000000085800000| Untracked 
|  89|0x0000000085900000, 0x0000000085900000, 0x0000000085a00000|  0%| F|  |TAMS 0x0000000085900000, 0x0000000085900000| Untracked 
|  90|0x0000000085a00000, 0x0000000085a00000, 0x0000000085b00000|  0%| F|  |TAMS 0x0000000085a00000, 0x0000000085a00000| Untracked 
|  91|0x0000000085b00000, 0x0000000085b00000, 0x0000000085c00000|  0%| F|  |TAMS 0x0000000085b00000, 0x0000000085b00000| Untracked 
|  92|0x0000000085c00000, 0x0000000085c00000, 0x0000000085d00000|  0%| F|  |TAMS 0x0000000085c00000, 0x0000000085c00000| Untracked 
|  93|0x0000000085d00000, 0x0000000085d00000, 0x0000000085e00000|  0%| F|  |TAMS 0x0000000085d00000, 0x0000000085d00000| Untracked 
|  94|0x0000000085e00000, 0x0000000085e00000, 0x0000000085f00000|  0%| F|  |TAMS 0x0000000085e00000, 0x0000000085e00000| Untracked 
|  95|0x0000000085f00000, 0x0000000085f00000, 0x0000000086000000|  0%| F|  |TAMS 0x0000000085f00000, 0x0000000085f00000| Untracked 
|  96|0x0000000086000000, 0x0000000086000000, 0x0000000086100000|  0%| F|  |TAMS 0x0000000086000000, 0x0000000086000000| Untracked 
|  97|0x0000000086100000, 0x0000000086100000, 0x0000000086200000|  0%| F|  |TAMS 0x0000000086100000, 0x0000000086100000| Untracked 
|  98|0x0000000086200000, 0x0000000086200000, 0x0000000086300000|  0%| F|  |TAMS 0x0000000086200000, 0x0000000086200000| Untracked 
|  99|0x0000000086300000, 0x0000000086300000, 0x0000000086400000|  0%| F|  |TAMS 0x0000000086300000, 0x0000000086300000| Untracked 
| 100|0x0000000086400000, 0x0000000086400000, 0x0000000086500000|  0%| F|  |TAMS 0x0000000086400000, 0x0000000086400000| Untracked 
| 101|0x0000000086500000, 0x0000000086500000, 0x0000000086600000|  0%| F|  |TAMS 0x0000000086500000, 0x0000000086500000| Untracked 
| 102|0x0000000086600000, 0x0000000086600000, 0x0000000086700000|  0%| F|  |TAMS 0x0000000086600000, 0x0000000086600000| Untracked 
| 103|0x0000000086700000, 0x0000000086700000, 0x0000000086800000|  0%| F|  |TAMS 0x0000000086700000, 0x0000000086700000| Untracked 
| 104|0x0000000086800000, 0x0000000086800000, 0x0000000086900000|  0%| F|  |TAMS 0x0000000086800000, 0x0000000086800000| Untracked 
| 105|0x0000000086900000, 0x0000000086900000, 0x0000000086a00000|  0%| F|  |TAMS 0x0000000086900000, 0x0000000086900000| Untracked 
| 106|0x0000000086a00000, 0x0000000086a00000, 0x0000000086b00000|  0%| F|  |TAMS 0x0000000086a00000, 0x0000000086a00000| Untracked 
| 107|0x0000000086b00000, 0x0000000086b00000, 0x0000000086c00000|  0%| F|  |TAMS 0x0000000086b00000, 0x0000000086b00000| Untracked 
| 108|0x0000000086c00000, 0x0000000086c00000, 0x0000000086d00000|  0%| F|  |TAMS 0x0000000086c00000, 0x0000000086c00000| Untracked 
| 109|0x0000000086d00000, 0x0000000086d00000, 0x0000000086e00000|  0%| F|  |TAMS 0x0000000086d00000, 0x0000000086d00000| Untracked 
| 110|0x0000000086e00000, 0x0000000086e00000, 0x0000000086f00000|  0%| F|  |TAMS 0x0000000086e00000, 0x0000000086e00000| Untracked 
| 111|0x0000000086f00000, 0x0000000086f00000, 0x0000000087000000|  0%| F|  |TAMS 0x0000000086f00000, 0x0000000086f00000| Untracked 
| 112|0x0000000087000000, 0x0000000087000000, 0x0000000087100000|  0%| F|  |TAMS 0x0000000087000000, 0x0000000087000000| Untracked 
| 113|0x0000000087100000, 0x0000000087100000, 0x0000000087200000|  0%| F|  |TAMS 0x0000000087100000, 0x0000000087100000| Untracked 
| 114|0x0000000087200000, 0x0000000087200000, 0x0000000087300000|  0%| F|  |TAMS 0x0000000087200000, 0x0000000087200000| Untracked 
| 115|0x0000000087300000, 0x0000000087300000, 0x0000000087400000|  0%| F|  |TAMS 0x0000000087300000, 0x0000000087300000| Untracked 
| 116|0x0000000087400000, 0x0000000087400000, 0x0000000087500000|  0%| F|  |TAMS 0x0000000087400000, 0x0000000087400000| Untracked 
| 117|0x0000000087500000, 0x0000000087500000, 0x0000000087600000|  0%| F|  |TAMS 0x0000000087500000, 0x0000000087500000| Untracked 
| 118|0x0000000087600000, 0x0000000087600000, 0x0000000087700000|  0%| F|  |TAMS 0x0000000087600000, 0x0000000087600000| Untracked 
| 119|0x0000000087700000, 0x0000000087700000, 0x0000000087800000|  0%| F|  |TAMS 0x0000000087700000, 0x0000000087700000| Untracked 
| 120|0x0000000087800000, 0x0000000087800000, 0x0000000087900000|  0%| F|  |TAMS 0x0000000087800000, 0x0000000087800000| Untracked 
| 121|0x0000000087900000, 0x0000000087900000, 0x0000000087a00000|  0%| F|  |TAMS 0x0000000087900000, 0x0000000087900000| Untracked 
| 122|0x0000000087a00000, 0x0000000087a00000, 0x0000000087b00000|  0%| F|  |TAMS 0x0000000087a00000, 0x0000000087a00000| Untracked 
| 123|0x0000000087b00000, 0x0000000087b00000, 0x0000000087c00000|  0%| F|  |TAMS 0x0000000087b00000, 0x0000000087b00000| Untracked 
| 124|0x0000000087c00000, 0x0000000087c00000, 0x0000000087d00000|  0%| F|  |TAMS 0x0000000087c00000, 0x0000000087c00000| Untracked 
| 125|0x0000000087d00000, 0x0000000087d00000, 0x0000000087e00000|  0%| F|  |TAMS 0x0000000087d00000, 0x0000000087d00000| Untracked 

Card table byte_map: [0x000001df5bf70000,0x000001df5c370000] _byte_map_base: 0x000001df5bb70000

Marking Bits (Prev, Next): (CMBitMap*) 0x000001df46e5cf78, (CMBitMap*) 0x000001df46e5cfb0
 Prev Bits: [0x000001df5c770000, 0x000001df5e770000)
 Next Bits: [0x000001df5e770000, 0x000001df60770000)

Polling page: 0x000001df46f00000

Metaspace:

Usage:
  Non-class:     35.06 MB capacity,    34.44 MB ( 98%) used,   541.45 KB (  2%) free+waste,    91.38 KB ( <1%) overhead. 
      Class:      5.44 MB capacity,     5.13 MB ( 94%) used,   277.13 KB (  5%) free+waste,    43.75 KB ( <1%) overhead. 
       Both:     40.50 MB capacity,    39.57 MB ( 98%) used,   818.57 KB (  2%) free+waste,   135.13 KB ( <1%) overhead. 

Virtual space:
  Non-class space:       36.00 MB reserved,      35.25 MB ( 98%) committed 
      Class space:        1.00 GB reserved,       5.50 MB ( <1%) committed 
             Both:        1.04 GB reserved,      40.75 MB (  4%) committed 

Chunk freelists:
   Non-Class:  5.00 KB
       Class:  0 bytes
        Both:  5.00 KB

MaxMetaspaceSize: 17179869184.00 GB
CompressedClassSpaceSize: 1.00 GB
Initial GC threshold: 20.80 MB
Current GC threshold: 58.75 MB
CDS: off

CodeHeap 'non-profiled nmethods': size=120000Kb used=1909Kb max_used=1909Kb free=118090Kb
 bounds [0x000001df53bd0000, 0x000001df53e40000, 0x000001df5b100000]
CodeHeap 'profiled nmethods': size=120000Kb used=7225Kb max_used=7225Kb free=112775Kb
 bounds [0x000001df4c6a0000, 0x000001df4cdb0000, 0x000001df53bd0000]
CodeHeap 'non-nmethods': size=5760Kb used=2273Kb max_used=2313Kb free=3486Kb
 bounds [0x000001df4c100000, 0x000001df4c370000, 0x000001df4c6a0000]
 total_blobs=4216 nmethods=3458 adapters=670
 compilation: enabled
              stopped_count=0, restarted_count=0
 full_count=0

Compilation events (20 events):
Event: 3.773 Thread 0x000001df6326b000 nmethod 3458 0x000001df4cdaac10 code [0x000001df4cdaae00, 0x000001df4cdab148]
Event: 3.781 Thread 0x000001df63bf1800 nmethod 3402 0x000001df53daaa90 code [0x000001df53daaca0, 0x000001df53dabf28]
Event: 3.781 Thread 0x000001df63bf1800 3455       4       org.objectweb.asm.ClassReader::readUnsignedShort (26 bytes)
Event: 3.781 Thread 0x000001df63bf1800 nmethod 3455 0x000001df53dac890 code [0x000001df53daca20, 0x000001df53dacaf8]
Event: 3.781 Thread 0x000001df63bf1800 3410       4       java.lang.PublicMethods$Key::matches (31 bytes)
Event: 3.782 Thread 0x000001df6326b000 3459       3       org.gradle.internal.service.DefaultServiceRegistry$CollectingVisitor::visit (25 bytes)
Event: 3.782 Thread 0x000001df6326b000 nmethod 3459 0x000001df4cdab290 code [0x000001df4cdab460, 0x000001df4cdab738]
Event: 3.782 Thread 0x000001df6326b000 3460       3       org.gradle.internal.service.DefaultServiceRegistry$OwnServices::getAll (46 bytes)
Event: 3.783 Thread 0x000001df6326b000 nmethod 3460 0x000001df4cdab890 code [0x000001df4cdabac0, 0x000001df4cdac368]
Event: 3.786 Thread 0x000001df63bf1800 nmethod 3410 0x000001df53dacc10 code [0x000001df53dacdc0, 0x000001df53dad118]
Event: 3.786 Thread 0x000001df63bf1800 3377       4       java.util.Collections$UnmodifiableCollection$1::hasNext (10 bytes)
Event: 3.787 Thread 0x000001df63bf1800 nmethod 3377 0x000001df53dad390 code [0x000001df53dad520, 0x000001df53dad5b8]
Event: 3.793 Thread 0x000001df6326b000 3461       3       org.objectweb.asm.ClassReader::readInt (52 bytes)
Event: 3.793 Thread 0x000001df6326b000 nmethod 3461 0x000001df4cdac610 code [0x000001df4cdac7c0, 0x000001df4cdac998]
Event: 3.793 Thread 0x000001df6326b000 3462       3       org.objectweb.asm.ClassReader::createDebugLabel (23 bytes)
Event: 3.794 Thread 0x000001df6326b000 nmethod 3462 0x000001df4cdacb10 code [0x000001df4cdacd00, 0x000001df4cdad1b8]
Event: 3.794 Thread 0x000001df6326b000 3463       3       org.objectweb.asm.ClassReader::readClass (7 bytes)
Event: 3.794 Thread 0x000001df6326b000 nmethod 3463 0x000001df4cdad390 code [0x000001df4cdad580, 0x000001df4cdad9c8]
Event: 3.794 Thread 0x000001df6326b000 3464       3       org.objectweb.asm.ClassReader::readStringish (16 bytes)
Event: 3.795 Thread 0x000001df6326b000 nmethod 3464 0x000001df4cdadc10 code [0x000001df4cdade00, 0x000001df4cdae1c8]

GC Heap History (13 events):
Event: 0.574 GC heap before
{Heap before GC invocations=0 (full 0):
 garbage-first heap   total 129024K, used 29696K [0x0000000080000000, 0x0000000100000000)
  region size 1024K, 24 young (24576K), 0 survivors (0K)
 Metaspace       used 10224K, capacity 10427K, committed 10624K, reserved 1058816K
  class space    used 1067K, capacity 1141K, committed 1152K, reserved 1048576K
}
Event: 0.580 GC heap after
{Heap after GC invocations=1 (full 0):
 garbage-first heap   total 129024K, used 9206K [0x0000000080000000, 0x0000000100000000)
  region size 1024K, 3 young (3072K), 3 survivors (3072K)
 Metaspace       used 10224K, capacity 10427K, committed 10624K, reserved 1058816K
  class space    used 1067K, capacity 1141K, committed 1152K, reserved 1048576K
}
Event: 0.834 GC heap before
{Heap before GC invocations=1 (full 0):
 garbage-first heap   total 129024K, used 31734K [0x0000000080000000, 0x0000000100000000)
  region size 1024K, 25 young (25600K), 3 survivors (3072K)
 Metaspace       used 11168K, capacity 11380K, committed 11520K, reserved 1058816K
  class space    used 1169K, capacity 1245K, committed 1280K, reserved 1048576K
}
Event: 0.836 GC heap after
{Heap after GC invocations=2 (full 0):
 garbage-first heap   total 129024K, used 10110K [0x0000000080000000, 0x0000000100000000)
  region size 1024K, 1 young (1024K), 1 survivors (1024K)
 Metaspace       used 11168K, capacity 11380K, committed 11520K, reserved 1058816K
  class space    used 1169K, capacity 1245K, committed 1280K, reserved 1048576K
}
Event: 1.818 GC heap before
{Heap before GC invocations=2 (full 0):
 garbage-first heap   total 129024K, used 64382K [0x0000000080000000, 0x0000000100000000)
  region size 1024K, 53 young (54272K), 1 survivors (1024K)
 Metaspace       used 17545K, capacity 17990K, committed 18176K, reserved 1064960K
  class space    used 2070K, capacity 2218K, committed 2304K, reserved 1048576K
}
Event: 1.845 GC heap after
{Heap after GC invocations=3 (full 0):
 garbage-first heap   total 129024K, used 16157K [0x0000000080000000, 0x0000000100000000)
  region size 1024K, 7 young (7168K), 7 survivors (7168K)
 Metaspace       used 17545K, capacity 17990K, committed 18176K, reserved 1064960K
  class space    used 2070K, capacity 2218K, committed 2304K, reserved 1048576K
}
Event: 2.064 GC heap before
{Heap before GC invocations=3 (full 0):
 garbage-first heap   total 129024K, used 41757K [0x0000000080000000, 0x0000000100000000)
  region size 1024K, 33 young (33792K), 7 survivors (7168K)
 Metaspace       used 20666K, capacity 21110K, committed 21248K, reserved 1067008K
  class space    used 2541K, capacity 2709K, committed 2816K, reserved 1048576K
}
Event: 2.071 GC heap after
{Heap after GC invocations=4 (full 0):
 garbage-first heap   total 129024K, used 17178K [0x0000000080000000, 0x0000000100000000)
  region size 1024K, 2 young (2048K), 2 survivors (2048K)
 Metaspace       used 20666K, capacity 21110K, committed 21248K, reserved 1067008K
  class space    used 2541K, capacity 2709K, committed 2816K, reserved 1048576K
}
Event: 2.558 GC heap before
{Heap before GC invocations=5 (full 0):
 garbage-first heap   total 129024K, used 73498K [0x0000000080000000, 0x0000000100000000)
  region size 1024K, 57 young (58368K), 2 survivors (2048K)
 Metaspace       used 26047K, capacity 26611K, committed 26752K, reserved 1073152K
  class space    used 3419K, capacity 3653K, committed 3712K, reserved 1048576K
}
Event: 2.561 GC heap after
{Heap after GC invocations=6 (full 0):
 garbage-first heap   total 129024K, used 19093K [0x0000000080000000, 0x0000000100000000)
  region size 1024K, 3 young (3072K), 3 survivors (3072K)
 Metaspace       used 26047K, capacity 26611K, committed 26752K, reserved 1073152K
  class space    used 3419K, capacity 3653K, committed 3712K, reserved 1048576K
}
Event: 3.166 GC heap before
{Heap before GC invocations=6 (full 0):
 garbage-first heap   total 129024K, used 73365K [0x0000000080000000, 0x0000000100000000)
  region size 1024K, 57 young (58368K), 3 survivors (3072K)
 Metaspace       used 35050K, capacity 35794K, committed 35840K, reserved 1081344K
  class space    used 4544K, capacity 4844K, committed 4864K, reserved 1048576K
}
Event: 3.172 GC heap after
{Heap after GC invocations=7 (full 0):
 garbage-first heap   total 129024K, used 22647K [0x0000000080000000, 0x0000000100000000)
  region size 1024K, 7 young (7168K), 7 survivors (7168K)
 Metaspace       used 35050K, capacity 35794K, committed 35840K, reserved 1081344K
  class space    used 4544K, capacity 4844K, committed 4864K, reserved 1048576K
}
Event: 3.796 GC heap before
{Heap before GC invocations=8 (full 0):
 garbage-first heap   total 129024K, used 87159K [0x0000000080000000, 0x0000000100000000)
  region size 1024K, 68 young (69632K), 7 survivors (7168K)
 Metaspace       used 40517K, capacity 41471K, committed 41728K, reserved 1085440K
  class space    used 5251K, capacity 5572K, committed 5632K, reserved 1048576K
}

Deoptimization events (20 events):
Event: 3.732 Thread 0x000001df654da000 Uncommon trap: trap_request=0xffffff4d fr.pc=0x000001df53c13d14 relative=0x00000000000000d4
Event: 3.732 Thread 0x000001df654da000 Uncommon trap: reason=unstable_if action=reinterpret pc=0x000001df53c13d14 method=java.util.HashMap.hash(Ljava/lang/Object;)I @ 1 c2
Event: 3.732 Thread 0x000001df654da000 DEOPT PACKING pc=0x000001df53c13d14 sp=0x000000a4478f8c30
Event: 3.732 Thread 0x000001df654da000 DEOPT UNPACKING pc=0x000001df4c14a1af sp=0x000000a4478f8b70 mode 2
Event: 3.732 Thread 0x000001df654da000 Uncommon trap: trap_request=0xffffff4d fr.pc=0x000001df53d6b5c4 relative=0x00000000000006c4
Event: 3.732 Thread 0x000001df654da000 Uncommon trap: reason=unstable_if action=reinterpret pc=0x000001df53d6b5c4 method=java.util.HashMap.putVal(ILjava/lang/Object;Ljava/lang/Object;ZZ)Ljava/lang/Object; @ 85 c2
Event: 3.732 Thread 0x000001df654da000 DEOPT PACKING pc=0x000001df53d6b5c4 sp=0x000000a4478f8b60
Event: 3.732 Thread 0x000001df654da000 DEOPT UNPACKING pc=0x000001df4c14a1af sp=0x000000a4478f8b18 mode 2
Event: 3.737 Thread 0x000001df654da000 Uncommon trap: trap_request=0xffffff4d fr.pc=0x000001df53d2fce8 relative=0x0000000000000308
Event: 3.737 Thread 0x000001df654da000 Uncommon trap: reason=unstable_if action=reinterpret pc=0x000001df53d2fce8 method=org.gradle.internal.reflect.PropertyAccessorType.isGetGetterName(Ljava/lang/String;)Z @ 14 c2
Event: 3.737 Thread 0x000001df654da000 DEOPT PACKING pc=0x000001df53d2fce8 sp=0x000000a4478f9510
Event: 3.737 Thread 0x000001df654da000 DEOPT UNPACKING pc=0x000001df4c14a1af sp=0x000000a4478f9468 mode 2
Event: 3.762 Thread 0x000001df654da000 Uncommon trap: trap_request=0xffffff4d fr.pc=0x000001df53d1f808 relative=0x00000000000000e8
Event: 3.762 Thread 0x000001df654da000 Uncommon trap: reason=unstable_if action=reinterpret pc=0x000001df53d1f808 method=org.objectweb.asm.ByteVector.putShort(I)Lorg/objectweb/asm/ByteVector; @ 13 c2
Event: 3.762 Thread 0x000001df654da000 DEOPT PACKING pc=0x000001df53d1f808 sp=0x000000a4478f90d0
Event: 3.762 Thread 0x000001df654da000 DEOPT UNPACKING pc=0x000001df4c14a1af sp=0x000000a4478f9068 mode 2
Event: 3.781 Thread 0x000001df654da000 Uncommon trap: trap_request=0xffffff4d fr.pc=0x000001df53d66af4 relative=0x0000000000001974
Event: 3.782 Thread 0x000001df654da000 Uncommon trap: reason=unstable_if action=reinterpret pc=0x000001df53d66af4 method=java.util.concurrent.ConcurrentHashMap.computeIfAbsent(Ljava/lang/Object;Ljava/util/function/Function;)Ljava/lang/Object; @ 123 c2
Event: 3.782 Thread 0x000001df654da000 DEOPT PACKING pc=0x000001df53d66af4 sp=0x000000a4478fa5c0
Event: 3.782 Thread 0x000001df654da000 DEOPT UNPACKING pc=0x000001df4c14a1af sp=0x000000a4478fa550 mode 2

Classes redefined (0 events):
No events

Internal exceptions (20 events):
Event: 3.420 Thread 0x000001df654da000 Exception <a 'java/lang/ClassNotFoundException'{0x0000000085ed0a80}: org/gradle/plugin/use/internal/PluginsAwareScriptCustomizer> (0x0000000085ed0a80) thrown at [./src/hotspot/share/classfile/systemDictionary.cpp, line 231]
Event: 3.420 Thread 0x000001df654da000 Exception <a 'java/lang/ClassNotFoundException'{0x0000000085eee210}: org/gradle/initialization/SettingsScriptCustomizer> (0x0000000085eee210) thrown at [./src/hotspot/share/classfile/systemDictionary.cpp, line 231]
Event: 3.421 Thread 0x000001df654da000 Exception <a 'java/lang/ClassNotFoundException'{0x0000000085d01578}: settings_349u5yp9ltrrld7h7gjbtpz6sCustomizer> (0x0000000085d01578) thrown at [./src/hotspot/share/classfile/systemDictionary.cpp, line 231]
Event: 3.441 Thread 0x000001df654da000 Exception <a 'java/lang/ClassNotFoundException'{0x0000000085c63cb0}: org/gradle/initialization/DefaultSettings_DecoratedBeanInfo> (0x0000000085c63cb0) thrown at [./src/hotspot/share/classfile/systemDictionary.cpp, line 231]
Event: 3.441 Thread 0x000001df654da000 Exception <a 'java/lang/ClassNotFoundException'{0x0000000085c864e8}: org/gradle/initialization/DefaultSettingsBeanInfo> (0x0000000085c864e8) thrown at [./src/hotspot/share/classfile/systemDictionary.cpp, line 231]
Event: 3.442 Thread 0x000001df654da000 Exception <a 'java/lang/ClassNotFoundException'{0x0000000085cac3f0}: org/gradle/api/internal/project/AbstractPluginAwareBeanInfo> (0x0000000085cac3f0) thrown at [./src/hotspot/share/classfile/systemDictionary.cpp, line 231]
Event: 3.443 Thread 0x000001df654da000 Exception <a 'java/lang/ClassNotFoundException'{0x0000000085cd24b0}: org/gradle/api/internal/project/AbstractPluginAwareCustomizer> (0x0000000085cd24b0) thrown at [./src/hotspot/share/classfile/systemDictionary.cpp, line 231]
Event: 3.444 Thread 0x000001df654da000 Exception <a 'java/lang/ClassNotFoundException'{0x0000000085cfc4c0}: org/gradle/initialization/DefaultSettingsCustomizer> (0x0000000085cfc4c0) thrown at [./src/hotspot/share/classfile/systemDictionary.cpp, line 231]
Event: 3.448 Thread 0x000001df654da000 Exception <a 'java/lang/ClassNotFoundException'{0x0000000085b506f8}: org/gradle/initialization/DefaultSettings_DecoratedCustomizer> (0x0000000085b506f8) thrown at [./src/hotspot/share/classfile/systemDictionary.cpp, line 231]
Event: 3.458 Thread 0x000001df654da000 Exception <a 'java/lang/ClassNotFoundException'{0x0000000085a09668}: org/gradle/initialization/DefaultProjectDescriptorBeanInfo> (0x0000000085a09668) thrown at [./src/hotspot/share/classfile/systemDictionary.cpp, line 231]
Event: 3.459 Thread 0x000001df654da000 Exception <a 'java/lang/ClassNotFoundException'{0x0000000085a2efb8}: org/gradle/initialization/DefaultProjectDescriptorCustomizer> (0x0000000085a2efb8) thrown at [./src/hotspot/share/classfile/systemDictionary.cpp, line 231]
Event: 3.501 Thread 0x000001df654da000 Exception <a 'java/lang/NoSuchMethodError'{0x000000008582d2e8}: 'int java.lang.invoke.DirectMethodHandle$Holder.invokeVirtual(java.lang.Object, java.lang.Object)'> (0x000000008582d2e8) thrown at [./src/hotspot/share/interpreter/linkResolver.cpp, line 773]
Event: 3.504 Thread 0x000001df654da000 Implicit null exception at 0x000001df53d4d0ef to 0x000001df53d4d198
Event: 3.648 Thread 0x000001df66551000 Exception <a 'java/lang/NoSuchMethodError'{0x0000000087d0e850}: <clinit>> (0x0000000087d0e850) thrown at [./src/hotspot/share/prims/jni.cpp, line 1365]
Event: 3.649 Thread 0x000001df66551000 Exception <a 'java/lang/NoSuchMethodError'{0x0000000087d0ff40}: <clinit>> (0x0000000087d0ff40) thrown at [./src/hotspot/share/prims/jni.cpp, line 1365]
Event: 3.650 Thread 0x000001df66551000 Exception <a 'java/lang/NoSuchMethodError'{0x0000000087d1eb60}: <clinit>> (0x0000000087d1eb60) thrown at [./src/hotspot/share/prims/jni.cpp, line 1365]
Event: 3.650 Thread 0x000001df66551000 Exception <a 'java/lang/NoSuchMethodError'{0x0000000084d81860}: <clinit>> (0x0000000084d81860) thrown at [./src/hotspot/share/prims/jni.cpp, line 1365]
Event: 3.651 Thread 0x000001df66551000 Exception <a 'java/lang/NoSuchMethodError'{0x0000000084d90a88}: <clinit>> (0x0000000084d90a88) thrown at [./src/hotspot/share/prims/jni.cpp, line 1365]
Event: 3.732 Thread 0x000001df654da000 Implicit null exception at 0x000001df53cd5274 to 0x000001df53cd5484
Event: 3.732 Thread 0x000001df654da000 Implicit null exception at 0x000001df53c13c78 to 0x000001df53c13d0a

Events (20 events):
Event: 3.790 loading class org/gradle/tooling/model/idea/IdeaDependencyScope done
Event: 3.790 loading class org/gradle/tooling/model/GradleModuleVersion
Event: 3.790 loading class org/gradle/tooling/model/GradleModuleVersion done
Event: 3.790 loading class org/gradle/plugins/ide/internal/tooling/RunBuildDependenciesTaskBuilder
Event: 3.790 loading class org/gradle/plugins/ide/internal/tooling/RunBuildDependenciesTaskBuilder done
Event: 3.790 loading class org/gradle/tooling/provider/model/ParameterizedToolingModelBuilder
Event: 3.790 loading class org/gradle/tooling/provider/model/ParameterizedToolingModelBuilder done
Event: 3.791 loading class org/gradle/plugins/ide/internal/tooling/RunEclipseTasksBuilder
Event: 3.791 loading class org/gradle/plugins/ide/internal/tooling/RunEclipseTasksBuilder done
Event: 3.791 loading class org/gradle/plugins/ide/internal/tooling/EclipseModelBuilder
Event: 3.791 loading class org/gradle/plugins/ide/internal/tooling/EclipseModelBuilder done
Event: 3.792 loading class org/gradle/tooling/model/UnsupportedMethodException
Event: 3.792 loading class org/gradle/tooling/model/UnsupportedMethodException done
Event: 3.792 loading class org/gradle/plugins/ide/eclipse/model/AbstractClasspathEntry
Event: 3.792 loading class org/gradle/plugins/ide/eclipse/model/AbstractClasspathEntry done
Event: 3.794 loading class org/objectweb/asm/Opcodes
Event: 3.794 loading class org/objectweb/asm/Opcodes done
Event: 3.795 loading class org/gradle/plugins/ide/eclipse/model/ClasspathEntry
Event: 3.795 loading class org/gradle/plugins/ide/eclipse/model/ClasspathEntry done
Event: 3.795 Executing VM operation: G1CollectForAllocation


Dynamic libraries:
0x00007ff6bf0c0000 - 0x00007ff6bf0ca000 	C:\Program Files\Android\Android Studio\jre\bin\java.exe
0x00007ffb5ff60000 - 0x00007ffb60169000 	C:\Windows\SYSTEM32\ntdll.dll
0x00007ffb5e770000 - 0x00007ffb5e82d000 	C:\Windows\System32\KERNEL32.DLL
0x00007ffb5d470000 - 0x00007ffb5d7e9000 	C:\Windows\System32\KERNELBASE.dll
0x00007ffb5dbe0000 - 0x00007ffb5dcf1000 	C:\Windows\System32\ucrtbase.dll
0x00007ffb32e00000 - 0x00007ffb32e17000 	C:\Program Files\Android\Android Studio\jre\bin\VCRUNTIME140.dll
0x00007ffb35ee0000 - 0x00007ffb35ef9000 	C:\Program Files\Android\Android Studio\jre\bin\jli.dll
0x00007ffb5fd50000 - 0x00007ffb5fefc000 	C:\Windows\System32\USER32.dll
0x00007ffb4d410000 - 0x00007ffb4d6b5000 	C:\Windows\WinSxS\amd64_microsoft.windows.common-controls_6595b64144ccf1df_6.0.22000.120_none_9d947278b86cc467\COMCTL32.dll
0x00007ffb5d440000 - 0x00007ffb5d466000 	C:\Windows\System32\win32u.dll
0x00007ffb5f920000 - 0x00007ffb5f9c3000 	C:\Windows\System32\msvcrt.dll
0x00007ffb5ea10000 - 0x00007ffb5ea39000 	C:\Windows\System32\GDI32.dll
0x00007ffb5d7f0000 - 0x00007ffb5d902000 	C:\Windows\System32\gdi32full.dll
0x00007ffb5db40000 - 0x00007ffb5dbdd000 	C:\Windows\System32\msvcp_win.dll
0x00007ffb5ea50000 - 0x00007ffb5ea81000 	C:\Windows\System32\IMM32.DLL
0x00007ffb2bdf0000 - 0x00007ffb2be8d000 	C:\Program Files\Android\Android Studio\jre\bin\msvcp140.dll
0x00007ffb098d0000 - 0x00007ffb0a3b5000 	C:\Program Files\Android\Android Studio\jre\bin\server\jvm.dll
0x00007ffb5e590000 - 0x00007ffb5e63e000 	C:\Windows\System32\ADVAPI32.dll
0x00007ffb5fbe0000 - 0x00007ffb5fc7e000 	C:\Windows\System32\sechost.dll
0x00007ffb5f800000 - 0x00007ffb5f920000 	C:\Windows\System32\RPCRT4.dll
0x00007ffb5ea40000 - 0x00007ffb5ea48000 	C:\Windows\System32\PSAPI.DLL
0x00007ffb59a50000 - 0x00007ffb59a59000 	C:\Windows\SYSTEM32\WSOCK32.dll
0x00007ffb588b0000 - 0x00007ffb588e3000 	C:\Windows\SYSTEM32\WINMM.dll
0x00007ffb5fc80000 - 0x00007ffb5fcef000 	C:\Windows\System32\WS2_32.dll
0x00007ffb57090000 - 0x00007ffb5709a000 	C:\Windows\SYSTEM32\VERSION.dll
0x00007ffb5c630000 - 0x00007ffb5c648000 	C:\Windows\SYSTEM32\kernel.appcore.dll
0x00007ffb42a90000 - 0x00007ffb42aa1000 	C:\Program Files\Android\Android Studio\jre\bin\verify.dll
0x00007ffb5afb0000 - 0x00007ffb5b1d1000 	C:\Windows\SYSTEM32\DBGHELP.DLL
0x00007ffb567c0000 - 0x00007ffb567f1000 	C:\Windows\SYSTEM32\dbgcore.DLL
0x00007ffb5dd00000 - 0x00007ffb5dd7f000 	C:\Windows\System32\bcryptPrimitives.dll
0x00007ffb31870000 - 0x00007ffb31899000 	C:\Program Files\Android\Android Studio\jre\bin\java.dll
0x00007ffb56890000 - 0x00007ffb5689b000 	C:\Program Files\Android\Android Studio\jre\bin\jimage.dll
0x00007ffb429b0000 - 0x00007ffb429c8000 	C:\Program Files\Android\Android Studio\jre\bin\zip.dll
0x00007ffb5ebd0000 - 0x00007ffb5f388000 	C:\Windows\System32\SHELL32.dll
0x00007ffb5b5c0000 - 0x00007ffb5be27000 	C:\Windows\SYSTEM32\windows.storage.dll
0x00007ffb5f480000 - 0x00007ffb5f7f9000 	C:\Windows\System32\combase.dll
0x00007ffb5b450000 - 0x00007ffb5b5b6000 	C:\Windows\SYSTEM32\wintypes.dll
0x00007ffb5ddf0000 - 0x00007ffb5deda000 	C:\Windows\System32\SHCORE.dll
0x00007ffb5eab0000 - 0x00007ffb5eb0d000 	C:\Windows\System32\shlwapi.dll
0x00007ffb5d370000 - 0x00007ffb5d391000 	C:\Windows\SYSTEM32\profapi.dll
0x00007ffb3c810000 - 0x00007ffb3c82a000 	C:\Program Files\Android\Android Studio\jre\bin\net.dll
0x00007ffb57ef0000 - 0x00007ffb57ffc000 	C:\Windows\SYSTEM32\WINHTTP.dll
0x00007ffb5ca60000 - 0x00007ffb5cac7000 	C:\Windows\system32\mswsock.dll
0x00007ffb310a0000 - 0x00007ffb310b4000 	C:\Program Files\Android\Android Studio\jre\bin\nio.dll
0x00007ffb35f00000 - 0x00007ffb35f27000 	C:\Users\Santosh Sharma\.gradle\native\8bec1ad78214c89d9ad589b4d07fe93259594b29d510b10fafb7a158f7737e5d\windows-amd64\native-platform.dll
0x00007ffb1e3f0000 - 0x00007ffb1e52d000 	C:\Users\Santosh Sharma\.gradle\native\53dbd7edfb1c66fb8903c78663c9afc45aea4f116125fa6feffd364cf09443e8\windows-amd64\native-platform-file-events.dll
0x00007ffb565a0000 - 0x00007ffb565aa000 	C:\Program Files\Android\Android Studio\jre\bin\management.dll
0x00007ffb55f80000 - 0x00007ffb55f8d000 	C:\Program Files\Android\Android Studio\jre\bin\management_ext.dll
0x00007ffb5cca0000 - 0x00007ffb5ccb8000 	C:\Windows\SYSTEM32\CRYPTSP.dll
0x00007ffb5c590000 - 0x00007ffb5c5c5000 	C:\Windows\system32\rsaenh.dll
0x00007ffb5cb50000 - 0x00007ffb5cb79000 	C:\Windows\SYSTEM32\USERENV.dll
0x00007ffb5ce20000 - 0x00007ffb5ce47000 	C:\Windows\SYSTEM32\bcrypt.dll
0x00007ffb5ccc0000 - 0x00007ffb5cccc000 	C:\Windows\SYSTEM32\CRYPTBASE.dll
0x00007ffb5c160000 - 0x00007ffb5c18d000 	C:\Windows\SYSTEM32\IPHLPAPI.DLL
0x00007ffb5fb70000 - 0x00007ffb5fb79000 	C:\Windows\System32\NSI.dll
0x00007ffb57d70000 - 0x00007ffb57d89000 	C:\Windows\SYSTEM32\dhcpcsvc6.DLL
0x00007ffb58590000 - 0x00007ffb585ae000 	C:\Windows\SYSTEM32\dhcpcsvc.DLL
0x00007ffb5c190000 - 0x00007ffb5c278000 	C:\Windows\SYSTEM32\DNSAPI.dll

dbghelp: loaded successfully - version: 4.0.5 - missing functions: none
symbol engine: initialized successfully - sym options: 0x614 - pdb path: .;C:\Program Files\Android\Android Studio\jre\bin;C:\Windows\SYSTEM32;C:\Windows\WinSxS\amd64_microsoft.windows.common-controls_6595b64144ccf1df_6.0.22000.120_none_9d947278b86cc467;C:\Program Files\Android\Android Studio\jre\bin\server;C:\Users\Santosh Sharma\.gradle\native\8bec1ad78214c89d9ad589b4d07fe93259594b29d510b10fafb7a158f7737e5d\windows-amd64;C:\Users\Santosh Sharma\.gradle\native\53dbd7edfb1c66fb8903c78663c9afc45aea4f116125fa6feffd364cf09443e8\windows-amd64

VM Arguments:
jvm_args: --add-opens=java.base/java.util=ALL-UNNAMED --add-opens=java.base/java.lang=ALL-UNNAMED --add-opens=java.base/java.lang.invoke=ALL-UNNAMED --add-opens=java.base/java.util=ALL-UNNAMED --add-opens=java.prefs/java.util.prefs=ALL-UNNAMED --add-opens=java.prefs/java.util.prefs=ALL-UNNAMED --add-opens=java.base/java.nio.charset=ALL-UNNAMED --add-opens=java.base/java.net=ALL-UNNAMED --add-opens=java.base/java.util.concurrent.atomic=ALL-UNNAMED -Xmx2048m -Dfile.encoding=UTF-8 -Duser.country=IN -Duser.language=en -Duser.variant 
java_command: org.gradle.launcher.daemon.bootstrap.GradleDaemon 7.1
java_class_path (initial): C:\Users\Santosh Sharma\.gradle\wrapper\dists\gradle-7.1-bin\4pslxx9lrxt5svtz5wbnb6tkz\gradle-7.1\lib\gradle-launcher-7.1.jar
Launcher Type: SUN_STANDARD

[Global flags]
     intx CICompilerCount                          = 4                                         {product} {ergonomic}
     uint ConcGCThreads                            = 2                                         {product} {ergonomic}
     uint G1ConcRefinementThreads                  = 8                                         {product} {ergonomic}
   size_t G1HeapRegionSize                         = 1048576                                   {product} {ergonomic}
    uintx GCDrainStackTargetSize                   = 64                                        {product} {ergonomic}
   size_t InitialHeapSize                          = 132120576                                 {product} {ergonomic}
   size_t MarkStackSize                            = 4194304                                   {product} {ergonomic}
   size_t MaxHeapSize                              = 2147483648                                {product} {command line}
   size_t MaxNewSize                               = 1287651328                                {product} {ergonomic}
   size_t MinHeapDeltaBytes                        = 1048576                                   {product} {ergonomic}
    uintx NonNMethodCodeHeapSize                   = 5836300                                {pd product} {ergonomic}
    uintx NonProfiledCodeHeapSize                  = 122910970                              {pd product} {ergonomic}
    uintx ProfiledCodeHeapSize                     = 122910970                              {pd product} {ergonomic}
    uintx ReservedCodeCacheSize                    = 251658240                              {pd product} {ergonomic}
     bool SegmentedCodeCache                       = true                                      {product} {ergonomic}
     bool UseCompressedClassPointers               = true                                 {lp64_product} {ergonomic}
     bool UseCompressedOops                        = true                                 {lp64_product} {ergonomic}
     bool UseG1GC                                  = true                                      {product} {ergonomic}
     bool UseLargePagesIndividualAllocation        = false                                  {pd product} {ergonomic}

Logging:
Log output configuration:
 #0: stdout all=warning uptime,level,tags
 #1: stderr all=off uptime,level,tags

Environment Variables:
PATH=C:\Program Files\Common Files\Oracle\Java\javapath;C:\Program Files (x86)\Common Files\Oracle\Java\javapath;C:\Windows\system32;C:\Windows;C:\Windows\System32\Wbem;C:\Windows\System32\WindowsPowerShell\v1.0\;C:\Windows\System32\OpenSSH\;C:\Program Files\Git\cmd;C:\Users\Santosh Sharma\AppData\Local\Microsoft\WindowsApps;C:\Users\Santosh Sharma\AppData\Local\Programs\Microsoft VS Code\bin;C:\flutter\flutter\bin;
USERNAME=Santosh Sharma
OS=Windows_NT
PROCESSOR_IDENTIFIER=Intel64 Family 6 Model 165 Stepping 2, GenuineIntel



---------------  S Y S T E M  ---------------

OS: Windows 10 , 64 bit Build 22000 (10.0.22000.708)
OS uptime: 7 days 1:45 hours

CPU:total 8 (initial active 8) (4 cores per cpu, 2 threads per core) family 6 model 165 stepping 2 microcode 0xe0, cmov, cx8, fxsr, mmx, sse, sse2, sse3, ssse3, sse4.1, sse4.2, popcnt, avx, avx2, aes, clmul, erms, 3dnowpref, lzcnt, ht, tsc, tscinvbit, bmi1, bmi2, adx, fma

Memory: 4k page, system-wide physical 8029M (1224M free)
TotalPageFile size 32605M (AvailPageFile size 32M)
current process WorkingSet (physical memory assigned to process): 266M, peak: 266M
current process commit charge ("private bytes"): 330M, peak: 358M

vm_info: OpenJDK 64-Bit Server VM (11.0.12+7-b1504.28-7817840) for windows-amd64 JRE (11.0.12+7-b1504.28-7817840), built on Oct 13 2021 22:12:33 by "builder" with MS VC++ 14.0 (VS2015)

END.
