#
# There is insufficient memory for the Java Runtime Environment to continue.
# Native memory allocation (mmap) failed to map 47185920 bytes for Failed to commit area from 0x000000008dc00000 to 0x0000000090900000 of length 47185920.
# Possible reasons:
#   The system is out of physical RAM or swap space
#   The process is running with CompressedOops enabled, and the Java Heap may be blocking the growth of the native heap
# Possible solutions:
#   Reduce memory load on the system
#   Increase physical memory or swap space
#   Check if swap backing store is full
#   Decrease Java heap size (-Xmx/-Xms)
#   Decrease number of Java threads
#   Decrease Java thread stack sizes (-Xss)
#   Set larger code cache with -XX:ReservedCodeCacheSize=
#   JVM is running with Unscaled Compressed Oops mode in which the Java heap is
#     placed in the first 4GB address space. The Java Heap base address is the
#     maximum limit for the native heap growth. Please use -XX:HeapBaseMinAddress
#     to set the Java Heap base and to place the Java Heap above 4GB virtual address.
# This output file may be truncated or incomplete.
#
#  Out of Memory Error (./src/hotspot/os/windows/os_windows.cpp:3521), pid=6436, tid=10824
#
# JRE version: OpenJDK Runtime Environment (11.0.12+7) (build 11.0.12+7-b1504.28-7817840)
# Java VM: OpenJDK 64-Bit Server VM (11.0.12+7-b1504.28-7817840, mixed mode, tiered, compressed oops, g1 gc, windows-amd64)
# No core dump will be written. Minidumps are not enabled by default on client versions of Windows
#

---------------  S U M M A R Y ------------

Command Line: --add-opens=java.base/java.util=ALL-UNNAMED --add-opens=java.base/java.lang=ALL-UNNAMED --add-opens=java.base/java.lang.invoke=ALL-UNNAMED --add-opens=java.base/java.util=ALL-UNNAMED --add-opens=java.prefs/java.util.prefs=ALL-UNNAMED --add-opens=java.prefs/java.util.prefs=ALL-UNNAMED --add-opens=java.base/java.nio.charset=ALL-UNNAMED --add-opens=java.base/java.net=ALL-UNNAMED --add-opens=java.base/java.util.concurrent.atomic=ALL-UNNAMED -Xmx2048m -Dfile.encoding=UTF-8 -Duser.country=IN -Duser.language=en -Duser.variant org.gradle.launcher.daemon.bootstrap.GradleDaemon 7.1

Host: Intel(R) Core(TM) i5-10300H CPU @ 2.50GHz, 8 cores, 7G,  Windows 10 , 64 bit Build 22000 (10.0.22000.708)
Time: Tue Jul 26 12:04:12 2022 India Standard Time elapsed time: 17.549566 seconds (0d 0h 0m 17s)

---------------  T H R E A D  ---------------

Current thread (0x0000025ad8afe800):  VMThread "VM Thread" [stack: 0x000000d789700000,0x000000d789800000] [id=10824]

Stack: [0x000000d789700000,0x000000d789800000]
[error occurred during error reporting (printing stack bounds), id 0xc0000005, EXCEPTION_ACCESS_VIOLATION (0xc0000005) at pc=0x0000025ac19b112d]

Native frames: (J=compiled Java code, j=interpreted, Vv=VM code, C=native code)
V  [jvm.dll+0x5fbcea]
V  [jvm.dll+0x731905]
V  [jvm.dll+0x732f1d]
V  [jvm.dll+0x733535]
V  [jvm.dll+0x7334eb]
V  [jvm.dll+0x5fb080]
V  [jvm.dll+0x5fb818]
C  [ntdll.dll+0xa8eaf]
C  [ntdll.dll+0x35e9a]
C  [ntdll.dll+0xa7ebe]
C  0x0000025ac19b112d

VM_Operation (0x000000d792bfdba0): G1CollectForAllocation, mode: safepoint, requested by thread 0x0000025ada9ab800


---------------  P R O C E S S  ---------------

Threads class SMR info:
_java_thread_list=0x0000025ae0f281b0, length=143, elements={
0x0000025abc6cd000, 0x0000025ad8b01000, 0x0000025ad8b04800, 0x0000025ad9492800,
0x0000025ad8b1f000, 0x0000025ad8b20000, 0x0000025ad8b22800, 0x0000025ad8b2f000,
0x0000025ad8b3d000, 0x0000025ad95fb000, 0x0000025ada6c2800, 0x0000025adb9b3000,
0x0000025adc58b800, 0x0000025ad9817000, 0x0000025adb998000, 0x0000025adaf52800,
0x0000025adb749800, 0x0000025adb7b4000, 0x0000025adaf9c800, 0x0000025adafa1800,
0x0000025adaf9b800, 0x0000025adaf9d800, 0x0000025adaf9f000, 0x0000025adaf9e000,
0x0000025adafa0000, 0x0000025adafa0800, 0x0000025adafa2000, 0x0000025add1fc800,
0x0000025add1fd800, 0x0000025add1ff000, 0x0000025add200000, 0x0000025add1fa000,
0x0000025add200800, 0x0000025add202800, 0x0000025add201800, 0x0000025add205000,
0x0000025add208000, 0x0000025add204000, 0x0000025add205800, 0x0000025add203000,
0x0000025add206800, 0x0000025add207000, 0x0000025ade88e000, 0x0000025ade88f800,
0x0000025ade88c800, 0x0000025ade890800, 0x0000025ade893000, 0x0000025ade891800,
0x0000025ade892000, 0x0000025ade88f000, 0x0000025ade88d000, 0x0000025ade893800,
0x0000025ade897000, 0x0000025ade899800, 0x0000025ade898800, 0x0000025ade898000,
0x0000025ade89a000, 0x0000025ade894800, 0x0000025ade89b000, 0x0000025ade896000,
0x0000025ade895800, 0x0000025add28c000, 0x0000025add28f000, 0x0000025add28a800,
0x0000025add291000, 0x0000025add28b000, 0x0000025add291800, 0x0000025add292800,
0x0000025add290000, 0x0000025add28c800, 0x0000025add293800, 0x0000025add28d800,
0x0000025add294000, 0x0000025add28e800, 0x0000025add296800, 0x0000025add295800,
0x0000025add295000, 0x0000025add297800, 0x0000025add298000, 0x0000025add299000,
0x0000025ae0226800, 0x0000025ae022a800, 0x0000025ae0229000, 0x0000025ae0228000,
0x0000025ae022b800, 0x0000025ae0226000, 0x0000025ae0227800, 0x0000025ae022a000,
0x0000025ae022d000, 0x0000025ae022e800, 0x0000025ae022f800, 0x0000025ae022e000,
0x0000025ae0231000, 0x0000025ae0232000, 0x0000025ae0230800, 0x0000025ae022c800,
0x0000025ae0233800, 0x0000025ae0233000, 0x0000025ae0234800, 0x0000025adf58b000,
0x0000025adf590000, 0x0000025adf58c000, 0x0000025adf58f000, 0x0000025adf58a000,
0x0000025adf590800, 0x0000025adf591800, 0x0000025adf592800, 0x0000025adf58c800,
0x0000025adf593000, 0x0000025adf58d800, 0x0000025adf594000, 0x0000025adf58e000,
0x0000025adf594800, 0x0000025adf596800, 0x0000025adf597000, 0x0000025adf595800,
0x0000025adf598000, 0x0000025adf599000, 0x0000025add195000, 0x0000025add192800,
0x0000025add195800, 0x0000025adf2a8000, 0x0000025add196800, 0x0000025add193800,
0x0000025add198000, 0x0000025add194000, 0x0000025add19d000, 0x0000025add19c000,
0x0000025add19e800, 0x0000025add199000, 0x0000025add19b800, 0x0000025add19f800,
0x0000025add19a000, 0x0000025add1a0800, 0x0000025add19a800, 0x0000025ada9a9800,
0x0000025ada9a5800, 0x0000025ada9aa800, 0x0000025ada9a6800, 0x0000025ada9ab800,
0x0000025ada9ac000, 0x0000025ada9ad000, 0x0000025ada9a7000
}

Java Threads: ( => current thread )
  0x0000025abc6cd000 JavaThread "main" [_thread_blocked, id=10584, stack(0x000000d789100000,0x000000d789200000)]
  0x0000025ad8b01000 JavaThread "Reference Handler" daemon [_thread_blocked, id=15220, stack(0x000000d789800000,0x000000d789900000)]
  0x0000025ad8b04800 JavaThread "Finalizer" daemon [_thread_blocked, id=4432, stack(0x000000d789900000,0x000000d789a00000)]
  0x0000025ad9492800 JavaThread "Signal Dispatcher" daemon [_thread_blocked, id=8952, stack(0x000000d789a00000,0x000000d789b00000)]
  0x0000025ad8b1f000 JavaThread "Attach Listener" daemon [_thread_blocked, id=15208, stack(0x000000d789b00000,0x000000d789c00000)]
  0x0000025ad8b20000 JavaThread "Service Thread" daemon [_thread_blocked, id=16688, stack(0x000000d789c00000,0x000000d789d00000)]
  0x0000025ad8b22800 JavaThread "C2 CompilerThread0" daemon [_thread_in_native, id=4268, stack(0x000000d789d00000,0x000000d789e00000)]
  0x0000025ad8b2f000 JavaThread "C1 CompilerThread0" daemon [_thread_blocked, id=9120, stack(0x000000d789e00000,0x000000d789f00000)]
  0x0000025ad8b3d000 JavaThread "Sweeper thread" daemon [_thread_blocked, id=6164, stack(0x000000d789f00000,0x000000d78a000000)]
  0x0000025ad95fb000 JavaThread "Common-Cleaner" daemon [_thread_blocked, id=14680, stack(0x000000d78a000000,0x000000d78a100000)]
  0x0000025ada6c2800 JavaThread "Daemon health stats" [_thread_blocked, id=16160, stack(0x000000d78a600000,0x000000d78a700000)]
  0x0000025adb9b3000 JavaThread "Incoming local TCP Connector on port 60330" [_thread_in_native, id=1520, stack(0x000000d78a300000,0x000000d78a400000)]
  0x0000025adc58b800 JavaThread "Daemon periodic checks" [_thread_blocked, id=14496, stack(0x000000d78a700000,0x000000d78a800000)]
  0x0000025ad9817000 JavaThread "Daemon" [_thread_blocked, id=7272, stack(0x000000d78a800000,0x000000d78a900000)]
  0x0000025adb998000 JavaThread "Handler for socket connection from /127.0.0.1:60330 to /127.0.0.1:60331" [_thread_in_native, id=10708, stack(0x000000d78a900000,0x000000d78aa00000)]
  0x0000025adaf52800 JavaThread "Cancel handler" [_thread_blocked, id=15624, stack(0x000000d78aa00000,0x000000d78ab00000)]
  0x0000025adb749800 JavaThread "Daemon worker" [_thread_blocked, id=9564, stack(0x000000d78ab00000,0x000000d78ac00000)]
  0x0000025adb7b4000 JavaThread "Asynchronous log dispatcher for DefaultDaemonConnection: socket connection from /127.0.0.1:60330 to /127.0.0.1:60331" [_thread_blocked, id=9596, stack(0x000000d78ac00000,0x000000d78ad00000)]
  0x0000025adaf9c800 JavaThread "Stdin handler" [_thread_blocked, id=4012, stack(0x000000d78ad00000,0x000000d78ae00000)]
  0x0000025adafa1800 JavaThread "Daemon client event forwarder" [_thread_blocked, id=17324, stack(0x000000d78ae00000,0x000000d78af00000)]
  0x0000025adaf9b800 JavaThread "Cache worker for journal cache (C:\Users\Santosh Sharma\.gradle\caches\journal-1)" [_thread_blocked, id=16968, stack(0x000000d78af00000,0x000000d78b000000)]
  0x0000025adaf9d800 JavaThread "File lock request listener" [_thread_in_native, id=14252, stack(0x000000d78b000000,0x000000d78b100000)]
  0x0000025adaf9f000 JavaThread "Cache worker for file hash cache (C:\Users\Santosh Sharma\.gradle\caches\7.1\fileHashes)" [_thread_blocked, id=6160, stack(0x000000d78b100000,0x000000d78b200000)]
  0x0000025adaf9e000 JavaThread "Cache worker for file hash cache (D:\MyProjects\smoxstyler-android\.gradle\7.1\fileHashes)" [_thread_blocked, id=2860, stack(0x000000d78b800000,0x000000d78b900000)]
  0x0000025adafa0000 JavaThread "File watcher server" daemon [_thread_blocked, id=14572, stack(0x000000d78b900000,0x000000d78ba00000)]
  0x0000025adafa0800 JavaThread "File watcher consumer" daemon [_thread_blocked, id=4624, stack(0x000000d78ba00000,0x000000d78bb00000)]
  0x0000025adafa2000 JavaThread "Cache worker for checksums cache (D:\MyProjects\smoxstyler-android\.gradle\checksums)" [_thread_blocked, id=15320, stack(0x000000d78bb00000,0x000000d78bc00000)]
  0x0000025add1fc800 JavaThread "Cache worker for cache directory md-supplier (C:\Users\Santosh Sharma\.gradle\caches\7.1\md-supplier)" [_thread_blocked, id=13980, stack(0x000000d78bc00000,0x000000d78bd00000)]
  0x0000025add1fd800 JavaThread "Cache worker for cache directory md-rule (C:\Users\Santosh Sharma\.gradle\caches\7.1\md-rule)" [_thread_blocked, id=2848, stack(0x000000d78be00000,0x000000d78bf00000)]
  0x0000025add1ff000 JavaThread "Cache worker for execution history cache (C:\Users\Santosh Sharma\.gradle\caches\7.1\executionHistory)" [_thread_blocked, id=12344, stack(0x000000d78bf00000,0x000000d78c000000)]
  0x0000025add200000 JavaThread "jar transforms" [_thread_blocked, id=15044, stack(0x000000d78c000000,0x000000d78c100000)]
  0x0000025add1fa000 JavaThread "jar transforms Thread 2" [_thread_blocked, id=14060, stack(0x000000d78c100000,0x000000d78c200000)]
  0x0000025add200800 JavaThread "Cache worker for file content cache (C:\Users\Santosh Sharma\.gradle\caches\7.1\fileContent)" [_thread_blocked, id=14264, stack(0x000000d78c200000,0x000000d78c300000)]
  0x0000025add202800 JavaThread "Cache worker for dependencies-accessors (D:\MyProjects\smoxstyler-android\.gradle\7.1\dependencies-accessors)" [_thread_blocked, id=5628, stack(0x000000d78c300000,0x000000d78c400000)]
  0x0000025add201800 JavaThread "jar transforms Thread 3" [_thread_blocked, id=14344, stack(0x000000d78c400000,0x000000d78c500000)]
  0x0000025add205000 JavaThread "Cache worker for Build Output Cleanup Cache (D:\MyProjects\smoxstyler-android\.gradle\buildOutputCleanup)" [_thread_blocked, id=15764, stack(0x000000d78c500000,0x000000d78c600000)]
  0x0000025add208000 JavaThread "Unconstrained build operations" [_thread_blocked, id=7048, stack(0x000000d78c600000,0x000000d78c700000)]
  0x0000025add204000 JavaThread "Unconstrained build operations Thread 2" [_thread_blocked, id=9696, stack(0x000000d78c700000,0x000000d78c800000)]
  0x0000025add205800 JavaThread "Unconstrained build operations Thread 3" [_thread_blocked, id=5516, stack(0x000000d78c800000,0x000000d78c900000)]
  0x0000025add203000 JavaThread "Unconstrained build operations Thread 4" [_thread_blocked, id=12548, stack(0x000000d78c900000,0x000000d78ca00000)]
  0x0000025add206800 JavaThread "Unconstrained build operations Thread 5" [_thread_blocked, id=16600, stack(0x000000d78ca00000,0x000000d78cb00000)]
  0x0000025add207000 JavaThread "Unconstrained build operations Thread 6" [_thread_blocked, id=2836, stack(0x000000d78cb00000,0x000000d78cc00000)]
  0x0000025ade88e000 JavaThread "Unconstrained build operations Thread 7" [_thread_blocked, id=10080, stack(0x000000d78cc00000,0x000000d78cd00000)]
  0x0000025ade88f800 JavaThread "Unconstrained build operations Thread 8" [_thread_blocked, id=9876, stack(0x000000d78cd00000,0x000000d78ce00000)]
  0x0000025ade88c800 JavaThread "Unconstrained build operations Thread 9" [_thread_blocked, id=16892, stack(0x000000d78ce00000,0x000000d78cf00000)]
  0x0000025ade890800 JavaThread "Unconstrained build operations Thread 10" [_thread_blocked, id=6772, stack(0x000000d78cf00000,0x000000d78d000000)]
  0x0000025ade893000 JavaThread "Unconstrained build operations Thread 11" [_thread_blocked, id=14748, stack(0x000000d78d000000,0x000000d78d100000)]
  0x0000025ade891800 JavaThread "Unconstrained build operations Thread 12" [_thread_blocked, id=7708, stack(0x000000d78d100000,0x000000d78d200000)]
  0x0000025ade892000 JavaThread "Unconstrained build operations Thread 13" [_thread_blocked, id=2216, stack(0x000000d78d200000,0x000000d78d300000)]
  0x0000025ade88f000 JavaThread "Unconstrained build operations Thread 14" [_thread_blocked, id=3404, stack(0x000000d78d300000,0x000000d78d400000)]
  0x0000025ade88d000 JavaThread "Unconstrained build operations Thread 15" [_thread_blocked, id=9028, stack(0x000000d78d400000,0x000000d78d500000)]
  0x0000025ade893800 JavaThread "Unconstrained build operations Thread 16" [_thread_blocked, id=3948, stack(0x000000d78d500000,0x000000d78d600000)]
  0x0000025ade897000 JavaThread "Unconstrained build operations Thread 17" [_thread_blocked, id=8960, stack(0x000000d78d600000,0x000000d78d700000)]
  0x0000025ade899800 JavaThread "Unconstrained build operations Thread 18" [_thread_blocked, id=2324, stack(0x000000d78d700000,0x000000d78d800000)]
  0x0000025ade898800 JavaThread "Unconstrained build operations Thread 19" [_thread_blocked, id=8212, stack(0x000000d78d800000,0x000000d78d900000)]
  0x0000025ade898000 JavaThread "Unconstrained build operations Thread 20" [_thread_blocked, id=12724, stack(0x000000d78d900000,0x000000d78da00000)]
  0x0000025ade89a000 JavaThread "Unconstrained build operations Thread 21" [_thread_blocked, id=1300, stack(0x000000d78da00000,0x000000d78db00000)]
  0x0000025ade894800 JavaThread "Unconstrained build operations Thread 22" [_thread_blocked, id=14300, stack(0x000000d78db00000,0x000000d78dc00000)]
  0x0000025ade89b000 JavaThread "Unconstrained build operations Thread 23" [_thread_blocked, id=9284, stack(0x000000d78dc00000,0x000000d78dd00000)]
  0x0000025ade896000 JavaThread "Unconstrained build operations Thread 24" [_thread_blocked, id=11976, stack(0x000000d78dd00000,0x000000d78de00000)]
  0x0000025ade895800 JavaThread "Unconstrained build operations Thread 25" [_thread_blocked, id=14632, stack(0x000000d78de00000,0x000000d78df00000)]
  0x0000025add28c000 JavaThread "Unconstrained build operations Thread 26" [_thread_blocked, id=8276, stack(0x000000d78df00000,0x000000d78e000000)]
  0x0000025add28f000 JavaThread "Unconstrained build operations Thread 27" [_thread_blocked, id=11572, stack(0x000000d78e000000,0x000000d78e100000)]
  0x0000025add28a800 JavaThread "Unconstrained build operations Thread 28" [_thread_blocked, id=9560, stack(0x000000d78e100000,0x000000d78e200000)]
  0x0000025add291000 JavaThread "Unconstrained build operations Thread 29" [_thread_blocked, id=13832, stack(0x000000d78e200000,0x000000d78e300000)]
  0x0000025add28b000 JavaThread "Unconstrained build operations Thread 30" [_thread_blocked, id=15212, stack(0x000000d78e300000,0x000000d78e400000)]
  0x0000025add291800 JavaThread "Unconstrained build operations Thread 31" [_thread_blocked, id=15564, stack(0x000000d78e400000,0x000000d78e500000)]
  0x0000025add292800 JavaThread "Unconstrained build operations Thread 32" [_thread_blocked, id=16800, stack(0x000000d78e500000,0x000000d78e600000)]
  0x0000025add290000 JavaThread "Unconstrained build operations Thread 33" [_thread_blocked, id=10984, stack(0x000000d78e600000,0x000000d78e700000)]
  0x0000025add28c800 JavaThread "Unconstrained build operations Thread 34" [_thread_blocked, id=2444, stack(0x000000d78e700000,0x000000d78e800000)]
  0x0000025add293800 JavaThread "Unconstrained build operations Thread 35" [_thread_blocked, id=16436, stack(0x000000d78e800000,0x000000d78e900000)]
  0x0000025add28d800 JavaThread "Unconstrained build operations Thread 36" [_thread_blocked, id=8512, stack(0x000000d78e900000,0x000000d78ea00000)]
  0x0000025add294000 JavaThread "Unconstrained build operations Thread 37" [_thread_blocked, id=8664, stack(0x000000d78ea00000,0x000000d78eb00000)]
  0x0000025add28e800 JavaThread "Unconstrained build operations Thread 38" [_thread_blocked, id=6816, stack(0x000000d78eb00000,0x000000d78ec00000)]
  0x0000025add296800 JavaThread "Unconstrained build operations Thread 39" [_thread_blocked, id=3872, stack(0x000000d78ec00000,0x000000d78ed00000)]
  0x0000025add295800 JavaThread "Unconstrained build operations Thread 40" [_thread_blocked, id=15300, stack(0x000000d78ed00000,0x000000d78ee00000)]
  0x0000025add295000 JavaThread "Unconstrained build operations Thread 41" [_thread_blocked, id=15772, stack(0x000000d78ee00000,0x000000d78ef00000)]
  0x0000025add297800 JavaThread "Unconstrained build operations Thread 42" [_thread_blocked, id=15480, stack(0x000000d78ef00000,0x000000d78f000000)]
  0x0000025add298000 JavaThread "Unconstrained build operations Thread 43" [_thread_blocked, id=1808, stack(0x000000d78f000000,0x000000d78f100000)]
  0x0000025add299000 JavaThread "Unconstrained build operations Thread 44" [_thread_blocked, id=17268, stack(0x000000d78f100000,0x000000d78f200000)]
  0x0000025ae0226800 JavaThread "Unconstrained build operations Thread 45" [_thread_blocked, id=3156, stack(0x000000d78f200000,0x000000d78f300000)]
  0x0000025ae022a800 JavaThread "Unconstrained build operations Thread 46" [_thread_blocked, id=13828, stack(0x000000d78f300000,0x000000d78f400000)]
  0x0000025ae0229000 JavaThread "Unconstrained build operations Thread 47" [_thread_blocked, id=16816, stack(0x000000d78f400000,0x000000d78f500000)]
  0x0000025ae0228000 JavaThread "Unconstrained build operations Thread 48" [_thread_blocked, id=11348, stack(0x000000d78f500000,0x000000d78f600000)]
  0x0000025ae022b800 JavaThread "Unconstrained build operations Thread 49" [_thread_blocked, id=11992, stack(0x000000d78f600000,0x000000d78f700000)]
  0x0000025ae0226000 JavaThread "Unconstrained build operations Thread 50" [_thread_blocked, id=3516, stack(0x000000d78f700000,0x000000d78f800000)]
  0x0000025ae0227800 JavaThread "Unconstrained build operations Thread 51" [_thread_blocked, id=9976, stack(0x000000d78f800000,0x000000d78f900000)]
  0x0000025ae022a000 JavaThread "Unconstrained build operations Thread 52" [_thread_blocked, id=13384, stack(0x000000d78f900000,0x000000d78fa00000)]
  0x0000025ae022d000 JavaThread "Unconstrained build operations Thread 53" [_thread_blocked, id=14968, stack(0x000000d78fa00000,0x000000d78fb00000)]
  0x0000025ae022e800 JavaThread "Unconstrained build operations Thread 54" [_thread_blocked, id=10528, stack(0x000000d78fb00000,0x000000d78fc00000)]
  0x0000025ae022f800 JavaThread "Unconstrained build operations Thread 55" [_thread_blocked, id=2172, stack(0x000000d78fc00000,0x000000d78fd00000)]
  0x0000025ae022e000 JavaThread "Unconstrained build operations Thread 56" [_thread_blocked, id=8060, stack(0x000000d78fd00000,0x000000d78fe00000)]
  0x0000025ae0231000 JavaThread "Unconstrained build operations Thread 57" [_thread_blocked, id=2684, stack(0x000000d78fe00000,0x000000d78ff00000)]
  0x0000025ae0232000 JavaThread "Unconstrained build operations Thread 58" [_thread_blocked, id=10672, stack(0x000000d78ff00000,0x000000d790000000)]
  0x0000025ae0230800 JavaThread "Unconstrained build operations Thread 59" [_thread_blocked, id=2000, stack(0x000000d790000000,0x000000d790100000)]
  0x0000025ae022c800 JavaThread "Unconstrained build operations Thread 60" [_thread_blocked, id=7580, stack(0x000000d790100000,0x000000d790200000)]
  0x0000025ae0233800 JavaThread "Unconstrained build operations Thread 61" [_thread_blocked, id=7712, stack(0x000000d790200000,0x000000d790300000)]
  0x0000025ae0233000 JavaThread "Unconstrained build operations Thread 62" [_thread_blocked, id=4500, stack(0x000000d790300000,0x000000d790400000)]
  0x0000025ae0234800 JavaThread "Unconstrained build operations Thread 63" [_thread_blocked, id=10000, stack(0x000000d790400000,0x000000d790500000)]
  0x0000025adf58b000 JavaThread "Unconstrained build operations Thread 64" [_thread_blocked, id=10308, stack(0x000000d790500000,0x000000d790600000)]
  0x0000025adf590000 JavaThread "Unconstrained build operations Thread 65" [_thread_blocked, id=14452, stack(0x000000d790600000,0x000000d790700000)]
  0x0000025adf58c000 JavaThread "Unconstrained build operations Thread 66" [_thread_blocked, id=17156, stack(0x000000d790700000,0x000000d790800000)]
  0x0000025adf58f000 JavaThread "Unconstrained build operations Thread 67" [_thread_blocked, id=5088, stack(0x000000d790800000,0x000000d790900000)]
  0x0000025adf58a000 JavaThread "Unconstrained build operations Thread 68" [_thread_blocked, id=5800, stack(0x000000d790900000,0x000000d790a00000)]
  0x0000025adf590800 JavaThread "Unconstrained build operations Thread 69" [_thread_blocked, id=11768, stack(0x000000d790a00000,0x000000d790b00000)]
  0x0000025adf591800 JavaThread "Unconstrained build operations Thread 70" [_thread_blocked, id=16860, stack(0x000000d790b00000,0x000000d790c00000)]
  0x0000025adf592800 JavaThread "Unconstrained build operations Thread 71" [_thread_blocked, id=2924, stack(0x000000d790c00000,0x000000d790d00000)]
  0x0000025adf58c800 JavaThread "Unconstrained build operations Thread 72" [_thread_blocked, id=16304, stack(0x000000d790d00000,0x000000d790e00000)]
  0x0000025adf593000 JavaThread "Unconstrained build operations Thread 73" [_thread_blocked, id=10568, stack(0x000000d790e00000,0x000000d790f00000)]
  0x0000025adf58d800 JavaThread "Unconstrained build operations Thread 74" [_thread_blocked, id=10200, stack(0x000000d790f00000,0x000000d791000000)]
  0x0000025adf594000 JavaThread "Unconstrained build operations Thread 75" [_thread_blocked, id=6320, stack(0x000000d791000000,0x000000d791100000)]
  0x0000025adf58e000 JavaThread "Unconstrained build operations Thread 76" [_thread_blocked, id=10856, stack(0x000000d791100000,0x000000d791200000)]
  0x0000025adf594800 JavaThread "Unconstrained build operations Thread 77" [_thread_blocked, id=13156, stack(0x000000d791200000,0x000000d791300000)]
  0x0000025adf596800 JavaThread "Unconstrained build operations Thread 78" [_thread_blocked, id=5348, stack(0x000000d791300000,0x000000d791400000)]
  0x0000025adf597000 JavaThread "Unconstrained build operations Thread 79" [_thread_blocked, id=9608, stack(0x000000d791400000,0x000000d791500000)]
  0x0000025adf595800 JavaThread "Unconstrained build operations Thread 80" [_thread_blocked, id=844, stack(0x000000d791500000,0x000000d791600000)]
  0x0000025adf598000 JavaThread "jar transforms Thread 4" [_thread_blocked, id=15964, stack(0x000000d791600000,0x000000d791700000)]
  0x0000025adf599000 JavaThread "jar transforms Thread 5" [_thread_blocked, id=2520, stack(0x000000d791700000,0x000000d791800000)]
  0x0000025add195000 JavaThread "jar transforms Thread 6" [_thread_blocked, id=3464, stack(0x000000d791800000,0x000000d791900000)]
  0x0000025add192800 JavaThread "jar transforms Thread 7" [_thread_blocked, id=3876, stack(0x000000d791900000,0x000000d791a00000)]
  0x0000025add195800 JavaThread "jar transforms Thread 8" [_thread_blocked, id=6196, stack(0x000000d791a00000,0x000000d791b00000)]
  0x0000025adf2a8000 JavaThread "C2 CompilerThread1" daemon [_thread_blocked, id=15432, stack(0x000000d78a200000,0x000000d78a300000)]
  0x0000025add196800 JavaThread "Memory manager" [_thread_blocked, id=7852, stack(0x000000d791b00000,0x000000d791c00000)]
  0x0000025add193800 JavaThread "build event listener" [_thread_blocked, id=1064, stack(0x000000d791c00000,0x000000d791d00000)]
  0x0000025add198000 JavaThread "pool-3-thread-1" [_thread_blocked, id=8680, stack(0x000000d791d00000,0x000000d791e00000)]
  0x0000025add194000 JavaThread "build event listener" [_thread_blocked, id=16232, stack(0x000000d791e00000,0x000000d791f00000)]
  0x0000025add19d000 JavaThread "Execution worker for ':'" [_thread_blocked, id=8184, stack(0x000000d791f00000,0x000000d792000000)]
  0x0000025add19c000 JavaThread "Execution worker for ':' Thread 2" [_thread_blocked, id=7052, stack(0x000000d792000000,0x000000d792100000)]
  0x0000025add19e800 JavaThread "Execution worker for ':' Thread 3" [_thread_blocked, id=1272, stack(0x000000d792100000,0x000000d792200000)]
  0x0000025add199000 JavaThread "Execution worker for ':' Thread 4" [_thread_blocked, id=7324, stack(0x000000d792200000,0x000000d792300000)]
  0x0000025add19b800 JavaThread "Execution worker for ':' Thread 5" [_thread_blocked, id=9732, stack(0x000000d792300000,0x000000d792400000)]
  0x0000025add19f800 JavaThread "Execution worker for ':' Thread 6" [_thread_blocked, id=13524, stack(0x000000d792400000,0x000000d792500000)]
  0x0000025add19a000 JavaThread "Execution worker for ':' Thread 7" [_thread_blocked, id=11984, stack(0x000000d792500000,0x000000d792600000)]
  0x0000025add1a0800 JavaThread "Cache worker for execution history cache (D:\MyProjects\smoxstyler-android\.gradle\7.1\executionHistory)" [_thread_blocked, id=14372, stack(0x000000d792600000,0x000000d792700000)]
  0x0000025add19a800 JavaThread "WorkerExecutor Queue" [_thread_blocked, id=6584, stack(0x000000d78bd00000,0x000000d78be00000)]
  0x0000025ada9a9800 JavaThread "WorkerExecutor Queue Thread 2" [_thread_blocked, id=2368, stack(0x000000d792700000,0x000000d792800000)]
  0x0000025ada9a5800 JavaThread "WorkerExecutor Queue Thread 3" [_thread_blocked, id=4832, stack(0x000000d792800000,0x000000d792900000)]
  0x0000025ada9aa800 JavaThread "WorkerExecutor Queue Thread 4" [_thread_blocked, id=6720, stack(0x000000d792900000,0x000000d792a00000)]
  0x0000025ada9a6800 JavaThread "WorkerExecutor Queue Thread 5" [_thread_blocked, id=12588, stack(0x000000d792a00000,0x000000d792b00000)]
  0x0000025ada9ab800 JavaThread "WorkerExecutor Queue Thread 6" [_thread_blocked, id=2592, stack(0x000000d792b00000,0x000000d792c00000)]
  0x0000025ada9ac000 JavaThread "WorkerExecutor Queue Thread 7" [_thread_blocked, id=2404, stack(0x000000d792c00000,0x000000d792d00000)]
  0x0000025ada9ad000 JavaThread "WorkerExecutor Queue Thread 8" [_thread_blocked, id=16260, stack(0x000000d792d00000,0x000000d792e00000)]
  0x0000025ada9a7000 JavaThread "WorkerExecutor Queue Thread 9" [_thread_blocked, id=11936, stack(0x000000d792e00000,0x000000d792f00000)]

Other Threads:
=>0x0000025ad8afe800 VMThread "VM Thread" [stack: 0x000000d789700000,0x000000d789800000] [id=10824]
  0x0000025ad9620000 WatcherThread [stack: 0x000000d78a100000,0x000000d78a200000] [id=3060]
  0x0000025abc6e5000 GCTaskThread "GC Thread#0" [stack: 0x000000d789200000,0x000000d789300000] [id=7220]
  0x0000025ad9e4d000 GCTaskThread "GC Thread#1" [stack: 0x000000d78a400000,0x000000d78a500000] [id=9572]
  0x0000025ada47d000 GCTaskThread "GC Thread#2" [stack: 0x000000d78a500000,0x000000d78a600000] [id=5488]
  0x0000025adb92d800 GCTaskThread "GC Thread#3" [stack: 0x000000d78b200000,0x000000d78b300000] [id=14076]
  0x0000025adb69b000 GCTaskThread "GC Thread#4" [stack: 0x000000d78b300000,0x000000d78b400000] [id=2480]
  0x0000025adc8ab800 GCTaskThread "GC Thread#5" [stack: 0x000000d78b400000,0x000000d78b500000] [id=9132]
  0x0000025adbbaa000 GCTaskThread "GC Thread#6" [stack: 0x000000d78b500000,0x000000d78b600000] [id=13204]
  0x0000025adcb5e800 GCTaskThread "GC Thread#7" [stack: 0x000000d78b600000,0x000000d78b700000] [id=17084]
  0x0000025abc71a800 ConcurrentGCThread "G1 Main Marker" [stack: 0x000000d789300000,0x000000d789400000] [id=12092]
  0x0000025abc71b800 ConcurrentGCThread "G1 Conc#0" [stack: 0x000000d789400000,0x000000d789500000] [id=7152]
  0x0000025adb8cf800 ConcurrentGCThread "G1 Conc#1" [stack: 0x000000d78b700000,0x000000d78b800000] [id=17312]
  0x0000025abc7ae800 ConcurrentGCThread "G1 Refine#0" [stack: 0x000000d789500000,0x000000d789600000] [id=10188]
  0x0000025ad8950800 ConcurrentGCThread "G1 Young RemSet Sampling" [stack: 0x000000d789600000,0x000000d789700000] [id=7396]

Threads with active compile tasks:
C2 CompilerThread0  17565 13162       4       org.gradle.internal.logging.sink.OutputEventTransformer::onOutput (399 bytes)
C1 CompilerThread0  17565 13215       3       kotlin.text.StringsKt__StringsKt::endsWith (40 bytes)
C2 CompilerThread1  17565 13214       4       java.util.regex.Pattern$SliceU::match (99 bytes)

VM state:at safepoint (normal execution)

VM Mutex/Monitor currently owned by a thread:  ([mutex/lock_event])
[0x0000025abc6c9630] Threads_lock - owner thread: 0x0000025ad8afe800
[0x0000025abc6ca9e0] Heap_lock - owner thread: 0x0000025ada9ab800

Heap address: 0x0000000080000000, size: 2048 MB, Compressed Oops mode: 32-bit
Narrow klass base: 0x0000000000000000, Narrow klass shift: 3
Compressed class space size: 1073741824 Address: 0x0000000100000000

Heap:
 garbage-first heap   total 271360K, used 170332K [0x0000000080000000, 0x0000000100000000)
  region size 1024K, 7 young (7168K), 7 survivors (7168K)
 Metaspace       used 95657K, capacity 97988K, committed 98380K, reserved 1134592K
  class space    used 12141K, capacity 13004K, committed 13132K, reserved 1048576K
Heap Regions: E=young(eden), S=young(survivor), O=old, HS=humongous(starts), HC=humongous(continues), CS=collection set, F=free, A=archive, TAMS=top-at-mark-start (previous, next)
|   0|0x0000000080000000, 0x0000000080100000, 0x0000000080100000|100%| O|  |TAMS 0x0000000080100000, 0x0000000080100000| Untracked 
|   1|0x0000000080100000, 0x0000000080200000, 0x0000000080200000|100%| O|  |TAMS 0x0000000080200000, 0x0000000080200000| Untracked 
|   2|0x0000000080200000, 0x0000000080300000, 0x0000000080300000|100%| O|  |TAMS 0x0000000080300000, 0x0000000080300000| Untracked 
|   3|0x0000000080300000, 0x0000000080400000, 0x0000000080400000|100%|HS|  |TAMS 0x0000000080400000, 0x0000000080400000| Complete 
|   4|0x0000000080400000, 0x0000000080500000, 0x0000000080500000|100%|HC|  |TAMS 0x0000000080500000, 0x0000000080500000| Complete 
|   5|0x0000000080500000, 0x0000000080600000, 0x0000000080600000|100%|HC|  |TAMS 0x0000000080600000, 0x0000000080600000| Complete 
|   6|0x0000000080600000, 0x0000000080700000, 0x0000000080700000|100%| O|  |TAMS 0x0000000080700000, 0x0000000080700000| Untracked 
|   7|0x0000000080700000, 0x0000000080800000, 0x0000000080800000|100%| O|  |TAMS 0x0000000080800000, 0x0000000080800000| Untracked 
|   8|0x0000000080800000, 0x0000000080900000, 0x0000000080900000|100%| O|  |TAMS 0x0000000080900000, 0x0000000080900000| Untracked 
|   9|0x0000000080900000, 0x0000000080a00000, 0x0000000080a00000|100%| O|  |TAMS 0x0000000080a00000, 0x0000000080a00000| Untracked 
|  10|0x0000000080a00000, 0x0000000080b00000, 0x0000000080b00000|100%| O|  |TAMS 0x0000000080b00000, 0x0000000080b00000| Untracked 
|  11|0x0000000080b00000, 0x0000000080c00000, 0x0000000080c00000|100%| O|  |TAMS 0x0000000080c00000, 0x0000000080c00000| Untracked 
|  12|0x0000000080c00000, 0x0000000080d00000, 0x0000000080d00000|100%| O|  |TAMS 0x0000000080d00000, 0x0000000080d00000| Untracked 
|  13|0x0000000080d00000, 0x0000000080e00000, 0x0000000080e00000|100%| O|  |TAMS 0x0000000080e00000, 0x0000000080e00000| Untracked 
|  14|0x0000000080e00000, 0x0000000080f00000, 0x0000000080f00000|100%| O|  |TAMS 0x0000000080f00000, 0x0000000080f00000| Untracked 
|  15|0x0000000080f00000, 0x0000000081000000, 0x0000000081000000|100%| O|  |TAMS 0x0000000081000000, 0x0000000081000000| Untracked 
|  16|0x0000000081000000, 0x0000000081100000, 0x0000000081100000|100%| O|  |TAMS 0x0000000081100000, 0x0000000081100000| Untracked 
|  17|0x0000000081100000, 0x0000000081200000, 0x0000000081200000|100%| O|  |TAMS 0x0000000081200000, 0x0000000081200000| Untracked 
|  18|0x0000000081200000, 0x0000000081300000, 0x0000000081300000|100%| O|  |TAMS 0x0000000081300000, 0x0000000081300000| Untracked 
|  19|0x0000000081300000, 0x0000000081400000, 0x0000000081400000|100%| O|  |TAMS 0x0000000081400000, 0x0000000081400000| Untracked 
|  20|0x0000000081400000, 0x0000000081500000, 0x0000000081500000|100%| O|  |TAMS 0x0000000081500000, 0x0000000081500000| Untracked 
|  21|0x0000000081500000, 0x0000000081600000, 0x0000000081600000|100%| O|  |TAMS 0x0000000081600000, 0x0000000081600000| Untracked 
|  22|0x0000000081600000, 0x0000000081700000, 0x0000000081700000|100%| O|  |TAMS 0x0000000081700000, 0x0000000081700000| Untracked 
|  23|0x0000000081700000, 0x0000000081800000, 0x0000000081800000|100%|HS|  |TAMS 0x0000000081800000, 0x0000000081800000| Complete 
|  24|0x0000000081800000, 0x0000000081900000, 0x0000000081900000|100%|HS|  |TAMS 0x0000000081900000, 0x0000000081900000| Complete 
|  25|0x0000000081900000, 0x0000000081a00000, 0x0000000081a00000|100%|HS|  |TAMS 0x0000000081a00000, 0x0000000081a00000| Complete 
|  26|0x0000000081a00000, 0x0000000081b00000, 0x0000000081b00000|100%|HS|  |TAMS 0x0000000081b00000, 0x0000000081b00000| Complete 
|  27|0x0000000081b00000, 0x0000000081c00000, 0x0000000081c00000|100%|HC|  |TAMS 0x0000000081c00000, 0x0000000081c00000| Complete 
|  28|0x0000000081c00000, 0x0000000081d00000, 0x0000000081d00000|100%|HC|  |TAMS 0x0000000081d00000, 0x0000000081d00000| Complete 
|  29|0x0000000081d00000, 0x0000000081e00000, 0x0000000081e00000|100%|HS|  |TAMS 0x0000000081e00000, 0x0000000081e00000| Complete 
|  30|0x0000000081e00000, 0x0000000081f00000, 0x0000000081f00000|100%|HC|  |TAMS 0x0000000081f00000, 0x0000000081f00000| Complete 
|  31|0x0000000081f00000, 0x0000000082000000, 0x0000000082000000|100%| O|  |TAMS 0x0000000082000000, 0x0000000082000000| Untracked 
|  32|0x0000000082000000, 0x0000000082100000, 0x0000000082100000|100%| O|  |TAMS 0x0000000082100000, 0x0000000082100000| Untracked 
|  33|0x0000000082100000, 0x0000000082200000, 0x0000000082200000|100%| O|  |TAMS 0x0000000082200000, 0x0000000082200000| Untracked 
|  34|0x0000000082200000, 0x0000000082300000, 0x0000000082300000|100%| O|  |TAMS 0x0000000082300000, 0x0000000082300000| Untracked 
|  35|0x0000000082300000, 0x0000000082400000, 0x0000000082400000|100%| O|  |TAMS 0x0000000082400000, 0x0000000082400000| Untracked 
|  36|0x0000000082400000, 0x0000000082500000, 0x0000000082500000|100%| O|  |TAMS 0x0000000082500000, 0x0000000082500000| Untracked 
|  37|0x0000000082500000, 0x0000000082600000, 0x0000000082600000|100%| O|  |TAMS 0x0000000082600000, 0x0000000082600000| Untracked 
|  38|0x0000000082600000, 0x0000000082700000, 0x0000000082700000|100%| O|  |TAMS 0x0000000082700000, 0x0000000082700000| Untracked 
|  39|0x0000000082700000, 0x0000000082800000, 0x0000000082800000|100%| O|  |TAMS 0x0000000082800000, 0x0000000082800000| Untracked 
|  40|0x0000000082800000, 0x0000000082900000, 0x0000000082900000|100%| O|  |TAMS 0x0000000082900000, 0x0000000082900000| Untracked 
|  41|0x0000000082900000, 0x0000000082a00000, 0x0000000082a00000|100%| O|  |TAMS 0x0000000082a00000, 0x0000000082a00000| Untracked 
|  42|0x0000000082a00000, 0x0000000082b00000, 0x0000000082b00000|100%| O|  |TAMS 0x0000000082b00000, 0x0000000082b00000| Untracked 
|  43|0x0000000082b00000, 0x0000000082c00000, 0x0000000082c00000|100%| O|  |TAMS 0x0000000082c00000, 0x0000000082c00000| Untracked 
|  44|0x0000000082c00000, 0x0000000082d00000, 0x0000000082d00000|100%| O|  |TAMS 0x0000000082d00000, 0x0000000082d00000| Untracked 
|  45|0x0000000082d00000, 0x0000000082e00000, 0x0000000082e00000|100%| O|  |TAMS 0x0000000082e00000, 0x0000000082e00000| Untracked 
|  46|0x0000000082e00000, 0x0000000082f00000, 0x0000000082f00000|100%| O|  |TAMS 0x0000000082f00000, 0x0000000082f00000| Untracked 
|  47|0x0000000082f00000, 0x0000000083000000, 0x0000000083000000|100%| O|  |TAMS 0x0000000083000000, 0x0000000083000000| Untracked 
|  48|0x0000000083000000, 0x0000000083100000, 0x0000000083100000|100%| O|  |TAMS 0x0000000083100000, 0x0000000083100000| Untracked 
|  49|0x0000000083100000, 0x0000000083200000, 0x0000000083200000|100%| O|  |TAMS 0x0000000083200000, 0x0000000083200000| Untracked 
|  50|0x0000000083200000, 0x0000000083300000, 0x0000000083300000|100%| O|  |TAMS 0x0000000083300000, 0x0000000083300000| Untracked 
|  51|0x0000000083300000, 0x0000000083400000, 0x0000000083400000|100%| O|  |TAMS 0x0000000083400000, 0x0000000083400000| Untracked 
|  52|0x0000000083400000, 0x0000000083500000, 0x0000000083500000|100%| O|  |TAMS 0x0000000083500000, 0x0000000083500000| Untracked 
|  53|0x0000000083500000, 0x0000000083600000, 0x0000000083600000|100%| O|  |TAMS 0x0000000083600000, 0x0000000083600000| Untracked 
|  54|0x0000000083600000, 0x0000000083700000, 0x0000000083700000|100%| O|  |TAMS 0x0000000083700000, 0x0000000083700000| Untracked 
|  55|0x0000000083700000, 0x0000000083800000, 0x0000000083800000|100%| O|  |TAMS 0x0000000083800000, 0x0000000083800000| Untracked 
|  56|0x0000000083800000, 0x0000000083900000, 0x0000000083900000|100%| O|  |TAMS 0x0000000083900000, 0x0000000083900000| Untracked 
|  57|0x0000000083900000, 0x0000000083a00000, 0x0000000083a00000|100%| O|  |TAMS 0x0000000083a00000, 0x0000000083a00000| Untracked 
|  58|0x0000000083a00000, 0x0000000083b00000, 0x0000000083b00000|100%| O|  |TAMS 0x0000000083b00000, 0x0000000083b00000| Untracked 
|  59|0x0000000083b00000, 0x0000000083c00000, 0x0000000083c00000|100%| O|  |TAMS 0x0000000083c00000, 0x0000000083c00000| Untracked 
|  60|0x0000000083c00000, 0x0000000083d00000, 0x0000000083d00000|100%| O|  |TAMS 0x0000000083d00000, 0x0000000083d00000| Untracked 
|  61|0x0000000083d00000, 0x0000000083e00000, 0x0000000083e00000|100%| O|  |TAMS 0x0000000083e00000, 0x0000000083e00000| Untracked 
|  62|0x0000000083e00000, 0x0000000083f00000, 0x0000000083f00000|100%| O|  |TAMS 0x0000000083f00000, 0x0000000083f00000| Untracked 
|  63|0x0000000083f00000, 0x0000000084000000, 0x0000000084000000|100%| O|  |TAMS 0x0000000084000000, 0x0000000084000000| Untracked 
|  64|0x0000000084000000, 0x0000000084100000, 0x0000000084100000|100%| O|  |TAMS 0x0000000084100000, 0x0000000084100000| Untracked 
|  65|0x0000000084100000, 0x0000000084200000, 0x0000000084200000|100%| O|  |TAMS 0x0000000084200000, 0x0000000084200000| Untracked 
|  66|0x0000000084200000, 0x0000000084300000, 0x0000000084300000|100%| O|  |TAMS 0x0000000084300000, 0x0000000084300000| Untracked 
|  67|0x0000000084300000, 0x0000000084400000, 0x0000000084400000|100%| O|  |TAMS 0x0000000084400000, 0x0000000084400000| Untracked 
|  68|0x0000000084400000, 0x0000000084500000, 0x0000000084500000|100%| O|  |TAMS 0x0000000084500000, 0x0000000084500000| Untracked 
|  69|0x0000000084500000, 0x0000000084600000, 0x0000000084600000|100%| O|  |TAMS 0x0000000084600000, 0x0000000084600000| Untracked 
|  70|0x0000000084600000, 0x0000000084700000, 0x0000000084700000|100%| O|  |TAMS 0x0000000084700000, 0x0000000084700000| Untracked 
|  71|0x0000000084700000, 0x0000000084800000, 0x0000000084800000|100%| O|  |TAMS 0x0000000084800000, 0x0000000084800000| Untracked 
|  72|0x0000000084800000, 0x0000000084900000, 0x0000000084900000|100%| O|  |TAMS 0x0000000084900000, 0x0000000084900000| Untracked 
|  73|0x0000000084900000, 0x0000000084a00000, 0x0000000084a00000|100%| O|  |TAMS 0x0000000084a00000, 0x0000000084a00000| Untracked 
|  74|0x0000000084a00000, 0x0000000084b00000, 0x0000000084b00000|100%| O|  |TAMS 0x0000000084b00000, 0x0000000084b00000| Untracked 
|  75|0x0000000084b00000, 0x0000000084c00000, 0x0000000084c00000|100%| O|  |TAMS 0x0000000084c00000, 0x0000000084c00000| Untracked 
|  76|0x0000000084c00000, 0x0000000084d00000, 0x0000000084d00000|100%| O|  |TAMS 0x0000000084d00000, 0x0000000084d00000| Untracked 
|  77|0x0000000084d00000, 0x0000000084e00000, 0x0000000084e00000|100%| O|  |TAMS 0x0000000084e00000, 0x0000000084e00000| Untracked 
|  78|0x0000000084e00000, 0x0000000084f00000, 0x0000000084f00000|100%| O|  |TAMS 0x0000000084f00000, 0x0000000084f00000| Untracked 
|  79|0x0000000084f00000, 0x0000000085000000, 0x0000000085000000|100%| O|  |TAMS 0x0000000085000000, 0x0000000085000000| Untracked 
|  80|0x0000000085000000, 0x0000000085100000, 0x0000000085100000|100%| O|  |TAMS 0x0000000085100000, 0x0000000085100000| Untracked 
|  81|0x0000000085100000, 0x0000000085200000, 0x0000000085200000|100%| O|  |TAMS 0x0000000085200000, 0x0000000085200000| Untracked 
|  82|0x0000000085200000, 0x0000000085300000, 0x0000000085300000|100%| O|  |TAMS 0x0000000085300000, 0x0000000085300000| Untracked 
|  83|0x0000000085300000, 0x0000000085400000, 0x0000000085400000|100%| O|  |TAMS 0x0000000085400000, 0x0000000085400000| Untracked 
|  84|0x0000000085400000, 0x0000000085500000, 0x0000000085500000|100%| O|  |TAMS 0x0000000085500000, 0x0000000085500000| Untracked 
|  85|0x0000000085500000, 0x0000000085600000, 0x0000000085600000|100%| O|  |TAMS 0x0000000085600000, 0x0000000085600000| Untracked 
|  86|0x0000000085600000, 0x0000000085700000, 0x0000000085700000|100%| O|  |TAMS 0x0000000085700000, 0x0000000085700000| Untracked 
|  87|0x0000000085700000, 0x0000000085800000, 0x0000000085800000|100%| O|  |TAMS 0x0000000085800000, 0x0000000085800000| Untracked 
|  88|0x0000000085800000, 0x0000000085900000, 0x0000000085900000|100%| O|  |TAMS 0x0000000085900000, 0x0000000085900000| Untracked 
|  89|0x0000000085900000, 0x0000000085a00000, 0x0000000085a00000|100%| O|  |TAMS 0x0000000085a00000, 0x0000000085a00000| Untracked 
|  90|0x0000000085a00000, 0x0000000085b00000, 0x0000000085b00000|100%| O|  |TAMS 0x0000000085b00000, 0x0000000085b00000| Untracked 
|  91|0x0000000085b00000, 0x0000000085c00000, 0x0000000085c00000|100%| O|  |TAMS 0x0000000085c00000, 0x0000000085c00000| Untracked 
|  92|0x0000000085c00000, 0x0000000085d00000, 0x0000000085d00000|100%| O|  |TAMS 0x0000000085d00000, 0x0000000085d00000| Untracked 
|  93|0x0000000085d00000, 0x0000000085e00000, 0x0000000085e00000|100%| O|  |TAMS 0x0000000085e00000, 0x0000000085e00000| Untracked 
|  94|0x0000000085e00000, 0x0000000085f00000, 0x0000000085f00000|100%| O|  |TAMS 0x0000000085f00000, 0x0000000085f00000| Untracked 
|  95|0x0000000085f00000, 0x0000000086000000, 0x0000000086000000|100%| O|  |TAMS 0x0000000086000000, 0x0000000086000000| Untracked 
|  96|0x0000000086000000, 0x0000000086100000, 0x0000000086100000|100%| O|  |TAMS 0x0000000086100000, 0x0000000086100000| Untracked 
|  97|0x0000000086100000, 0x0000000086200000, 0x0000000086200000|100%| O|  |TAMS 0x0000000086200000, 0x0000000086200000| Untracked 
|  98|0x0000000086200000, 0x0000000086300000, 0x0000000086300000|100%| O|  |TAMS 0x0000000086300000, 0x0000000086300000| Untracked 
|  99|0x0000000086300000, 0x0000000086400000, 0x0000000086400000|100%| O|  |TAMS 0x0000000086400000, 0x0000000086400000| Untracked 
| 100|0x0000000086400000, 0x0000000086500000, 0x0000000086500000|100%| O|  |TAMS 0x0000000086500000, 0x0000000086500000| Untracked 
| 101|0x0000000086500000, 0x0000000086600000, 0x0000000086600000|100%| O|  |TAMS 0x0000000086600000, 0x0000000086600000| Untracked 
| 102|0x0000000086600000, 0x0000000086700000, 0x0000000086700000|100%| O|  |TAMS 0x0000000086700000, 0x0000000086700000| Untracked 
| 103|0x0000000086700000, 0x0000000086800000, 0x0000000086800000|100%| O|  |TAMS 0x0000000086800000, 0x0000000086800000| Untracked 
| 104|0x0000000086800000, 0x0000000086900000, 0x0000000086900000|100%| O|  |TAMS 0x0000000086900000, 0x0000000086900000| Untracked 
| 105|0x0000000086900000, 0x0000000086a00000, 0x0000000086a00000|100%| O|  |TAMS 0x0000000086a00000, 0x0000000086a00000| Untracked 
| 106|0x0000000086a00000, 0x0000000086b00000, 0x0000000086b00000|100%| O|  |TAMS 0x0000000086b00000, 0x0000000086b00000| Untracked 
| 107|0x0000000086b00000, 0x0000000086c00000, 0x0000000086c00000|100%| O|  |TAMS 0x0000000086c00000, 0x0000000086c00000| Untracked 
| 108|0x0000000086c00000, 0x0000000086d00000, 0x0000000086d00000|100%| O|  |TAMS 0x0000000086d00000, 0x0000000086d00000| Untracked 
| 109|0x0000000086d00000, 0x0000000086e00000, 0x0000000086e00000|100%| O|  |TAMS 0x0000000086e00000, 0x0000000086e00000| Untracked 
| 110|0x0000000086e00000, 0x0000000086f00000, 0x0000000086f00000|100%| O|  |TAMS 0x0000000086f00000, 0x0000000086f00000| Untracked 
| 111|0x0000000086f00000, 0x0000000087000000, 0x0000000087000000|100%| O|  |TAMS 0x0000000087000000, 0x0000000087000000| Untracked 
| 112|0x0000000087000000, 0x0000000087100000, 0x0000000087100000|100%| O|  |TAMS 0x0000000087100000, 0x0000000087100000| Untracked 
| 113|0x0000000087100000, 0x0000000087200000, 0x0000000087200000|100%| O|  |TAMS 0x0000000087200000, 0x0000000087200000| Untracked 
| 114|0x0000000087200000, 0x0000000087300000, 0x0000000087300000|100%| O|  |TAMS 0x0000000087300000, 0x0000000087300000| Untracked 
| 115|0x0000000087300000, 0x0000000087400000, 0x0000000087400000|100%| O|  |TAMS 0x0000000087400000, 0x0000000087400000| Untracked 
| 116|0x0000000087400000, 0x0000000087500000, 0x0000000087500000|100%| O|  |TAMS 0x0000000087500000, 0x0000000087500000| Untracked 
| 117|0x0000000087500000, 0x0000000087600000, 0x0000000087600000|100%| O|  |TAMS 0x00000000875e0000, 0x0000000087600000| Untracked 
| 118|0x0000000087600000, 0x0000000087700000, 0x0000000087700000|100%|HS|  |TAMS 0x0000000087600000, 0x0000000087700000| Complete 
| 119|0x0000000087700000, 0x0000000087800000, 0x0000000087800000|100%|HC|  |TAMS 0x0000000087700000, 0x0000000087800000| Complete 
| 120|0x0000000087800000, 0x0000000087900000, 0x0000000087900000|100%|HS|  |TAMS 0x0000000087800000, 0x0000000087900000| Complete 
| 121|0x0000000087900000, 0x0000000087a00000, 0x0000000087a00000|100%|HC|  |TAMS 0x0000000087900000, 0x0000000087a00000| Complete 
| 122|0x0000000087a00000, 0x0000000087b00000, 0x0000000087b00000|100%|HC|  |TAMS 0x0000000087a00000, 0x0000000087b00000| Complete 
| 123|0x0000000087b00000, 0x0000000087c00000, 0x0000000087c00000|100%|HS|  |TAMS 0x0000000087b00000, 0x0000000087c00000| Complete 
| 124|0x0000000087c00000, 0x0000000087d00000, 0x0000000087d00000|100%|HS|  |TAMS 0x0000000087c00000, 0x0000000087d00000| Complete 
| 125|0x0000000087d00000, 0x0000000087e00000, 0x0000000087e00000|100%|HC|  |TAMS 0x0000000087d00000, 0x0000000087e00000| Complete 
| 126|0x0000000087e00000, 0x0000000087f00000, 0x0000000087f00000|100%|HS|  |TAMS 0x0000000087e00000, 0x0000000087f00000| Complete 
| 127|0x0000000087f00000, 0x0000000088000000, 0x0000000088000000|100%|HC|  |TAMS 0x0000000087f00000, 0x0000000088000000| Complete 
| 128|0x0000000088000000, 0x0000000088100000, 0x0000000088100000|100%|HS|  |TAMS 0x0000000088000000, 0x0000000088100000| Complete 
| 129|0x0000000088100000, 0x0000000088200000, 0x0000000088200000|100%|HS|  |TAMS 0x0000000088100000, 0x0000000088200000| Complete 
| 130|0x0000000088200000, 0x0000000088300000, 0x0000000088300000|100%|HC|  |TAMS 0x0000000088200000, 0x0000000088300000| Complete 
| 131|0x0000000088300000, 0x0000000088400000, 0x0000000088400000|100%|HS|  |TAMS 0x0000000088300000, 0x0000000088400000| Complete 
| 132|0x0000000088400000, 0x0000000088500000, 0x0000000088500000|100%|HS|  |TAMS 0x0000000088400000, 0x0000000088500000| Complete 
| 133|0x0000000088500000, 0x0000000088600000, 0x0000000088600000|100%|HC|  |TAMS 0x0000000088500000, 0x0000000088600000| Complete 
| 134|0x0000000088600000, 0x0000000088700000, 0x0000000088700000|100%|HS|  |TAMS 0x0000000088600000, 0x0000000088700000| Complete 
| 135|0x0000000088700000, 0x0000000088800000, 0x0000000088800000|100%|HC|  |TAMS 0x0000000088700000, 0x0000000088800000| Complete 
| 136|0x0000000088800000, 0x0000000088900000, 0x0000000088900000|100%|HS|  |TAMS 0x0000000088800000, 0x0000000088900000| Complete 
| 137|0x0000000088900000, 0x0000000088a00000, 0x0000000088a00000|100%|HS|  |TAMS 0x0000000088900000, 0x0000000088a00000| Complete 
| 138|0x0000000088a00000, 0x0000000088b00000, 0x0000000088b00000|100%|HS|  |TAMS 0x0000000088a00000, 0x0000000088b00000| Complete 
| 139|0x0000000088b00000, 0x0000000088c00000, 0x0000000088c00000|100%|HS|  |TAMS 0x0000000088b00000, 0x0000000088c00000| Complete 
| 140|0x0000000088c00000, 0x0000000088d00000, 0x0000000088d00000|100%|HS|  |TAMS 0x0000000088c00000, 0x0000000088d00000| Complete 
| 141|0x0000000088d00000, 0x0000000088e00000, 0x0000000088e00000|100%|HS|  |TAMS 0x0000000088d00000, 0x0000000088e00000| Complete 
| 142|0x0000000088e00000, 0x0000000088f00000, 0x0000000088f00000|100%|HC|  |TAMS 0x0000000088e00000, 0x0000000088f00000| Complete 
| 143|0x0000000088f00000, 0x0000000089000000, 0x0000000089000000|100%|HS|  |TAMS 0x0000000088f00000, 0x0000000089000000| Complete 
| 144|0x0000000089000000, 0x0000000089100000, 0x0000000089100000|100%|HS|  |TAMS 0x0000000089000000, 0x0000000089100000| Complete 
| 145|0x0000000089100000, 0x0000000089200000, 0x0000000089200000|100%|HS|  |TAMS 0x0000000089100000, 0x0000000089200000| Complete 
| 146|0x0000000089200000, 0x0000000089300000, 0x0000000089300000|100%|HC|  |TAMS 0x0000000089200000, 0x0000000089300000| Complete 
| 147|0x0000000089300000, 0x0000000089300000, 0x0000000089400000|  0%| F|  |TAMS 0x0000000089300000, 0x0000000089300000| Untracked 
| 148|0x0000000089400000, 0x0000000089500000, 0x0000000089500000|100%|HS|  |TAMS 0x0000000089400000, 0x0000000089500000| Complete 
| 149|0x0000000089500000, 0x0000000089600000, 0x0000000089600000|100%|HS|  |TAMS 0x0000000089500000, 0x0000000089600000| Complete 
| 150|0x0000000089600000, 0x0000000089700000, 0x0000000089700000|100%| O|  |TAMS 0x0000000089600000, 0x0000000089700000| Untracked 
| 151|0x0000000089700000, 0x0000000089800000, 0x0000000089800000|100%| O|  |TAMS 0x0000000089700000, 0x0000000089800000| Untracked 
| 152|0x0000000089800000, 0x0000000089900000, 0x0000000089900000|100%| O|  |TAMS 0x0000000089800000, 0x0000000089900000| Untracked 
| 153|0x0000000089900000, 0x0000000089a00000, 0x0000000089a00000|100%| O|  |TAMS 0x0000000089900000, 0x0000000089a00000| Untracked 
| 154|0x0000000089a00000, 0x0000000089b00000, 0x0000000089b00000|100%| O|  |TAMS 0x0000000089a00000, 0x0000000089b00000| Untracked 
| 155|0x0000000089b00000, 0x0000000089c00000, 0x0000000089c00000|100%| O|  |TAMS 0x0000000089b00000, 0x0000000089c00000| Untracked 
| 156|0x0000000089c00000, 0x0000000089d00000, 0x0000000089d00000|100%| O|  |TAMS 0x0000000089c00000, 0x0000000089d00000| Untracked 
| 157|0x0000000089d00000, 0x0000000089e00000, 0x0000000089e00000|100%| O|  |TAMS 0x0000000089d00000, 0x0000000089e00000| Untracked 
| 158|0x0000000089e00000, 0x0000000089f00000, 0x0000000089f00000|100%| O|  |TAMS 0x0000000089e00000, 0x0000000089f00000| Untracked 
| 159|0x0000000089f00000, 0x000000008a000000, 0x000000008a000000|100%| O|  |TAMS 0x0000000089f00000, 0x000000008a000000| Untracked 
| 160|0x000000008a000000, 0x000000008a057200, 0x000000008a100000| 34%| O|  |TAMS 0x000000008a000000, 0x000000008a057200| Untracked 
| 161|0x000000008a100000, 0x000000008a100000, 0x000000008a200000|  0%| F|  |TAMS 0x000000008a100000, 0x000000008a100000| Untracked 
| 162|0x000000008a200000, 0x000000008a200000, 0x000000008a300000|  0%| F|  |TAMS 0x000000008a200000, 0x000000008a200000| Untracked 
| 163|0x000000008a300000, 0x000000008a300000, 0x000000008a400000|  0%| F|  |TAMS 0x000000008a300000, 0x000000008a300000| Untracked 
| 164|0x000000008a400000, 0x000000008a400000, 0x000000008a500000|  0%| F|  |TAMS 0x000000008a400000, 0x000000008a400000| Untracked 
| 165|0x000000008a500000, 0x000000008a500000, 0x000000008a600000|  0%| F|  |TAMS 0x000000008a500000, 0x000000008a500000| Untracked 
| 166|0x000000008a600000, 0x000000008a600000, 0x000000008a700000|  0%| F|  |TAMS 0x000000008a600000, 0x000000008a600000| Untracked 
| 167|0x000000008a700000, 0x000000008a700000, 0x000000008a800000|  0%| F|  |TAMS 0x000000008a700000, 0x000000008a700000| Untracked 
| 168|0x000000008a800000, 0x000000008a800000, 0x000000008a900000|  0%| F|  |TAMS 0x000000008a800000, 0x000000008a800000| Untracked 
| 169|0x000000008a900000, 0x000000008a900000, 0x000000008aa00000|  0%| F|  |TAMS 0x000000008a900000, 0x000000008a900000| Untracked 
| 170|0x000000008aa00000, 0x000000008aa00000, 0x000000008ab00000|  0%| F|  |TAMS 0x000000008aa00000, 0x000000008aa00000| Untracked 
| 171|0x000000008ab00000, 0x000000008ab00000, 0x000000008ac00000|  0%| F|  |TAMS 0x000000008ab00000, 0x000000008ab00000| Untracked 
| 172|0x000000008ac00000, 0x000000008ac00000, 0x000000008ad00000|  0%| F|  |TAMS 0x000000008ac00000, 0x000000008ac00000| Untracked 
| 173|0x000000008ad00000, 0x000000008ad00000, 0x000000008ae00000|  0%| F|  |TAMS 0x000000008ad00000, 0x000000008ad00000| Untracked 
| 174|0x000000008ae00000, 0x000000008ae00000, 0x000000008af00000|  0%| F|  |TAMS 0x000000008ae00000, 0x000000008ae00000| Untracked 
| 175|0x000000008af00000, 0x000000008af00000, 0x000000008b000000|  0%| F|  |TAMS 0x000000008af00000, 0x000000008af00000| Untracked 
| 176|0x000000008b000000, 0x000000008b100000, 0x000000008b100000|100%| S|CS|TAMS 0x000000008b000000, 0x000000008b000000| Complete 
| 177|0x000000008b100000, 0x000000008b200000, 0x000000008b200000|100%| S|CS|TAMS 0x000000008b100000, 0x000000008b100000| Complete 
| 178|0x000000008b200000, 0x000000008b300000, 0x000000008b300000|100%| S|CS|TAMS 0x000000008b200000, 0x000000008b200000| Complete 
| 179|0x000000008b300000, 0x000000008b400000, 0x000000008b400000|100%| S|CS|TAMS 0x000000008b300000, 0x000000008b300000| Complete 
| 180|0x000000008b400000, 0x000000008b500000, 0x000000008b500000|100%| S|CS|TAMS 0x000000008b400000, 0x000000008b400000| Complete 
| 181|0x000000008b500000, 0x000000008b600000, 0x000000008b600000|100%| S|CS|TAMS 0x000000008b500000, 0x000000008b500000| Complete 
| 182|0x000000008b600000, 0x000000008b700000, 0x000000008b700000|100%| S|CS|TAMS 0x000000008b600000, 0x000000008b600000| Complete 
| 183|0x000000008b700000, 0x000000008b700000, 0x000000008b800000|  0%| F|  |TAMS 0x000000008b700000, 0x000000008b700000| Untracked 
| 184|0x000000008b800000, 0x000000008b800000, 0x000000008b900000|  0%| F|  |TAMS 0x000000008b800000, 0x000000008b800000| Untracked 
| 185|0x000000008b900000, 0x000000008b900000, 0x000000008ba00000|  0%| F|  |TAMS 0x000000008b900000, 0x000000008b900000| Untracked 
| 186|0x000000008ba00000, 0x000000008ba00000, 0x000000008bb00000|  0%| F|  |TAMS 0x000000008ba00000, 0x000000008ba00000| Untracked 
| 187|0x000000008bb00000, 0x000000008bb00000, 0x000000008bc00000|  0%| F|  |TAMS 0x000000008bb00000, 0x000000008bb00000| Untracked 
| 188|0x000000008bc00000, 0x000000008bc00000, 0x000000008bd00000|  0%| F|  |TAMS 0x000000008bc00000, 0x000000008bc00000| Untracked 
| 189|0x000000008bd00000, 0x000000008bd00000, 0x000000008be00000|  0%| F|  |TAMS 0x000000008bd00000, 0x000000008bd00000| Untracked 
| 190|0x000000008be00000, 0x000000008be00000, 0x000000008bf00000|  0%| F|  |TAMS 0x000000008be00000, 0x000000008be00000| Untracked 
| 191|0x000000008bf00000, 0x000000008bf00000, 0x000000008c000000|  0%| F|  |TAMS 0x000000008bf00000, 0x000000008bf00000| Untracked 
| 192|0x000000008c000000, 0x000000008c000000, 0x000000008c100000|  0%| F|  |TAMS 0x000000008c000000, 0x000000008c000000| Untracked 
| 193|0x000000008c100000, 0x000000008c100000, 0x000000008c200000|  0%| F|  |TAMS 0x000000008c100000, 0x000000008c100000| Untracked 
| 194|0x000000008c200000, 0x000000008c200000, 0x000000008c300000|  0%| F|  |TAMS 0x000000008c200000, 0x000000008c200000| Untracked 
| 195|0x000000008c300000, 0x000000008c300000, 0x000000008c400000|  0%| F|  |TAMS 0x000000008c300000, 0x000000008c300000| Untracked 
| 196|0x000000008c400000, 0x000000008c400000, 0x000000008c500000|  0%| F|  |TAMS 0x000000008c400000, 0x000000008c400000| Untracked 
| 197|0x000000008c500000, 0x000000008c500000, 0x000000008c600000|  0%| F|  |TAMS 0x000000008c500000, 0x000000008c500000| Untracked 
| 198|0x000000008c600000, 0x000000008c600000, 0x000000008c700000|  0%| F|  |TAMS 0x000000008c600000, 0x000000008c600000| Untracked 
| 199|0x000000008c700000, 0x000000008c700000, 0x000000008c800000|  0%| F|  |TAMS 0x000000008c700000, 0x000000008c700000| Untracked 
| 200|0x000000008c800000, 0x000000008c800000, 0x000000008c900000|  0%| F|  |TAMS 0x000000008c800000, 0x000000008c800000| Untracked 
| 201|0x000000008c900000, 0x000000008c900000, 0x000000008ca00000|  0%| F|  |TAMS 0x000000008c900000, 0x000000008c900000| Untracked 
| 202|0x000000008ca00000, 0x000000008ca00000, 0x000000008cb00000|  0%| F|  |TAMS 0x000000008ca00000, 0x000000008ca00000| Untracked 
| 203|0x000000008cb00000, 0x000000008cb00000, 0x000000008cc00000|  0%| F|  |TAMS 0x000000008cb00000, 0x000000008cb00000| Untracked 
| 204|0x000000008cc00000, 0x000000008cc00000, 0x000000008cd00000|  0%| F|  |TAMS 0x000000008cc00000, 0x000000008cc00000| Untracked 
| 205|0x000000008cd00000, 0x000000008cd00000, 0x000000008ce00000|  0%| F|  |TAMS 0x000000008cd00000, 0x000000008cd00000| Untracked 
| 206|0x000000008ce00000, 0x000000008ce00000, 0x000000008cf00000|  0%| F|  |TAMS 0x000000008ce00000, 0x000000008ce00000| Untracked 
| 207|0x000000008cf00000, 0x000000008cf00000, 0x000000008d000000|  0%| F|  |TAMS 0x000000008cf00000, 0x000000008cf00000| Untracked 
| 208|0x000000008d000000, 0x000000008d000000, 0x000000008d100000|  0%| F|  |TAMS 0x000000008d000000, 0x000000008d000000| Untracked 
| 209|0x000000008d100000, 0x000000008d100000, 0x000000008d200000|  0%| F|  |TAMS 0x000000008d100000, 0x000000008d100000| Untracked 
| 210|0x000000008d200000, 0x000000008d200000, 0x000000008d300000|  0%| F|  |TAMS 0x000000008d200000, 0x000000008d200000| Untracked 
| 211|0x000000008d300000, 0x000000008d300000, 0x000000008d400000|  0%| F|  |TAMS 0x000000008d300000, 0x000000008d300000| Untracked 
| 212|0x000000008d400000, 0x000000008d400000, 0x000000008d500000|  0%| F|  |TAMS 0x000000008d400000, 0x000000008d400000| Untracked 
| 213|0x000000008d500000, 0x000000008d500000, 0x000000008d600000|  0%| F|  |TAMS 0x000000008d500000, 0x000000008d500000| Untracked 
| 214|0x000000008d600000, 0x000000008d600000, 0x000000008d700000|  0%| F|  |TAMS 0x000000008d600000, 0x000000008d600000| Untracked 
| 215|0x000000008d700000, 0x000000008d700000, 0x000000008d800000|  0%| F|  |TAMS 0x000000008d700000, 0x000000008d700000| Untracked 
| 216|0x000000008d800000, 0x000000008d800000, 0x000000008d900000|  0%| F|  |TAMS 0x000000008d800000, 0x000000008d800000| Untracked 
| 217|0x000000008d900000, 0x000000008d900000, 0x000000008da00000|  0%| F|  |TAMS 0x000000008d900000, 0x000000008d900000| Untracked 
| 218|0x000000008da00000, 0x000000008da00000, 0x000000008db00000|  0%| F|  |TAMS 0x000000008da00000, 0x000000008da00000| Untracked 
| 219|0x000000008db00000, 0x000000008db00000, 0x000000008dc00000|  0%| F|  |TAMS 0x000000008db00000, 0x000000008db00000| Untracked 

Card table byte_map: [0x0000025ad1830000,0x0000025ad1c30000] _byte_map_base: 0x0000025ad1430000

Marking Bits (Prev, Next): (CMBitMap*) 0x0000025abc70fb60, (CMBitMap*) 0x0000025abc70fb28
 Prev Bits: [0x0000025ad4030000, 0x0000025ad6030000)
 Next Bits: [0x0000025ad2030000, 0x0000025ad4030000)

Polling page: 0x0000025abc7b0000

Metaspace:

Usage:
  Non-class:     82.99 MB capacity,    81.56 MB ( 98%) used,     1.18 MB (  1%) free+waste,   261.38 KB ( <1%) overhead. 
      Class:     12.70 MB capacity,    11.86 MB ( 93%) used,   746.46 KB (  6%) free+waste,   115.88 KB ( <1%) overhead. 
       Both:     95.69 MB capacity,    93.42 MB ( 98%) used,     1.91 MB (  2%) free+waste,   377.25 KB ( <1%) overhead. 

Virtual space:
  Non-class space:       84.00 MB reserved,      83.25 MB (>99%) committed 
      Class space:        1.00 GB reserved,      12.82 MB (  1%) committed 
             Both:        1.08 GB reserved,      96.07 MB (  9%) committed 

Chunk freelists:
   Non-Class:  72.00 KB
       Class:  84.00 KB
        Both:  156.00 KB

MaxMetaspaceSize: 17179869184.00 GB
CompressedClassSpaceSize: 1.00 GB
Initial GC threshold: 20.80 MB
Current GC threshold: 160.13 MB
CDS: off

CodeHeap 'non-profiled nmethods': size=120000Kb used=8800Kb max_used=8800Kb free=111199Kb
 bounds [0x0000025ac9480000, 0x0000025ac9d20000, 0x0000025ad09b0000]
CodeHeap 'profiled nmethods': size=120000Kb used=28845Kb max_used=28845Kb free=91154Kb
 bounds [0x0000025ac1f50000, 0x0000025ac3b80000, 0x0000025ac9480000]
CodeHeap 'non-nmethods': size=5760Kb used=2373Kb max_used=2430Kb free=3386Kb
 bounds [0x0000025ac19b0000, 0x0000025ac1c20000, 0x0000025ac1f50000]
 total_blobs=13985 nmethods=13096 adapters=801
 compilation: enabled
              stopped_count=0, restarted_count=0
 full_count=0

Compilation events (20 events):
Event: 17.485 Thread 0x0000025ad8b2f000 nmethod 13209 0x0000025ac3b78c10 code [0x0000025ac3b78e40, 0x0000025ac3b79578]
Event: 17.489 Thread 0x0000025adf2a8000 nmethod 13204 0x0000025ac9d15a10 code [0x0000025ac9d15bc0, 0x0000025ac9d16118]
Event: 17.489 Thread 0x0000025adf2a8000 13205       4       com.google.common.collect.MapMakerInternalMap$WeakKeyDummyValueEntry$Helper::newEntry (16 bytes)
Event: 17.494 Thread 0x0000025adf2a8000 nmethod 13205 0x0000025ac9d16510 code [0x0000025ac9d166c0, 0x0000025ac9d16a78]
Event: 17.494 Thread 0x0000025adf2a8000 13206       4       com.google.common.collect.MapMakerInternalMap$WeakKeyDummyValueEntry$Helper::setValue (17 bytes)
Event: 17.495 Thread 0x0000025adf2a8000 nmethod 13206 0x0000025ac9d16c10 code [0x0000025ac9d16dc0, 0x0000025ac9d16ed8]
Event: 17.495 Thread 0x0000025adf2a8000 13208       4       com.google.common.collect.CompactHashMap$MapEntry::getValue (29 bytes)
Event: 17.497 Thread 0x0000025adf2a8000 nmethod 13208 0x0000025ac9d17090 code [0x0000025ac9d17240, 0x0000025ac9d173d8]
Event: 17.497 Thread 0x0000025adf2a8000 13202       4       com.google.common.collect.MapMakerInternalMap$Segment::setValue (19 bytes)
Event: 17.500 Thread 0x0000025ad8b2f000 13210       3       java.io.FileInputStream::read (9 bytes)
Event: 17.500 Thread 0x0000025ad8b2f000 nmethod 13210 0x0000025ac3b79810 code [0x0000025ac3b799c0, 0x0000025ac3b79b08]
Event: 17.502 Thread 0x0000025ad8b2f000 13211       3       com.google.common.io.ByteStreams$1::write (6 bytes)
Event: 17.502 Thread 0x0000025ad8b2f000 nmethod 13211 0x0000025ac3b79c10 code [0x0000025ac3b79de0, 0x0000025ac3b7a028]
Event: 17.502 Thread 0x0000025ad8b2f000 13212       3       org.gradle.internal.hash.Hashing$MessageDigestHasher::putBytes (11 bytes)
Event: 17.502 Thread 0x0000025ad8b2f000 nmethod 13212 0x0000025ac3b7a110 code [0x0000025ac3b7a2e0, 0x0000025ac3b7a618]
Event: 17.504 Thread 0x0000025adf2a8000 nmethod 13202 0x0000025ac9d17610 code [0x0000025ac9d17800, 0x0000025ac9d17db8]
Event: 17.517 Thread 0x0000025ad8b2f000 13213       3       kotlin.text.CharsKt__CharKt::equals (61 bytes)
Event: 17.517 Thread 0x0000025ad8b2f000 nmethod 13213 0x0000025ac3b7a790 code [0x0000025ac3b7aa00, 0x0000025ac3b7b318]
Event: 17.530 Thread 0x0000025adf2a8000 13214       4       java.util.regex.Pattern$SliceU::match (99 bytes)
Event: 17.540 Thread 0x0000025ad8b2f000 13215       3       kotlin.text.StringsKt__StringsKt::endsWith (40 bytes)

GC Heap History (20 events):
Event: 14.549 GC heap after
{Heap after GC invocations=28 (full 0):
 garbage-first heap   total 187392K, used 109748K [0x0000000080000000, 0x0000000100000000)
  region size 1024K, 5 young (5120K), 5 survivors (5120K)
 Metaspace       used 90300K, capacity 92514K, committed 93004K, reserved 1130496K
  class space    used 11511K, capacity 12376K, committed 12620K, reserved 1048576K
}
Event: 15.120 GC heap before
{Heap before GC invocations=28 (full 0):
 garbage-first heap   total 187392K, used 153780K [0x0000000080000000, 0x0000000100000000)
  region size 1024K, 48 young (49152K), 5 survivors (5120K)
 Metaspace       used 90766K, capacity 93045K, committed 93516K, reserved 1130496K
  class space    used 11532K, capacity 12382K, committed 12620K, reserved 1048576K
}
Event: 15.132 GC heap after
{Heap after GC invocations=29 (full 0):
 garbage-first heap   total 187392K, used 111160K [0x0000000080000000, 0x0000000100000000)
  region size 1024K, 4 young (4096K), 4 survivors (4096K)
 Metaspace       used 90766K, capacity 93045K, committed 93516K, reserved 1130496K
  class space    used 11532K, capacity 12382K, committed 12620K, reserved 1048576K
}
Event: 15.419 GC heap before
{Heap before GC invocations=30 (full 0):
 garbage-first heap   total 187392K, used 135736K [0x0000000080000000, 0x0000000100000000)
  region size 1024K, 30 young (30720K), 4 survivors (4096K)
 Metaspace       used 91263K, capacity 93561K, committed 94028K, reserved 1130496K
  class space    used 11582K, capacity 12447K, committed 12620K, reserved 1048576K
}
Event: 15.425 GC heap after
{Heap after GC invocations=31 (full 0):
 garbage-first heap   total 187392K, used 111799K [0x0000000080000000, 0x0000000100000000)
  region size 1024K, 3 young (3072K), 3 survivors (3072K)
 Metaspace       used 91263K, capacity 93561K, committed 94028K, reserved 1130496K
  class space    used 11582K, capacity 12447K, committed 12620K, reserved 1048576K
}
Event: 15.891 GC heap before
{Heap before GC invocations=32 (full 0):
 garbage-first heap   total 187392K, used 151735K [0x0000000080000000, 0x0000000100000000)
  region size 1024K, 42 young (43008K), 3 survivors (3072K)
 Metaspace       used 93853K, capacity 96149K, committed 96716K, reserved 1132544K
  class space    used 11949K, capacity 12815K, committed 13004K, reserved 1048576K
}
Event: 15.894 GC heap after
{Heap after GC invocations=33 (full 0):
 garbage-first heap   total 187392K, used 111185K [0x0000000080000000, 0x0000000100000000)
  region size 1024K, 2 young (2048K), 2 survivors (2048K)
 Metaspace       used 93853K, capacity 96149K, committed 96716K, reserved 1132544K
  class space    used 11949K, capacity 12815K, committed 13004K, reserved 1048576K
}
Event: 16.327 GC heap before
{Heap before GC invocations=33 (full 0):
 garbage-first heap   total 187392K, used 153169K [0x0000000080000000, 0x0000000100000000)
  region size 1024K, 44 young (45056K), 2 survivors (2048K)
 Metaspace       used 95055K, capacity 97304K, committed 97868K, reserved 1134592K
  class space    used 12088K, capacity 12920K, committed 13132K, reserved 1048576K
}
Event: 16.333 GC heap after
{Heap after GC invocations=34 (full 0):
 garbage-first heap   total 187392K, used 114570K [0x0000000080000000, 0x0000000100000000)
  region size 1024K, 5 young (5120K), 5 survivors (5120K)
 Metaspace       used 95055K, capacity 97304K, committed 97868K, reserved 1134592K
  class space    used 12088K, capacity 12920K, committed 13132K, reserved 1048576K
}
Event: 16.505 GC heap before
{Heap before GC invocations=34 (full 0):
 garbage-first heap   total 187392K, used 154506K [0x0000000080000000, 0x0000000100000000)
  region size 1024K, 45 young (46080K), 5 survivors (5120K)
 Metaspace       used 95083K, capacity 97306K, committed 97868K, reserved 1134592K
  class space    used 12090K, capacity 12920K, committed 13132K, reserved 1048576K
}
Event: 16.512 GC heap after
{Heap after GC invocations=35 (full 0):
 garbage-first heap   total 187392K, used 116641K [0x0000000080000000, 0x0000000100000000)
  region size 1024K, 3 young (3072K), 3 survivors (3072K)
 Metaspace       used 95083K, capacity 97306K, committed 97868K, reserved 1134592K
  class space    used 12090K, capacity 12920K, committed 13132K, reserved 1048576K
}
Event: 16.635 GC heap before
{Heap before GC invocations=36 (full 0):
 garbage-first heap   total 187392K, used 155553K [0x0000000080000000, 0x0000000100000000)
  region size 1024K, 42 young (43008K), 3 survivors (3072K)
 Metaspace       used 95087K, capacity 97306K, committed 97868K, reserved 1134592K
  class space    used 12090K, capacity 12920K, committed 13132K, reserved 1048576K
}
Event: 16.656 GC heap after
{Heap after GC invocations=37 (full 0):
 garbage-first heap   total 225280K, used 118209K [0x0000000080000000, 0x0000000100000000)
  region size 1024K, 4 young (4096K), 4 survivors (4096K)
 Metaspace       used 95087K, capacity 97306K, committed 97868K, reserved 1134592K
  class space    used 12090K, capacity 12920K, committed 13132K, reserved 1048576K
}
Event: 16.909 GC heap before
{Heap before GC invocations=37 (full 0):
 garbage-first heap   total 225280K, used 176577K [0x0000000080000000, 0x0000000100000000)
  region size 1024K, 62 young (63488K), 4 survivors (4096K)
 Metaspace       used 95132K, capacity 97347K, committed 97868K, reserved 1134592K
  class space    used 12094K, capacity 12954K, committed 13132K, reserved 1048576K
}
Event: 16.915 GC heap after
{Heap after GC invocations=38 (full 0):
 garbage-first heap   total 225280K, used 121081K [0x0000000080000000, 0x0000000100000000)
  region size 1024K, 7 young (7168K), 7 survivors (7168K)
 Metaspace       used 95132K, capacity 97347K, committed 97868K, reserved 1134592K
  class space    used 12094K, capacity 12954K, committed 13132K, reserved 1048576K
}
Event: 17.242 GC heap before
{Heap before GC invocations=39 (full 0):
 garbage-first heap   total 225280K, used 179449K [0x0000000080000000, 0x0000000100000000)
  region size 1024K, 65 young (66560K), 7 survivors (7168K)
 Metaspace       used 95457K, capacity 97778K, committed 98124K, reserved 1134592K
  class space    used 12127K, capacity 13001K, committed 13132K, reserved 1048576K
}
Event: 17.251 GC heap after
{Heap after GC invocations=40 (full 0):
 garbage-first heap   total 225280K, used 123346K [0x0000000080000000, 0x0000000100000000)
  region size 1024K, 7 young (7168K), 7 survivors (7168K)
 Metaspace       used 95457K, capacity 97778K, committed 98124K, reserved 1134592K
  class space    used 12127K, capacity 13001K, committed 13132K, reserved 1048576K
}
Event: 17.285 GC heap before
{Heap before GC invocations=40 (full 0):
 garbage-first heap   total 225280K, used 132562K [0x0000000080000000, 0x0000000100000000)
  region size 1024K, 18 young (18432K), 7 survivors (7168K)
 Metaspace       used 95551K, capacity 97860K, committed 98124K, reserved 1134592K
  class space    used 12134K, capacity 13004K, committed 13132K, reserved 1048576K
}
Event: 17.291 GC heap after
{Heap after GC invocations=41 (full 0):
 garbage-first heap   total 225280K, used 124158K [0x0000000080000000, 0x0000000100000000)
  region size 1024K, 4 young (4096K), 4 survivors (4096K)
 Metaspace       used 95551K, capacity 97860K, committed 98124K, reserved 1134592K
  class space    used 12134K, capacity 13004K, committed 13132K, reserved 1048576K
}
Event: 17.541 GC heap before
{Heap before GC invocations=42 (full 0):
 garbage-first heap   total 225280K, used 188670K [0x0000000080000000, 0x0000000100000000)
  region size 1024K, 37 young (37888K), 4 survivors (4096K)
 Metaspace       used 95657K, capacity 97988K, committed 98380K, reserved 1134592K
  class space    used 12141K, capacity 13004K, committed 13132K, reserved 1048576K
}

Deoptimization events (20 events):
Event: 17.266 Thread 0x0000025add19a800 DEOPT PACKING pc=0x0000025ac9cfa44c sp=0x000000d78bdfd6c0
Event: 17.266 Thread 0x0000025add19a800 DEOPT UNPACKING pc=0x0000025ac19fa1af sp=0x000000d78bdfd6a8 mode 2
Event: 17.280 Thread 0x0000025ada9ab800 Uncommon trap: trap_request=0x00000186 fr.pc=0x0000025ac9c38f88 relative=0x0000000000000f28
Event: 17.280 Thread 0x0000025ada9ab800 Uncommon trap: reason=unloaded action=reinterpret pc=0x0000025ac9c38f88 method=java.util.regex.Pattern.newSlice([IIZ)Ljava/util/regex/Pattern$Node; @ 68 c2
Event: 17.280 Thread 0x0000025ada9ab800 DEOPT PACKING pc=0x0000025ac9c38f88 sp=0x000000d792bfd290
Event: 17.280 Thread 0x0000025ada9ab800 DEOPT UNPACKING pc=0x0000025ac19fa1af sp=0x000000d792bfd1f8 mode 2
Event: 17.310 Thread 0x0000025ade899800 DEOPT PACKING pc=0x0000025ac9d042f0 sp=0x000000d78d7fcb10
Event: 17.310 Thread 0x0000025ade899800 DEOPT UNPACKING pc=0x0000025ac19fa95e sp=0x000000d78d7fbed0 mode 0
Event: 17.340 Thread 0x0000025add1ff000 DEOPT PACKING pc=0x0000025ac366271d sp=0x000000d78bffe220
Event: 17.340 Thread 0x0000025add1ff000 DEOPT UNPACKING pc=0x0000025ac19fa95e sp=0x000000d78bffd6e8 mode 0
Event: 17.373 Thread 0x0000025ade88c800 DEOPT PACKING pc=0x0000025ac3b37511 sp=0x000000d78cefb3f0
Event: 17.373 Thread 0x0000025ade88c800 DEOPT UNPACKING pc=0x0000025ac19fa95e sp=0x000000d78cefa928 mode 0
Event: 17.403 Thread 0x0000025add19b800 Uncommon trap: trap_request=0xffffffde fr.pc=0x0000025ac9bd855c relative=0x000000000000053c
Event: 17.403 Thread 0x0000025add19b800 Uncommon trap: reason=class_check action=maybe_recompile pc=0x0000025ac9bd855c method=org.gradle.internal.snapshot.LargeChildMap.withNode(Lorg/gradle/internal/snapshot/VfsRelativePath;Lorg/gradle/internal/snapshot/CaseSensitivity;Lorg/gradle/internal/snap
Event: 17.403 Thread 0x0000025add19b800 DEOPT PACKING pc=0x0000025ac9bd855c sp=0x000000d7923fc610
Event: 17.403 Thread 0x0000025add19b800 DEOPT UNPACKING pc=0x0000025ac19fa1af sp=0x000000d7923fc5d0 mode 2
Event: 17.481 Thread 0x0000025add1a0800 DEOPT PACKING pc=0x0000025ac366271d sp=0x000000d7926fe2a0
Event: 17.481 Thread 0x0000025add1a0800 DEOPT UNPACKING pc=0x0000025ac19fa95e sp=0x000000d7926fd768 mode 0
Event: 17.485 Thread 0x0000025add1a0800 DEOPT PACKING pc=0x0000025ac366271d sp=0x000000d7926fe2a0
Event: 17.485 Thread 0x0000025add1a0800 DEOPT UNPACKING pc=0x0000025ac19fa95e sp=0x000000d7926fd768 mode 0

Classes redefined (0 events):
No events

Internal exceptions (20 events):
Event: 11.574 Thread 0x0000025add199000 Exception <a 'java/lang/IncompatibleClassChangeError'{0x00000000894168a8}: Found class java.lang.Object, but interface was expected> (0x00000000894168a8) thrown at [./src/hotspot/share/interpreter/linkResolver.cpp, line 839]
Event: 11.580 Thread 0x0000025add199000 Exception <a 'java/lang/IncompatibleClassChangeError'{0x000000008946a450}: Found class java.lang.Object, but interface was expected> (0x000000008946a450) thrown at [./src/hotspot/share/interpreter/linkResolver.cpp, line 839]
Event: 12.197 Thread 0x0000025add199000 Exception <a 'java/lang/NoSuchMethodError'{0x000000008b01ac58}: 'void java.lang.invoke.DirectMethodHandle$Holder.invokeStatic(java.lang.Object, java.lang.Object, java.lang.Object, java.lang.Object, int, java.lang.Object, java.lang.Object)'> (0x000000008b01ac58) thrown at [./src/hotspot/share/interpreter/linkResolver.cpp, line 773]
Event: 12.223 Thread 0x0000025add296800 Exception <a 'java/lang/NoSuchMethodError'{0x000000008aa655f8}: 'java.lang.Object java.lang.invoke.DirectMethodHandle$Holder.invokeSpecialIFC(java.lang.Object, java.lang.Object, java.lang.Object)'> (0x000000008aa655f8) thrown at [./src/hotspot/share/interpreter/linkResolver.cpp, line 773]
Event: 12.223 Thread 0x0000025add208000 Exception <a 'java/lang/NoSuchMethodError'{0x000000008aa128d8}: 'java.lang.Object java.lang.invoke.DirectMethodHandle$Holder.invokeSpecialIFC(java.lang.Object, java.lang.Object, java.lang.Object)'> (0x000000008aa128d8) thrown at [./src/hotspot/share/interpreter/linkResolver.cpp, line 773]
Event: 12.223 Thread 0x0000025ade893800 Exception <a 'java/lang/NoSuchMethodError'{0x000000008aa59bb0}: 'java.lang.Object java.lang.invoke.DirectMethodHandle$Holder.invokeSpecialIFC(java.lang.Object, java.lang.Object, java.lang.Object)'> (0x000000008aa59bb0) thrown at [./src/hotspot/share/interpreter/linkResolver.cpp, line 773]
Event: 12.223 Thread 0x0000025ade897000 Exception <a 'java/lang/NoSuchMethodError'{0x000000008aa3dd70}: 'java.lang.Object java.lang.invoke.DirectMethodHandle$Holder.invokeSpecialIFC(java.lang.Object, java.lang.Object, java.lang.Object)'> (0x000000008aa3dd70) thrown at [./src/hotspot/share/interpreter/linkResolver.cpp, line 773]
Event: 12.223 Thread 0x0000025ade88f000 Exception <a 'java/lang/NoSuchMethodError'{0x000000008aa28df8}: 'java.lang.Object java.lang.invoke.DirectMethodHandle$Holder.invokeSpecialIFC(java.lang.Object, java.lang.Object, java.lang.Object)'> (0x000000008aa28df8) thrown at [./src/hotspot/share/interpreter/linkResolver.cpp, line 773]
Event: 12.249 Thread 0x0000025add204000 Exception <a 'java/lang/NoSuchMethodError'{0x000000008a79f550}: 'int java.lang.invoke.DirectMethodHandle$Holder.invokeStaticInit(java.lang.Object, java.lang.Object, java.lang.Object, java.lang.Object, java.lang.Object)'> (0x000000008a79f550) thrown at [./src/hotspot/share/interpreter/linkResolver.cpp, line 773]
Event: 12.302 Thread 0x0000025add208000 Exception <a 'java/lang/NoSuchMethodError'{0x000000008a1543d0}: 'void java.lang.invoke.DirectMethodHandle$Holder.invokeVirtual(java.lang.Object, java.lang.Object)'> (0x000000008a1543d0) thrown at [./src/hotspot/share/interpreter/linkResolver.cpp, line 773]
Event: 12.302 Thread 0x0000025ae0233000 Exception <a 'java/lang/NoSuchMethodError'{0x000000008a0bb450}: 'void java.lang.invoke.DirectMethodHandle$Holder.invokeVirtual(java.lang.Object, java.lang.Object)'> (0x000000008a0bb450) thrown at [./src/hotspot/share/interpreter/linkResolver.cpp, line 773]
Event: 13.434 Thread 0x0000025adf590800 Implicit null exception at 0x0000025ac9b24dbe to 0x0000025ac9b2568c
Event: 13.647 Thread 0x0000025add199000 Exception <a 'java/lang/ClassNotFoundException'{0x0000000089f4ec08}: com/google/firebase/crashlytics/buildtools/android/project/XmlBuildIdReaderBeanInfo> (0x0000000089f4ec08) thrown at [./src/hotspot/share/classfile/systemDictionary.cpp, line 231]
Event: 13.647 Thread 0x0000025add199000 Exception <a 'java/lang/ClassNotFoundException'{0x0000000089f69810}: com/google/firebase/crashlytics/buildtools/android/project/XmlBuildIdReaderCustomizer> (0x0000000089f69810) thrown at [./src/hotspot/share/classfile/systemDictionary.cpp, line 231]
Event: 13.656 Thread 0x0000025add199000 Exception <a 'java/lang/ClassNotFoundException'{0x0000000089fbf268}: com/google/firebase/crashlytics/buildtools/android/project/XmlBuildIdReader$FileXmlBuildIdReaderBeanInfo> (0x0000000089fbf268) thrown at [./src/hotspot/share/classfile/systemDictionary.cpp, line 231]
Event: 13.657 Thread 0x0000025add199000 Exception <a 'java/lang/ClassNotFoundException'{0x0000000089fdd4b8}: com/google/firebase/crashlytics/buildtools/android/project/XmlBuildIdReader$FileXmlBuildIdReaderCustomizer> (0x0000000089fdd4b8) thrown at [./src/hotspot/share/classfile/systemDictionary.cpp, line 231]
Event: 13.919 Thread 0x0000025adf590800 Implicit null exception at 0x0000025ac9b5d134 to 0x0000025ac9b5dc88
Event: 14.946 Thread 0x0000025add19d000 Implicit null exception at 0x0000025ac9889314 to 0x0000025ac98898e8
Event: 15.465 Thread 0x0000025add19d000 Exception <a 'java/lang/NoSuchMethodError'{0x000000008b280a78}: 'void java.lang.invoke.DirectMethodHandle$Holder.invokeStatic(java.lang.Object, java.lang.Object, java.lang.Object, java.lang.Object, java.lang.Object, java.lang.Object, java.lang.Object)'> (0x000000008b280a78) thrown at [./src/hotspot/share/interpreter/linkResolver.cpp, line 773]
Event: 15.489 Thread 0x0000025adafa1800 Exception <a 'java/lang/NoSuchMethodError'{0x000000008b1b5cf0}: <clinit>> (0x000000008b1b5cf0) thrown at [./src/hotspot/share/prims/jni.cpp, line 1365]

Events (20 events):
Event: 17.428 loading class com/android/build/gradle/internal/signing/SigningConfigVersions$Companion done
Event: 17.428 loading class com/android/build/gradle/internal/cxx/json/PlainFileGsonTypeAdaptor
Event: 17.428 loading class com/android/build/gradle/internal/cxx/json/PlainFileGsonTypeAdaptor done
Event: 17.431 loading class org/apache/commons/io/FileUtils
Event: 17.431 loading class org/apache/commons/io/FileUtils done
Event: 17.433 loading class org/apache/commons/io/filefilter/IOFileFilter
Event: 17.433 loading class org/apache/commons/io/filefilter/IOFileFilter done
Event: 17.433 loading class org/apache/commons/io/FileExistsException
Event: 17.433 loading class org/apache/commons/io/FileExistsException done
Event: 17.434 loading class org/apache/commons/io/output/NullOutputStream
Event: 17.434 loading class org/apache/commons/io/output/NullOutputStream done
Event: 17.435 loading class org/apache/commons/io/Charsets
Event: 17.435 loading class org/apache/commons/io/Charsets done
Event: 17.440 Executing VM operation: RevokeBias
Event: 17.441 Executing VM operation: RevokeBias done
Event: 17.450 Executing VM operation: CGC_Operation
Event: 17.458 Executing VM operation: CGC_Operation done
Event: 17.536 Executing VM operation: CGC_Operation
Event: 17.536 Executing VM operation: CGC_Operation done
Event: 17.541 Executing VM operation: G1CollectForAllocation


Dynamic libraries:
0x00007ff77ab50000 - 0x00007ff77ab5a000 	C:\Program Files\Android\Android Studio\jre\bin\java.exe
0x00007ffb5ff60000 - 0x00007ffb60169000 	C:\Windows\SYSTEM32\ntdll.dll
0x00007ffb5e770000 - 0x00007ffb5e82d000 	C:\Windows\System32\KERNEL32.DLL
0x00007ffb5d470000 - 0x00007ffb5d7e9000 	C:\Windows\System32\KERNELBASE.dll
0x00007ffb5dbe0000 - 0x00007ffb5dcf1000 	C:\Windows\System32\ucrtbase.dll
0x00007ffb31840000 - 0x00007ffb31857000 	C:\Program Files\Android\Android Studio\jre\bin\VCRUNTIME140.dll
0x00007ffb565b0000 - 0x00007ffb565c9000 	C:\Program Files\Android\Android Studio\jre\bin\jli.dll
0x00007ffb5fd50000 - 0x00007ffb5fefc000 	C:\Windows\System32\USER32.dll
0x00007ffb4d410000 - 0x00007ffb4d6b5000 	C:\Windows\WinSxS\amd64_microsoft.windows.common-controls_6595b64144ccf1df_6.0.22000.120_none_9d947278b86cc467\COMCTL32.dll
0x00007ffb5d440000 - 0x00007ffb5d466000 	C:\Windows\System32\win32u.dll
0x00007ffb5f920000 - 0x00007ffb5f9c3000 	C:\Windows\System32\msvcrt.dll
0x00007ffb5ea10000 - 0x00007ffb5ea39000 	C:\Windows\System32\GDI32.dll
0x00007ffb5d7f0000 - 0x00007ffb5d902000 	C:\Windows\System32\gdi32full.dll
0x00007ffb5db40000 - 0x00007ffb5dbdd000 	C:\Windows\System32\msvcp_win.dll
0x00007ffb5ea50000 - 0x00007ffb5ea81000 	C:\Windows\System32\IMM32.DLL
0x00007ffb25310000 - 0x00007ffb253ad000 	C:\Program Files\Android\Android Studio\jre\bin\msvcp140.dll
0x00007ffb0f920000 - 0x00007ffb10405000 	C:\Program Files\Android\Android Studio\jre\bin\server\jvm.dll
0x00007ffb5e590000 - 0x00007ffb5e63e000 	C:\Windows\System32\ADVAPI32.dll
0x00007ffb5fbe0000 - 0x00007ffb5fc7e000 	C:\Windows\System32\sechost.dll
0x00007ffb5f800000 - 0x00007ffb5f920000 	C:\Windows\System32\RPCRT4.dll
0x00007ffb5ea40000 - 0x00007ffb5ea48000 	C:\Windows\System32\PSAPI.DLL
0x00007ffb59a50000 - 0x00007ffb59a59000 	C:\Windows\SYSTEM32\WSOCK32.dll
0x00007ffb588b0000 - 0x00007ffb588e3000 	C:\Windows\SYSTEM32\WINMM.dll
0x00007ffb5fc80000 - 0x00007ffb5fcef000 	C:\Windows\System32\WS2_32.dll
0x00007ffb57090000 - 0x00007ffb5709a000 	C:\Windows\SYSTEM32\VERSION.dll
0x00007ffb5c630000 - 0x00007ffb5c648000 	C:\Windows\SYSTEM32\kernel.appcore.dll
0x00007ffb58f60000 - 0x00007ffb58f71000 	C:\Program Files\Android\Android Studio\jre\bin\verify.dll
0x00007ffb5afb0000 - 0x00007ffb5b1d1000 	C:\Windows\SYSTEM32\DBGHELP.DLL
0x00007ffb567c0000 - 0x00007ffb567f1000 	C:\Windows\SYSTEM32\dbgcore.DLL
0x00007ffb5dd00000 - 0x00007ffb5dd7f000 	C:\Windows\System32\bcryptPrimitives.dll
0x00007ffb580f0000 - 0x00007ffb58119000 	C:\Program Files\Android\Android Studio\jre\bin\java.dll
0x00007ffb56890000 - 0x00007ffb5689b000 	C:\Program Files\Android\Android Studio\jre\bin\jimage.dll
0x00007ffb30660000 - 0x00007ffb30678000 	C:\Program Files\Android\Android Studio\jre\bin\zip.dll
0x00007ffb5ebd0000 - 0x00007ffb5f388000 	C:\Windows\System32\SHELL32.dll
0x00007ffb5b5c0000 - 0x00007ffb5be27000 	C:\Windows\SYSTEM32\windows.storage.dll
0x00007ffb5f480000 - 0x00007ffb5f7f9000 	C:\Windows\System32\combase.dll
0x00007ffb5b450000 - 0x00007ffb5b5b6000 	C:\Windows\SYSTEM32\wintypes.dll
0x00007ffb5ddf0000 - 0x00007ffb5deda000 	C:\Windows\System32\SHCORE.dll
0x00007ffb5eab0000 - 0x00007ffb5eb0d000 	C:\Windows\System32\shlwapi.dll
0x00007ffb5d370000 - 0x00007ffb5d391000 	C:\Windows\SYSTEM32\profapi.dll
0x00007ffb2f5e0000 - 0x00007ffb2f5fa000 	C:\Program Files\Android\Android Studio\jre\bin\net.dll
0x00007ffb57ef0000 - 0x00007ffb57ffc000 	C:\Windows\SYSTEM32\WINHTTP.dll
0x00007ffb5ca60000 - 0x00007ffb5cac7000 	C:\Windows\system32\mswsock.dll
0x00007ffb2e980000 - 0x00007ffb2e994000 	C:\Program Files\Android\Android Studio\jre\bin\nio.dll
0x00007ffb2d870000 - 0x00007ffb2d897000 	C:\Users\Santosh Sharma\.gradle\native\8bec1ad78214c89d9ad589b4d07fe93259594b29d510b10fafb7a158f7737e5d\windows-amd64\native-platform.dll
0x00007ffb2c330000 - 0x00007ffb2c46d000 	C:\Users\Santosh Sharma\.gradle\native\53dbd7edfb1c66fb8903c78663c9afc45aea4f116125fa6feffd364cf09443e8\windows-amd64\native-platform-file-events.dll
0x00007ffb55f80000 - 0x00007ffb55f8a000 	C:\Program Files\Android\Android Studio\jre\bin\management.dll
0x00007ffb50940000 - 0x00007ffb5094d000 	C:\Program Files\Android\Android Studio\jre\bin\management_ext.dll
0x00007ffb5cca0000 - 0x00007ffb5ccb8000 	C:\Windows\SYSTEM32\CRYPTSP.dll
0x00007ffb5c590000 - 0x00007ffb5c5c5000 	C:\Windows\system32\rsaenh.dll
0x00007ffb5cb50000 - 0x00007ffb5cb79000 	C:\Windows\SYSTEM32\USERENV.dll
0x00007ffb5ce20000 - 0x00007ffb5ce47000 	C:\Windows\SYSTEM32\bcrypt.dll
0x00007ffb5ccc0000 - 0x00007ffb5cccc000 	C:\Windows\SYSTEM32\CRYPTBASE.dll
0x00007ffb5c160000 - 0x00007ffb5c18d000 	C:\Windows\SYSTEM32\IPHLPAPI.DLL
0x00007ffb5fb70000 - 0x00007ffb5fb79000 	C:\Windows\System32\NSI.dll
0x00007ffb57d70000 - 0x00007ffb57d89000 	C:\Windows\SYSTEM32\dhcpcsvc6.DLL
0x00007ffb58590000 - 0x00007ffb585ae000 	C:\Windows\SYSTEM32\dhcpcsvc.DLL
0x00007ffb5c190000 - 0x00007ffb5c278000 	C:\Windows\SYSTEM32\DNSAPI.dll

dbghelp: loaded successfully - version: 4.0.5 - missing functions: none
symbol engine: initialized successfully - sym options: 0x614 - pdb path: .;C:\Program Files\Android\Android Studio\jre\bin;C:\Windows\SYSTEM32;C:\Windows\WinSxS\amd64_microsoft.windows.common-controls_6595b64144ccf1df_6.0.22000.120_none_9d947278b86cc467;C:\Program Files\Android\Android Studio\jre\bin\server;C:\Users\Santosh Sharma\.gradle\native\8bec1ad78214c89d9ad589b4d07fe93259594b29d510b10fafb7a158f7737e5d\windows-amd64;C:\Users\Santosh Sharma\.gradle\native\53dbd7edfb1c66fb8903c78663c9afc45aea4f116125fa6feffd364cf09443e8\windows-amd64

VM Arguments:
jvm_args: --add-opens=java.base/java.util=ALL-UNNAMED --add-opens=java.base/java.lang=ALL-UNNAMED --add-opens=java.base/java.lang.invoke=ALL-UNNAMED --add-opens=java.base/java.util=ALL-UNNAMED --add-opens=java.prefs/java.util.prefs=ALL-UNNAMED --add-opens=java.prefs/java.util.prefs=ALL-UNNAMED --add-opens=java.base/java.nio.charset=ALL-UNNAMED --add-opens=java.base/java.net=ALL-UNNAMED --add-opens=java.base/java.util.concurrent.atomic=ALL-UNNAMED -Xmx2048m -Dfile.encoding=UTF-8 -Duser.country=IN -Duser.language=en -Duser.variant 
java_command: org.gradle.launcher.daemon.bootstrap.GradleDaemon 7.1
java_class_path (initial): C:\Users\Santosh Sharma\.gradle\wrapper\dists\gradle-7.1-bin\4pslxx9lrxt5svtz5wbnb6tkz\gradle-7.1\lib\gradle-launcher-7.1.jar
Launcher Type: SUN_STANDARD

[Global flags]
     intx CICompilerCount                          = 4                                         {product} {ergonomic}
     uint ConcGCThreads                            = 2                                         {product} {ergonomic}
     uint G1ConcRefinementThreads                  = 8                                         {product} {ergonomic}
   size_t G1HeapRegionSize                         = 1048576                                   {product} {ergonomic}
    uintx GCDrainStackTargetSize                   = 64                                        {product} {ergonomic}
   size_t InitialHeapSize                          = 132120576                                 {product} {ergonomic}
   size_t MarkStackSize                            = 4194304                                   {product} {ergonomic}
   size_t MaxHeapSize                              = 2147483648                                {product} {command line}
   size_t MaxNewSize                               = 1287651328                                {product} {ergonomic}
   size_t MinHeapDeltaBytes                        = 1048576                                   {product} {ergonomic}
    uintx NonNMethodCodeHeapSize                   = 5836300                                {pd product} {ergonomic}
    uintx NonProfiledCodeHeapSize                  = 122910970                              {pd product} {ergonomic}
    uintx ProfiledCodeHeapSize                     = 122910970                              {pd product} {ergonomic}
    uintx ReservedCodeCacheSize                    = 251658240                              {pd product} {ergonomic}
     bool SegmentedCodeCache                       = true                                      {product} {ergonomic}
     bool UseCompressedClassPointers               = true                                 {lp64_product} {ergonomic}
     bool UseCompressedOops                        = true                                 {lp64_product} {ergonomic}
     bool UseG1GC                                  = true                                      {product} {ergonomic}
     bool UseLargePagesIndividualAllocation        = false                                  {pd product} {ergonomic}

Logging:
Log output configuration:
 #0: stdout all=warning uptime,level,tags
 #1: stderr all=off uptime,level,tags

Environment Variables:
PATH=C:\Program Files\Common Files\Oracle\Java\javapath;C:\Program Files (x86)\Common Files\Oracle\Java\javapath;C:\Windows\system32;C:\Windows;C:\Windows\System32\Wbem;C:\Windows\System32\WindowsPowerShell\v1.0\;C:\Windows\System32\OpenSSH\;C:\Program Files\Git\cmd;C:\Users\Santosh Sharma\AppData\Local\Microsoft\WindowsApps;C:\Users\Santosh Sharma\AppData\Local\Programs\Microsoft VS Code\bin;C:\flutter\flutter\bin;
USERNAME=Santosh Sharma
OS=Windows_NT
PROCESSOR_IDENTIFIER=Intel64 Family 6 Model 165 Stepping 2, GenuineIntel



---------------  S Y S T E M  ---------------

OS: Windows 10 , 64 bit Build 22000 (10.0.22000.708)
OS uptime: 7 days 1:35 hours

CPU:total 8 (initial active 8) (4 cores per cpu, 2 threads per core) family 6 model 165 stepping 2 microcode 0xe0, cmov, cx8, fxsr, mmx, sse, sse2, sse3, ssse3, sse4.1, sse4.2, popcnt, avx, avx2, aes, clmul, erms, 3dnowpref, lzcnt, ht, tsc, tscinvbit, bmi1, bmi2, adx, fma

Memory: 4k page, system-wide physical 8029M (449M free)
TotalPageFile size 32605M (AvailPageFile size 24M)
current process WorkingSet (physical memory assigned to process): 520M, peak: 526M
current process commit charge ("private bytes"): 559M, peak: 604M

vm_info: OpenJDK 64-Bit Server VM (11.0.12+7-b1504.28-7817840) for windows-amd64 JRE (11.0.12+7-b1504.28-7817840), built on Oct 13 2021 22:12:33 by "builder" with MS VC++ 14.0 (VS2015)

END.
